{
  "numFailedTestSuites": 0,
  "numFailedTests": 0,
  "numPassedTestSuites": 13,
  "numPassedTests": 70,
  "numPendingTestSuites": 0,
  "numPendingTests": 0,
  "numRuntimeErrorTestSuites": 0,
  "numTodoTests": 0,
  "numTotalTestSuites": 13,
  "numTotalTests": 70,
  "openHandles": [],
  "snapshot": {
    "added": 0,
    "didUpdate": false,
    "failure": false,
    "filesAdded": 0,
    "filesRemoved": 0,
    "filesRemovedList": [],
    "filesUnmatched": 0,
    "filesUpdated": 0,
    "matched": 0,
    "total": 0,
    "unchecked": 0,
    "uncheckedKeysByFile": [],
    "unmatched": 0,
    "updated": 0
  },
  "startTime": 1773553245229,
  "success": true,
  "testResults": [
    {
      "assertionResults": [
        {
          "ancestorTitles": ["Auth Middleware"],
          "duration": 10,
          "failing": false,
          "failureDetails": [],
          "failureMessages": [],
          "fullName": "Auth Middleware should authenticate bearer token",
          "invocations": 1,
          "location": null,
          "numPassingAsserts": 1,
          "retryReasons": [],
          "startAt": 1773553248030,
          "status": "passed",
          "title": "should authenticate bearer token"
        },
        {
          "ancestorTitles": ["Auth Middleware"],
          "duration": 13,
          "failing": false,
          "failureDetails": [],
          "failureMessages": [],
          "fullName": "Auth Middleware should throw error if authorization header missing",
          "invocations": 1,
          "location": null,
          "numPassingAsserts": 1,
          "retryReasons": [],
          "startAt": 1773553248041,
          "status": "passed",
          "title": "should throw error if authorization header missing"
        },
        {
          "ancestorTitles": ["Auth Middleware"],
          "duration": 1,
          "failing": false,
          "failureDetails": [],
          "failureMessages": [],
          "fullName": "Auth Middleware should authenticate api key",
          "invocations": 1,
          "location": null,
          "numPassingAsserts": 1,
          "retryReasons": [],
          "startAt": 1773553248055,
          "status": "passed",
          "title": "should authenticate api key"
        },
        {
          "ancestorTitles": ["Auth Middleware"],
          "duration": 2,
          "failing": false,
          "failureDetails": [],
          "failureMessages": [],
          "fullName": "Auth Middleware should throw error for invalid authorization format",
          "invocations": 1,
          "location": null,
          "numPassingAsserts": 1,
          "retryReasons": [],
          "startAt": 1773553248056,
          "status": "passed",
          "title": "should throw error for invalid authorization format"
        }
      ],
      "endTime": 1773553248060,
      "message": "",
      "name": "E:\\Mini Project\\AWE\\DEV\\awe-backend\\tests\\middlewares\\auth.middleware.test.ts",
      "startTime": 1773553246230,
      "status": "passed",
      "summary": ""
    },
    {
      "assertionResults": [
        {
          "ancestorTitles": ["ApiKey Service"],
          "duration": 15,
          "failing": false,
          "failureDetails": [],
          "failureMessages": [],
          "fullName": "ApiKey Service should return api keys",
          "invocations": 1,
          "location": null,
          "numPassingAsserts": 1,
          "retryReasons": [],
          "startAt": 1773553248206,
          "status": "passed",
          "title": "should return api keys"
        },
        {
          "ancestorTitles": ["ApiKey Service"],
          "duration": 19,
          "failing": false,
          "failureDetails": [],
          "failureMessages": [],
          "fullName": "ApiKey Service should throw error if actor is not organization",
          "invocations": 1,
          "location": null,
          "numPassingAsserts": 1,
          "retryReasons": [],
          "startAt": 1773553248222,
          "status": "passed",
          "title": "should throw error if actor is not organization"
        },
        {
          "ancestorTitles": ["ApiKey Service"],
          "duration": 1,
          "failing": false,
          "failureDetails": [],
          "failureMessages": [],
          "fullName": "ApiKey Service should throw error if environment missing",
          "invocations": 1,
          "location": null,
          "numPassingAsserts": 1,
          "retryReasons": [],
          "startAt": 1773553248242,
          "status": "passed",
          "title": "should throw error if environment missing"
        }
      ],
      "endTime": 1773553248245,
      "message": "",
      "name": "E:\\Mini Project\\AWE\\DEV\\awe-backend\\tests\\services\\apiKey.service.test.ts",
      "startTime": 1773553246215,
      "status": "passed",
      "summary": ""
    },
    {
      "assertionResults": [
        {
          "ancestorTitles": ["taskController", "getTask()"],
          "duration": 6,
          "failing": false,
          "failureDetails": [],
          "failureMessages": [],
          "fullName": "taskController getTask() calls res.json with the task when a valid UUID is provided and task is found",
          "invocations": 1,
          "location": null,
          "numPassingAsserts": 1,
          "retryReasons": [],
          "startAt": 1773553248959,
          "status": "passed",
          "title": "calls res.json with the task when a valid UUID is provided and task is found"
        },
        {
          "ancestorTitles": ["taskController", "getTask()"],
          "duration": 10,
          "failing": false,
          "failureDetails": [],
          "failureMessages": [],
          "fullName": "taskController getTask() throws NotFoundError when task is not found",
          "invocations": 1,
          "location": null,
          "numPassingAsserts": 1,
          "retryReasons": [],
          "startAt": 1773553248965,
          "status": "passed",
          "title": "throws NotFoundError when task is not found"
        },
        {
          "ancestorTitles": ["taskController", "getTask()"],
          "duration": 4,
          "failing": false,
          "failureDetails": [],
          "failureMessages": [],
          "fullName": "taskController getTask() throws ZodError when taskId is not a valid UUID",
          "invocations": 1,
          "location": null,
          "numPassingAsserts": 1,
          "retryReasons": [],
          "startAt": 1773553248976,
          "status": "passed",
          "title": "throws ZodError when taskId is not a valid UUID"
        },
        {
          "ancestorTitles": ["taskController", "getTask()"],
          "duration": 2,
          "failing": false,
          "failureDetails": [],
          "failureMessages": [],
          "fullName": "taskController getTask() throws ZodError when taskId param is missing",
          "invocations": 1,
          "location": null,
          "numPassingAsserts": 1,
          "retryReasons": [],
          "startAt": 1773553248980,
          "status": "passed",
          "title": "throws ZodError when taskId param is missing"
        },
        {
          "ancestorTitles": ["taskController", "getTask()"],
          "duration": 3,
          "failing": false,
          "failureDetails": [],
          "failureMessages": [],
          "fullName": "taskController getTask() propagates RepositoryError thrown by the service",
          "invocations": 1,
          "location": null,
          "numPassingAsserts": 1,
          "retryReasons": [],
          "startAt": 1773553248982,
          "status": "passed",
          "title": "propagates RepositoryError thrown by the service"
        }
      ],
      "endTime": 1773553248987,
      "message": "",
      "name": "E:\\Mini Project\\AWE\\DEV\\awe-backend\\tests\\controllers\\task.controller.test.ts",
      "startTime": 1773553248287,
      "status": "passed",
      "summary": ""
    },
    {
      "assertionResults": [
        {
          "ancestorTitles": ["Auth Service"],
          "duration": 11,
          "failing": false,
          "failureDetails": [],
          "failureMessages": [],
          "fullName": "Auth Service should login successfully",
          "invocations": 1,
          "location": null,
          "numPassingAsserts": 1,
          "retryReasons": [],
          "startAt": 1773553249030,
          "status": "passed",
          "title": "should login successfully"
        },
        {
          "ancestorTitles": ["Auth Service"],
          "duration": 23,
          "failing": false,
          "failureDetails": [],
          "failureMessages": [],
          "fullName": "Auth Service should throw error if password incorrect",
          "invocations": 1,
          "location": null,
          "numPassingAsserts": 1,
          "retryReasons": [],
          "startAt": 1773553249042,
          "status": "passed",
          "title": "should throw error if password incorrect"
        },
        {
          "ancestorTitles": ["Auth Service"],
          "duration": 3,
          "failing": false,
          "failureDetails": [],
          "failureMessages": [],
          "fullName": "Auth Service should throw error if user not found",
          "invocations": 1,
          "location": null,
          "numPassingAsserts": 1,
          "retryReasons": [],
          "startAt": 1773553249066,
          "status": "passed",
          "title": "should throw error if user not found"
        },
        {
          "ancestorTitles": ["Auth Service"],
          "duration": 2,
          "failing": false,
          "failureDetails": [],
          "failureMessages": [],
          "fullName": "Auth Service should generate new tokens using refresh token",
          "invocations": 1,
          "location": null,
          "numPassingAsserts": 1,
          "retryReasons": [],
          "startAt": 1773553249073,
          "status": "passed",
          "title": "should generate new tokens using refresh token"
        }
      ],
      "endTime": 1773553249076,
      "message": "",
      "name": "E:\\Mini Project\\AWE\\DEV\\awe-backend\\tests\\services\\auth.service.test.ts",
      "startTime": 1773553248122,
      "status": "passed",
      "summary": ""
    },
    {
      "assertionResults": [
        {
          "ancestorTitles": ["ExecutionEngine", "start()"],
          "duration": 16,
          "failing": false,
          "failureDetails": [],
          "failureMessages": [],
          "fullName": "ExecutionEngine start() happy path: start node COMPLETED, end node COMPLETED → instance status becomes completed",
          "invocations": 1,
          "location": null,
          "numPassingAsserts": 1,
          "retryReasons": [],
          "startAt": 1773553249044,
          "status": "passed",
          "title": "happy path: start node COMPLETED, end node COMPLETED → instance status becomes completed"
        },
        {
          "ancestorTitles": ["ExecutionEngine", "start()"],
          "duration": 34,
          "failing": false,
          "failureDetails": [],
          "failureMessages": [],
          "fullName": "ExecutionEngine start() nodeService throws → error propagates out of start()",
          "invocations": 1,
          "location": null,
          "numPassingAsserts": 1,
          "retryReasons": [],
          "startAt": 1773553249061,
          "status": "passed",
          "title": "nodeService throws → error propagates out of start()"
        },
        {
          "ancestorTitles": ["ExecutionEngine", "start()"],
          "duration": 3,
          "failing": false,
          "failureDetails": [],
          "failureMessages": [],
          "fullName": "ExecutionEngine start() StartNodeExecutor returns FAILED → instanceRepository.updateById called with status failed",
          "invocations": 1,
          "location": null,
          "numPassingAsserts": 2,
          "retryReasons": [],
          "startAt": 1773553249095,
          "status": "passed",
          "title": "StartNodeExecutor returns FAILED → instanceRepository.updateById called with status failed"
        },
        {
          "ancestorTitles": ["ExecutionEngine", "start()"],
          "duration": 2,
          "failing": false,
          "failureDetails": [],
          "failureMessages": [],
          "fullName": "ExecutionEngine start() StartNodeExecutor throws → treated as FAILED, instanceRepository.updateById called with failed",
          "invocations": 1,
          "location": null,
          "numPassingAsserts": 1,
          "retryReasons": [],
          "startAt": 1773553249098,
          "status": "passed",
          "title": "StartNodeExecutor throws → treated as FAILED, instanceRepository.updateById called with failed"
        },
        {
          "ancestorTitles": ["ExecutionEngine", "start()"],
          "duration": 1,
          "failing": false,
          "failureDetails": [],
          "failureMessages": [],
          "fullName": "ExecutionEngine start() no outgoing edges from start node → instance marked FAILED",
          "invocations": 1,
          "location": null,
          "numPassingAsserts": 1,
          "retryReasons": [],
          "startAt": 1773553249100,
          "status": "passed",
          "title": "no outgoing edges from start node → instance marked FAILED"
        },
        {
          "ancestorTitles": ["ExecutionEngine", "start()"],
          "duration": 1,
          "failing": false,
          "failureDetails": [],
          "failureMessages": [],
          "fullName": "ExecutionEngine start() EndNodeExecutor returns FAILED → instanceRepository.updateById called with status failed",
          "invocations": 1,
          "location": null,
          "numPassingAsserts": 1,
          "retryReasons": [],
          "startAt": 1773553249102,
          "status": "passed",
          "title": "EndNodeExecutor returns FAILED → instanceRepository.updateById called with status failed"
        },
        {
          "ancestorTitles": ["ExecutionEngine", "start()"],
          "duration": 1,
          "failing": false,
          "failureDetails": [],
          "failureMessages": [],
          "fullName": "ExecutionEngine start() EndNodeExecutor returns COMPLETED → instanceRepository.updateById called with status completed",
          "invocations": 1,
          "location": null,
          "numPassingAsserts": 1,
          "retryReasons": [],
          "startAt": 1773553249103,
          "status": "passed",
          "title": "EndNodeExecutor returns COMPLETED → instanceRepository.updateById called with status completed"
        },
        {
          "ancestorTitles": ["ExecutionEngine", "start()"],
          "duration": 20,
          "failing": false,
          "failureDetails": [],
          "failureMessages": [],
          "fullName": "ExecutionEngine start() next node has no registered executor → StateTransitionError propagates",
          "invocations": 1,
          "location": null,
          "numPassingAsserts": 1,
          "retryReasons": [],
          "startAt": 1773553249104,
          "status": "passed",
          "title": "next node has no registered executor → StateTransitionError propagates"
        },
        {
          "ancestorTitles": ["ExecutionEngine", "start()"],
          "duration": 11,
          "failing": false,
          "failureDetails": [],
          "failureMessages": [],
          "fullName": "ExecutionEngine start() edgeResolver throws StateTransitionError (broken decision) → instance marked FAILED",
          "invocations": 1,
          "location": null,
          "numPassingAsserts": 1,
          "retryReasons": [],
          "startAt": 1773553249125,
          "status": "passed",
          "title": "edgeResolver throws StateTransitionError (broken decision) → instance marked FAILED"
        },
        {
          "ancestorTitles": ["ExecutionEngine", "start()"],
          "duration": 1,
          "failing": false,
          "failureDetails": [],
          "failureMessages": [],
          "fullName": "ExecutionEngine start() taskRepository.insert is called once for start node and once for end node",
          "invocations": 1,
          "location": null,
          "numPassingAsserts": 1,
          "retryReasons": [],
          "startAt": 1773553249137,
          "status": "passed",
          "title": "taskRepository.insert is called once for start node and once for end node"
        },
        {
          "ancestorTitles": ["ExecutionEngine", "start()"],
          "duration": 1,
          "failing": false,
          "failureDetails": [],
          "failureMessages": [],
          "fullName": "ExecutionEngine start() taskExecutionRepository.insert is called twice (once per node)",
          "invocations": 1,
          "location": null,
          "numPassingAsserts": 1,
          "retryReasons": [],
          "startAt": 1773553249138,
          "status": "passed",
          "title": "taskExecutionRepository.insert is called twice (once per node)"
        },
        {
          "ancestorTitles": ["ExecutionEngine", "start()"],
          "duration": 1,
          "failing": false,
          "failureDetails": [],
          "failureMessages": [],
          "fullName": "ExecutionEngine start() constants from start node output are merged into current_variables before advancing",
          "invocations": 1,
          "location": null,
          "numPassingAsserts": 1,
          "retryReasons": [],
          "startAt": 1773553249140,
          "status": "passed",
          "title": "constants from start node output are merged into current_variables before advancing"
        }
      ],
      "endTime": 1773553249143,
      "message": "",
      "name": "E:\\Mini Project\\AWE\\DEV\\awe-backend\\tests\\engine\\ExecutionEngine.test.ts",
      "startTime": 1773553246206,
      "status": "passed",
      "summary": ""
    },
    {
      "assertionResults": [
        {
          "ancestorTitles": ["System Controller"],
          "duration": 6,
          "failing": false,
          "failureDetails": [],
          "failureMessages": [],
          "fullName": "System Controller should register system",
          "invocations": 1,
          "location": null,
          "numPassingAsserts": 1,
          "retryReasons": [],
          "startAt": 1773553249612,
          "status": "passed",
          "title": "should register system"
        }
      ],
      "endTime": 1773553249620,
      "message": "",
      "name": "E:\\Mini Project\\AWE\\DEV\\awe-backend\\tests\\controllers\\system.controller.test.ts",
      "startTime": 1773553249012,
      "status": "passed",
      "summary": ""
    },
    {
      "assertionResults": [
        {
          "ancestorTitles": ["Auth Controller"],
          "duration": 6,
          "failing": false,
          "failureDetails": [],
          "failureMessages": [],
          "fullName": "Auth Controller should login successfully",
          "invocations": 1,
          "location": null,
          "numPassingAsserts": 1,
          "retryReasons": [],
          "startAt": 1773553249741,
          "status": "passed",
          "title": "should login successfully"
        }
      ],
      "endTime": 1773553249749,
      "message": "",
      "name": "E:\\Mini Project\\AWE\\DEV\\awe-backend\\tests\\controllers\\auth.controller.test.ts",
      "startTime": 1773553249106,
      "status": "passed",
      "summary": ""
    },
    {
      "assertionResults": [
        {
          "ancestorTitles": ["API Key Controller"],
          "duration": 7,
          "failing": false,
          "failureDetails": [],
          "failureMessages": [],
          "fullName": "API Key Controller should list api keys",
          "invocations": 1,
          "location": null,
          "numPassingAsserts": 1,
          "retryReasons": [],
          "startAt": 1773553249757,
          "status": "passed",
          "title": "should list api keys"
        },
        {
          "ancestorTitles": ["API Key Controller"],
          "duration": 2,
          "failing": false,
          "failureDetails": [],
          "failureMessages": [],
          "fullName": "API Key Controller should generate new api key",
          "invocations": 1,
          "location": null,
          "numPassingAsserts": 1,
          "retryReasons": [],
          "startAt": 1773553249765,
          "status": "passed",
          "title": "should generate new api key"
        }
      ],
      "endTime": 1773553249769,
      "message": "",
      "name": "E:\\Mini Project\\AWE\\DEV\\awe-backend\\tests\\controllers\\apiKey.controller.test.ts",
      "startTime": 1773553249234,
      "status": "passed",
      "summary": ""
    },
    {
      "assertionResults": [
        {
          "ancestorTitles": ["EndNodeExecutor"],
          "duration": 15,
          "failing": false,
          "failureDetails": [],
          "failureMessages": [],
          "fullName": "EndNodeExecutor evaluates resultMap FEEL expressions and returns COMPLETED with correct outputVariables",
          "invocations": 1,
          "location": null,
          "numPassingAsserts": 2,
          "retryReasons": [],
          "startAt": 1773553250062,
          "status": "passed",
          "title": "evaluates resultMap FEEL expressions and returns COMPLETED with correct outputVariables"
        },
        {
          "ancestorTitles": ["EndNodeExecutor"],
          "duration": 1,
          "failing": false,
          "failureDetails": [],
          "failureMessages": [],
          "fullName": "EndNodeExecutor returns FAILED when configuration.success is false even when FEEL evaluation succeeds",
          "invocations": 1,
          "location": null,
          "numPassingAsserts": 1,
          "retryReasons": [],
          "startAt": 1773553250077,
          "status": "passed",
          "title": "returns FAILED when configuration.success is false even when FEEL evaluation succeeds"
        },
        {
          "ancestorTitles": ["EndNodeExecutor"],
          "duration": 4,
          "failing": false,
          "failureDetails": [],
          "failureMessages": [],
          "fullName": "EndNodeExecutor returns FAILED when FEEL expression produces evaluation warnings",
          "invocations": 1,
          "location": null,
          "numPassingAsserts": 2,
          "retryReasons": [],
          "startAt": 1773553250078,
          "status": "passed",
          "title": "returns FAILED when FEEL expression produces evaluation warnings"
        },
        {
          "ancestorTitles": ["EndNodeExecutor"],
          "duration": 4,
          "failing": false,
          "failureDetails": [],
          "failureMessages": [],
          "fullName": "EndNodeExecutor returns COMPLETED when validationExpression evaluates to true",
          "invocations": 1,
          "location": null,
          "numPassingAsserts": 1,
          "retryReasons": [],
          "startAt": 1773553250083,
          "status": "passed",
          "title": "returns COMPLETED when validationExpression evaluates to true"
        },
        {
          "ancestorTitles": ["EndNodeExecutor"],
          "duration": 3,
          "failing": false,
          "failureDetails": [],
          "failureMessages": [],
          "fullName": "EndNodeExecutor returns FAILED when validationExpression evaluates to false",
          "invocations": 1,
          "location": null,
          "numPassingAsserts": 1,
          "retryReasons": [],
          "startAt": 1773553250087,
          "status": "passed",
          "title": "returns FAILED when validationExpression evaluates to false"
        },
        {
          "ancestorTitles": ["EndNodeExecutor"],
          "duration": 2,
          "failing": false,
          "failureDetails": [],
          "failureMessages": [],
          "fullName": "EndNodeExecutor returns COMPLETED with empty outputVariables when resultMap is empty",
          "invocations": 1,
          "location": null,
          "numPassingAsserts": 2,
          "retryReasons": [],
          "startAt": 1773553250090,
          "status": "passed",
          "title": "returns COMPLETED with empty outputVariables when resultMap is empty"
        },
        {
          "ancestorTitles": ["EndNodeExecutor"],
          "duration": 16,
          "failing": false,
          "failureDetails": [],
          "failureMessages": [],
          "fullName": "EndNodeExecutor throws DataIntegrityError when node configuration is invalid",
          "invocations": 1,
          "location": null,
          "numPassingAsserts": 1,
          "retryReasons": [],
          "startAt": 1773553250092,
          "status": "passed",
          "title": "throws DataIntegrityError when node configuration is invalid"
        },
        {
          "ancestorTitles": ["EndNodeExecutor"],
          "duration": 2,
          "failing": false,
          "failureDetails": [],
          "failureMessages": [],
          "fullName": "EndNodeExecutor evaluates FEEL null literal to null without crashing",
          "invocations": 1,
          "location": null,
          "numPassingAsserts": 2,
          "retryReasons": [],
          "startAt": 1773553250108,
          "status": "passed",
          "title": "evaluates FEEL null literal to null without crashing"
        }
      ],
      "endTime": 1773553250111,
      "message": "",
      "name": "E:\\Mini Project\\AWE\\DEV\\awe-backend\\tests\\engine\\executors\\EndNodeExecutor.test.ts",
      "startTime": 1773553249644,
      "status": "passed",
      "summary": ""
    },
    {
      "assertionResults": [
        {
          "ancestorTitles": ["StartNodeExecutor"],
          "duration": 9,
          "failing": false,
          "failureDetails": [],
          "failureMessages": [],
          "fullName": "StartNodeExecutor maps constants correctly from instanceInputVariables",
          "invocations": 1,
          "location": null,
          "numPassingAsserts": 2,
          "retryReasons": [],
          "startAt": 1773553250156,
          "status": "passed",
          "title": "maps constants correctly from instanceInputVariables"
        },
        {
          "ancestorTitles": ["StartNodeExecutor"],
          "duration": 15,
          "failing": false,
          "failureDetails": [],
          "failureMessages": [],
          "fullName": "StartNodeExecutor puts input field with fetchableId into fetchables, not constants",
          "invocations": 1,
          "location": null,
          "numPassingAsserts": 3,
          "retryReasons": [],
          "startAt": 1773553250167,
          "status": "passed",
          "title": "puts input field with fetchableId into fetchables, not constants"
        },
        {
          "ancestorTitles": ["StartNodeExecutor"],
          "duration": 4,
          "failing": false,
          "failureDetails": [],
          "failureMessages": [],
          "fullName": "StartNodeExecutor evaluates FEEL urlExpression and stores the result in urls keyed by fetchable id",
          "invocations": 1,
          "location": null,
          "numPassingAsserts": 2,
          "retryReasons": [],
          "startAt": 1773553250182,
          "status": "passed",
          "title": "evaluates FEEL urlExpression and stores the result in urls keyed by fetchable id"
        },
        {
          "ancestorTitles": ["StartNodeExecutor"],
          "duration": 2,
          "failing": false,
          "failureDetails": [],
          "failureMessages": [],
          "fullName": "StartNodeExecutor returns COMPLETED with empty maps when inputDataMap and fetchables are empty",
          "invocations": 1,
          "location": null,
          "numPassingAsserts": 4,
          "retryReasons": [],
          "startAt": 1773553250187,
          "status": "passed",
          "title": "returns COMPLETED with empty maps when inputDataMap and fetchables are empty"
        },
        {
          "ancestorTitles": ["StartNodeExecutor"],
          "duration": 17,
          "failing": false,
          "failureDetails": [],
          "failureMessages": [],
          "fullName": "StartNodeExecutor throws DataIntegrityError when node configuration is invalid",
          "invocations": 1,
          "location": null,
          "numPassingAsserts": 1,
          "retryReasons": [],
          "startAt": 1773553250190,
          "status": "passed",
          "title": "throws DataIntegrityError when node configuration is invalid"
        },
        {
          "ancestorTitles": ["StartNodeExecutor"],
          "duration": 4,
          "failing": false,
          "failureDetails": [],
          "failureMessages": [],
          "fullName": "StartNodeExecutor throws DataIntegrityError when FEEL URL expression evaluates to a non-string",
          "invocations": 1,
          "location": null,
          "numPassingAsserts": 1,
          "retryReasons": [],
          "startAt": 1773553250207,
          "status": "passed",
          "title": "throws DataIntegrityError when FEEL URL expression evaluates to a non-string"
        },
        {
          "ancestorTitles": ["StartNodeExecutor"],
          "duration": 2,
          "failing": false,
          "failureDetails": [],
          "failureMessages": [],
          "fullName": "StartNodeExecutor ignores _context and _transaction params and still returns COMPLETED",
          "invocations": 1,
          "location": null,
          "numPassingAsserts": 1,
          "retryReasons": [],
          "startAt": 1773553250211,
          "status": "passed",
          "title": "ignores _context and _transaction params and still returns COMPLETED"
        }
      ],
      "endTime": 1773553250216,
      "message": "",
      "name": "E:\\Mini Project\\AWE\\DEV\\awe-backend\\tests\\engine\\executors\\StartNodeExecutor.test.ts",
      "startTime": 1773553249844,
      "status": "passed",
      "summary": ""
    },
    {
      "assertionResults": [
        {
          "ancestorTitles": ["taskService", "getTask()"],
          "duration": 4,
          "failing": false,
          "failureDetails": [],
          "failureMessages": [],
          "fullName": "taskService getTask() returns the task when repository resolves with a task",
          "invocations": 1,
          "location": null,
          "numPassingAsserts": 1,
          "retryReasons": [],
          "startAt": 1773553250386,
          "status": "passed",
          "title": "returns the task when repository resolves with a task"
        },
        {
          "ancestorTitles": ["taskService", "getTask()"],
          "duration": 1,
          "failing": false,
          "failureDetails": [],
          "failureMessages": [],
          "fullName": "taskService getTask() returns undefined when repository resolves with undefined",
          "invocations": 1,
          "location": null,
          "numPassingAsserts": 1,
          "retryReasons": [],
          "startAt": 1773553250391,
          "status": "passed",
          "title": "returns undefined when repository resolves with undefined"
        },
        {
          "ancestorTitles": ["taskService", "getTask()"],
          "duration": 16,
          "failing": false,
          "failureDetails": [],
          "failureMessages": [],
          "fullName": "taskService getTask() propagates RepositoryError thrown by the repository",
          "invocations": 1,
          "location": null,
          "numPassingAsserts": 1,
          "retryReasons": [],
          "startAt": 1773553250392,
          "status": "passed",
          "title": "propagates RepositoryError thrown by the repository"
        }
      ],
      "endTime": 1773553250409,
      "message": "",
      "name": "E:\\Mini Project\\AWE\\DEV\\awe-backend\\tests\\services\\task.service.test.ts",
      "startTime": 1773553249823,
      "status": "passed",
      "summary": ""
    },
    {
      "assertionResults": [
        {
          "ancestorTitles": ["ContextManager", "create()"],
          "duration": 4,
          "failing": false,
          "failureDetails": [],
          "failureMessages": [],
          "fullName": "ContextManager create() returns empty global and next scopes",
          "invocations": 1,
          "location": null,
          "numPassingAsserts": 2,
          "retryReasons": [],
          "startAt": 1773553250390,
          "status": "passed",
          "title": "returns empty global and next scopes"
        },
        {
          "ancestorTitles": ["ContextManager", "merge()"],
          "duration": 2,
          "failing": false,
          "failureDetails": [],
          "failureMessages": [],
          "fullName": "ContextManager merge() merges into GLOBAL scope and leaves next untouched",
          "invocations": 1,
          "location": null,
          "numPassingAsserts": 2,
          "retryReasons": [],
          "startAt": 1773553250394,
          "status": "passed",
          "title": "merges into GLOBAL scope and leaves next untouched"
        },
        {
          "ancestorTitles": ["ContextManager", "merge()"],
          "duration": 2,
          "failing": false,
          "failureDetails": [],
          "failureMessages": [],
          "fullName": "ContextManager merge() merges into NEXT scope and leaves global untouched",
          "invocations": 1,
          "location": null,
          "numPassingAsserts": 2,
          "retryReasons": [],
          "startAt": 1773553250396,
          "status": "passed",
          "title": "merges into NEXT scope and leaves global untouched"
        },
        {
          "ancestorTitles": ["ContextManager", "merge()"],
          "duration": 1,
          "failing": false,
          "failureDetails": [],
          "failureMessages": [],
          "fullName": "ContextManager merge() does not mutate the original context object",
          "invocations": 1,
          "location": null,
          "numPassingAsserts": 2,
          "retryReasons": [],
          "startAt": 1773553250400,
          "status": "passed",
          "title": "does not mutate the original context object"
        },
        {
          "ancestorTitles": ["ContextManager", "resolveForNode()"],
          "duration": 1,
          "failing": false,
          "failureDetails": [],
          "failureMessages": [],
          "fullName": "ContextManager resolveForNode() flattens global and next into one object",
          "invocations": 1,
          "location": null,
          "numPassingAsserts": 1,
          "retryReasons": [],
          "startAt": 1773553250401,
          "status": "passed",
          "title": "flattens global and next into one object"
        },
        {
          "ancestorTitles": ["ContextManager", "resolveForNode()"],
          "duration": 1,
          "failing": false,
          "failureDetails": [],
          "failureMessages": [],
          "fullName": "ContextManager resolveForNode() next scope values shadow global scope values for the same key",
          "invocations": 1,
          "location": null,
          "numPassingAsserts": 1,
          "retryReasons": [],
          "startAt": 1773553250402,
          "status": "passed",
          "title": "next scope values shadow global scope values for the same key"
        },
        {
          "ancestorTitles": ["ContextManager", "clearNextScope()"],
          "duration": 1,
          "failing": false,
          "failureDetails": [],
          "failureMessages": [],
          "fullName": "ContextManager clearNextScope() empties next and preserves global",
          "invocations": 1,
          "location": null,
          "numPassingAsserts": 2,
          "retryReasons": [],
          "startAt": 1773553250405,
          "status": "passed",
          "title": "empties next and preserves global"
        },
        {
          "ancestorTitles": ["ContextManager", "clearNextScope()"],
          "duration": 0,
          "failing": false,
          "failureDetails": [],
          "failureMessages": [],
          "fullName": "ContextManager clearNextScope() does not mutate the original context",
          "invocations": 1,
          "location": null,
          "numPassingAsserts": 1,
          "retryReasons": [],
          "startAt": 1773553250407,
          "status": "passed",
          "title": "does not mutate the original context"
        },
        {
          "ancestorTitles": ["ContextManager", "fromJson()"],
          "duration": 2,
          "failing": false,
          "failureDetails": [],
          "failureMessages": [],
          "fullName": "ContextManager fromJson() returns correct WorkflowContext from well-formed JSON",
          "invocations": 1,
          "location": null,
          "numPassingAsserts": 2,
          "retryReasons": [],
          "startAt": 1773553250407,
          "status": "passed",
          "title": "returns correct WorkflowContext from well-formed JSON"
        },
        {
          "ancestorTitles": ["ContextManager", "fromJson()"],
          "duration": 5,
          "failing": false,
          "failureDetails": [],
          "failureMessages": [],
          "fullName": "ContextManager fromJson() returns empty scopes when input is null",
          "invocations": 1,
          "location": null,
          "numPassingAsserts": 1,
          "retryReasons": [],
          "startAt": 1773553250410,
          "status": "passed",
          "title": "returns empty scopes when input is null"
        },
        {
          "ancestorTitles": ["ContextManager", "fromJson()"],
          "duration": 1,
          "failing": false,
          "failureDetails": [],
          "failureMessages": [],
          "fullName": "ContextManager fromJson() defaults global to empty object when key is missing",
          "invocations": 1,
          "location": null,
          "numPassingAsserts": 2,
          "retryReasons": [],
          "startAt": 1773553250415,
          "status": "passed",
          "title": "defaults global to empty object when key is missing"
        }
      ],
      "endTime": 1773553250419,
      "message": "",
      "name": "E:\\Mini Project\\AWE\\DEV\\awe-backend\\tests\\engine\\ContextManager.test.ts",
      "startTime": 1773553250241,
      "status": "passed",
      "summary": ""
    },
    {
      "assertionResults": [
        {
          "ancestorTitles": ["EdgeResolver", "non-decision nodes"],
          "duration": 5,
          "failing": false,
          "failureDetails": [],
          "failureMessages": [],
          "fullName": "EdgeResolver non-decision nodes returns the destination id for a single outgoing edge",
          "invocations": 1,
          "location": null,
          "numPassingAsserts": 1,
          "retryReasons": [],
          "startAt": 1773553250372,
          "status": "passed",
          "title": "returns the destination id for a single outgoing edge"
        },
        {
          "ancestorTitles": ["EdgeResolver", "non-decision nodes"],
          "duration": 2,
          "failing": false,
          "failureDetails": [],
          "failureMessages": [],
          "fullName": "EdgeResolver non-decision nodes returns all destination ids for multiple outgoing edges",
          "invocations": 1,
          "location": null,
          "numPassingAsserts": 2,
          "retryReasons": [],
          "startAt": 1773553250378,
          "status": "passed",
          "title": "returns all destination ids for multiple outgoing edges"
        },
        {
          "ancestorTitles": ["EdgeResolver", "non-decision nodes"],
          "duration": 1,
          "failing": false,
          "failureDetails": [],
          "failureMessages": [],
          "fullName": "EdgeResolver non-decision nodes returns empty array when there are no outgoing edges",
          "invocations": 1,
          "location": null,
          "numPassingAsserts": 1,
          "retryReasons": [],
          "startAt": 1773553250380,
          "status": "passed",
          "title": "returns empty array when there are no outgoing edges"
        },
        {
          "ancestorTitles": ["EdgeResolver", "non-decision nodes"],
          "duration": 2,
          "failing": false,
          "failureDetails": [],
          "failureMessages": [],
          "fullName": "EdgeResolver non-decision nodes excludes edges with null destination_node_id",
          "invocations": 1,
          "location": null,
          "numPassingAsserts": 1,
          "retryReasons": [],
          "startAt": 1773553250382,
          "status": "passed",
          "title": "excludes edges with null destination_node_id"
        },
        {
          "ancestorTitles": ["EdgeResolver", "non-decision nodes"],
          "duration": 0,
          "failing": false,
          "failureDetails": [],
          "failureMessages": [],
          "fullName": "EdgeResolver non-decision nodes treats completedNodeId not found in nodes as a non-decision node",
          "invocations": 1,
          "location": null,
          "numPassingAsserts": 1,
          "retryReasons": [],
          "startAt": 1773553250385,
          "status": "passed",
          "title": "treats completedNodeId not found in nodes as a non-decision node"
        },
        {
          "ancestorTitles": ["EdgeResolver", "decision nodes"],
          "duration": 11,
          "failing": false,
          "failureDetails": [],
          "failureMessages": [],
          "fullName": "EdgeResolver decision nodes returns destination of matching conditional edge",
          "invocations": 1,
          "location": null,
          "numPassingAsserts": 1,
          "retryReasons": [],
          "startAt": 1773553250386,
          "status": "passed",
          "title": "returns destination of matching conditional edge"
        },
        {
          "ancestorTitles": ["EdgeResolver", "decision nodes"],
          "duration": 3,
          "failing": false,
          "failureDetails": [],
          "failureMessages": [],
          "fullName": "EdgeResolver decision nodes falls back to default edge when no condition matches",
          "invocations": 1,
          "location": null,
          "numPassingAsserts": 1,
          "retryReasons": [],
          "startAt": 1773553250398,
          "status": "passed",
          "title": "falls back to default edge when no condition matches"
        },
        {
          "ancestorTitles": ["EdgeResolver", "decision nodes"],
          "duration": 25,
          "failing": false,
          "failureDetails": [],
          "failureMessages": [],
          "fullName": "EdgeResolver decision nodes throws StateTransitionError when no condition matches and no default edge",
          "invocations": 1,
          "location": null,
          "numPassingAsserts": 1,
          "retryReasons": [],
          "startAt": 1773553250401,
          "status": "passed",
          "title": "throws StateTransitionError when no condition matches and no default edge"
        },
        {
          "ancestorTitles": ["EdgeResolver", "decision nodes"],
          "duration": 4,
          "failing": false,
          "failureDetails": [],
          "failureMessages": [],
          "fullName": "EdgeResolver decision nodes returns all destinations when multiple conditions match",
          "invocations": 1,
          "location": null,
          "numPassingAsserts": 2,
          "retryReasons": [],
          "startAt": 1773553250426,
          "status": "passed",
          "title": "returns all destinations when multiple conditions match"
        }
      ],
      "endTime": 1773553250436,
      "message": "",
      "name": "E:\\Mini Project\\AWE\\DEV\\awe-backend\\tests\\engine\\EdgeResolver.test.ts",
      "startTime": 1773553250131,
      "status": "passed",
      "summary": ""
    }
  ],
  "wasInterrupted": false,
  "coverageMap": {
    "E:\\Mini Project\\AWE\\DEV\\awe-backend\\src\\middlewares\\auth.middleware.ts": {
      "path": "E:\\Mini Project\\AWE\\DEV\\awe-backend\\src\\middlewares\\auth.middleware.ts",
      "statementMap": {
        "0": {
          "start": { "line": 2, "column": 0 },
          "end": { "line": 2, "column": 51 }
        },
        "1": {
          "start": { "line": 4, "column": 0 },
          "end": { "line": 4, "column": 58 }
        },
        "2": {
          "start": { "line": 5, "column": 0 },
          "end": { "line": 5, "column": 62 }
        },
        "3": {
          "start": { "line": 15, "column": 35 },
          "end": { "line": 42, "column": 1 }
        },
        "4": {
          "start": { "line": 20, "column": 21 },
          "end": { "line": 20, "column": 46 }
        },
        "5": {
          "start": { "line": 21, "column": 2 },
          "end": { "line": 23, "column": 3 }
        },
        "6": {
          "start": { "line": 22, "column": 4 },
          "end": { "line": 22, "column": 26 }
        },
        "7": {
          "start": { "line": 25, "column": 24 },
          "end": { "line": 25, "column": 45 }
        },
        "8": {
          "start": { "line": 27, "column": 2 },
          "end": { "line": 29, "column": 3 }
        },
        "9": {
          "start": { "line": 28, "column": 4 },
          "end": { "line": 28, "column": 26 }
        },
        "10": {
          "start": { "line": 31, "column": 2 },
          "end": { "line": 34, "column": 3 }
        },
        "11": {
          "start": { "line": 32, "column": 4 },
          "end": { "line": 32, "column": 51 }
        },
        "12": {
          "start": { "line": 33, "column": 4 },
          "end": { "line": 33, "column": 18 }
        },
        "13": {
          "start": { "line": 36, "column": 2 },
          "end": { "line": 39, "column": 3 }
        },
        "14": {
          "start": { "line": 37, "column": 4 },
          "end": { "line": 37, "column": 59 }
        },
        "15": {
          "start": { "line": 38, "column": 4 },
          "end": { "line": 38, "column": 18 }
        },
        "16": {
          "start": { "line": 41, "column": 2 },
          "end": { "line": 41, "column": 24 }
        },
        "17": {
          "start": { "line": 15, "column": 13 },
          "end": { "line": 15, "column": 35 }
        }
      },
      "fnMap": {
        "0": {
          "name": "(anonymous_0)",
          "decl": {
            "start": { "line": 15, "column": 35 },
            "end": { "line": 15, "column": 40 }
          },
          "loc": {
            "start": { "line": 19, "column": 4 },
            "end": { "line": 42, "column": 1 }
          }
        }
      },
      "branchMap": {
        "0": {
          "loc": {
            "start": { "line": 21, "column": 2 },
            "end": { "line": 23, "column": 3 }
          },
          "type": "if",
          "locations": [
            {
              "start": { "line": 21, "column": 2 },
              "end": { "line": 23, "column": 3 }
            },
            { "start": {}, "end": {} }
          ]
        },
        "1": {
          "loc": {
            "start": { "line": 27, "column": 2 },
            "end": { "line": 29, "column": 3 }
          },
          "type": "if",
          "locations": [
            {
              "start": { "line": 27, "column": 2 },
              "end": { "line": 29, "column": 3 }
            },
            { "start": {}, "end": {} }
          ]
        },
        "2": {
          "loc": {
            "start": { "line": 27, "column": 6 },
            "end": { "line": 27, "column": 21 }
          },
          "type": "binary-expr",
          "locations": [
            {
              "start": { "line": 27, "column": 6 },
              "end": { "line": 27, "column": 11 }
            },
            {
              "start": { "line": 27, "column": 15 },
              "end": { "line": 27, "column": 21 }
            }
          ]
        },
        "3": {
          "loc": {
            "start": { "line": 31, "column": 2 },
            "end": { "line": 34, "column": 3 }
          },
          "type": "if",
          "locations": [
            {
              "start": { "line": 31, "column": 2 },
              "end": { "line": 34, "column": 3 }
            },
            { "start": {}, "end": {} }
          ]
        },
        "4": {
          "loc": {
            "start": { "line": 36, "column": 2 },
            "end": { "line": 39, "column": 3 }
          },
          "type": "if",
          "locations": [
            {
              "start": { "line": 36, "column": 2 },
              "end": { "line": 39, "column": 3 }
            },
            { "start": {}, "end": {} }
          ]
        }
      },
      "s": {
        "0": 1,
        "1": 1,
        "2": 1,
        "3": 1,
        "4": 4,
        "5": 4,
        "6": 1,
        "7": 3,
        "8": 3,
        "9": 1,
        "10": 2,
        "11": 1,
        "12": 1,
        "13": 1,
        "14": 1,
        "15": 1,
        "16": 0,
        "17": 1
      },
      "f": { "0": 4 },
      "b": { "0": [1, 3], "1": [1, 2], "2": [3, 3], "3": [1, 1], "4": [1, 0] }
    },
    "E:\\Mini Project\\AWE\\DEV\\awe-backend\\src\\errors\\AuthError.ts": {
      "path": "E:\\Mini Project\\AWE\\DEV\\awe-backend\\src\\errors\\AuthError.ts",
      "statementMap": {
        "0": {
          "start": { "line": 1, "column": 0 },
          "end": { "line": 1, "column": 41 }
        },
        "1": {
          "start": { "line": 5, "column": 4 },
          "end": { "line": 5, "column": 31 }
        },
        "2": {
          "start": { "line": 3, "column": 0 },
          "end": { "line": 3, "column": 13 }
        }
      },
      "fnMap": {
        "0": {
          "name": "(anonymous_0)",
          "decl": {
            "start": { "line": 4, "column": 2 },
            "end": { "line": 4, "column": 14 }
          },
          "loc": {
            "start": { "line": 4, "column": 70 },
            "end": { "line": 6, "column": 3 }
          }
        }
      },
      "branchMap": {
        "0": {
          "loc": {
            "start": { "line": 4, "column": 14 },
            "end": { "line": 4, "column": 53 }
          },
          "type": "default-arg",
          "locations": [
            {
              "start": { "line": 4, "column": 32 },
              "end": { "line": 4, "column": 53 }
            }
          ]
        }
      },
      "s": { "0": 7, "1": 5, "2": 7 },
      "f": { "0": 5 },
      "b": { "0": [5] }
    },
    "E:\\Mini Project\\AWE\\DEV\\awe-backend\\src\\errors\\AppError.ts": {
      "path": "E:\\Mini Project\\AWE\\DEV\\awe-backend\\src\\errors\\AppError.ts",
      "statementMap": {
        "0": {
          "start": { "line": 7, "column": 4 },
          "end": { "line": 7, "column": 19 }
        },
        "1": {
          "start": { "line": 3, "column": 18 },
          "end": { "line": 3, "column": 39 }
        },
        "2": {
          "start": { "line": 8, "column": 4 },
          "end": { "line": 8, "column": 33 }
        },
        "3": {
          "start": { "line": 9, "column": 4 },
          "end": { "line": 9, "column": 23 }
        },
        "4": {
          "start": { "line": 11, "column": 4 },
          "end": { "line": 11, "column": 52 }
        },
        "5": {
          "start": { "line": 1, "column": 0 },
          "end": { "line": 1, "column": 13 }
        }
      },
      "fnMap": {
        "0": {
          "name": "(anonymous_0)",
          "decl": {
            "start": { "line": 6, "column": 2 },
            "end": { "line": 6, "column": 14 }
          },
          "loc": {
            "start": { "line": 6, "column": 64 },
            "end": { "line": 12, "column": 3 }
          }
        }
      },
      "branchMap": {
        "0": {
          "loc": {
            "start": { "line": 6, "column": 31 },
            "end": { "line": 6, "column": 47 }
          },
          "type": "default-arg",
          "locations": [
            {
              "start": { "line": 6, "column": 44 },
              "end": { "line": 6, "column": 47 }
            }
          ]
        }
      },
      "s": { "0": 15, "1": 15, "2": 15, "3": 15, "4": 15, "5": 26 },
      "f": { "0": 15 },
      "b": { "0": [7] }
    },
    "E:\\Mini Project\\AWE\\DEV\\awe-backend\\src\\services\\auth.service.ts": {
      "path": "E:\\Mini Project\\AWE\\DEV\\awe-backend\\src\\services\\auth.service.ts",
      "statementMap": {
        "0": {
          "start": { "line": 1, "column": 0 },
          "end": { "line": 1, "column": 28 }
        },
        "1": {
          "start": { "line": 2, "column": 0 },
          "end": { "line": 2, "column": 31 }
        },
        "2": {
          "start": { "line": 3, "column": 0 },
          "end": { "line": 3, "column": 84 }
        },
        "3": {
          "start": { "line": 5, "column": 0 },
          "end": { "line": 5, "column": 34 }
        },
        "4": {
          "start": { "line": 6, "column": 0 },
          "end": { "line": 6, "column": 51 }
        },
        "5": {
          "start": { "line": 7, "column": 0 },
          "end": { "line": 7, "column": 84 }
        },
        "6": {
          "start": { "line": 9, "column": 0 },
          "end": { "line": 9, "column": 41 }
        },
        "7": {
          "start": { "line": 10, "column": 0 },
          "end": { "line": 10, "column": 49 }
        },
        "8": {
          "start": { "line": 11, "column": 0 },
          "end": { "line": 11, "column": 59 }
        },
        "9": {
          "start": { "line": 18, "column": 23 },
          "end": { "line": 44, "column": 1 }
        },
        "10": {
          "start": { "line": 19, "column": 22 },
          "end": { "line": 21, "column": 4 }
        },
        "11": {
          "start": { "line": 23, "column": 25 },
          "end": { "line": 23, "column": 37 }
        },
        "12": {
          "start": { "line": 24, "column": 23 },
          "end": { "line": 29, "column": null }
        },
        "13": {
          "start": { "line": 32, "column": 20 },
          "end": { "line": 32, "column": 30 }
        },
        "14": {
          "start": { "line": 33, "column": 2 },
          "end": { "line": 35, "column": 4 }
        },
        "15": {
          "start": { "line": 37, "column": 2 },
          "end": { "line": 42, "column": 5 }
        },
        "16": {
          "start": { "line": 43, "column": 2 },
          "end": { "line": 43, "column": 39 }
        },
        "17": {
          "start": { "line": 46, "column": 13 },
          "end": { "line": 119, "column": 2 }
        },
        "18": {
          "start": { "line": 48, "column": 19 },
          "end": { "line": 48, "column": 79 }
        },
        "19": {
          "start": { "line": 50, "column": 4 },
          "end": { "line": 55, "column": 5 }
        },
        "20": {
          "start": { "line": 54, "column": 6 },
          "end": { "line": 54, "column": 28 }
        },
        "21": {
          "start": { "line": 57, "column": 4 },
          "end": { "line": 62, "column": 6 }
        },
        "22": {
          "start": { "line": 66, "column": 4 },
          "end": { "line": 86, "column": 5 }
        },
        "23": {
          "start": { "line": 67, "column": 40 },
          "end": { "line": 69, "column": null }
        },
        "24": {
          "start": { "line": 72, "column": 6 },
          "end": { "line": 72, "column": 62 }
        },
        "25": {
          "start": { "line": 74, "column": 27 },
          "end": { "line": 74, "column": 79 }
        },
        "26": {
          "start": { "line": 75, "column": 6 },
          "end": { "line": 77, "column": 7 }
        },
        "27": {
          "start": { "line": 76, "column": 8 },
          "end": { "line": 76, "column": 30 }
        },
        "28": {
          "start": { "line": 79, "column": 6 },
          "end": { "line": 79, "column": 58 }
        },
        "29": {
          "start": { "line": 81, "column": 6 },
          "end": { "line": 83, "column": 7 }
        },
        "30": {
          "start": { "line": 82, "column": 8 },
          "end": { "line": 82, "column": 18 }
        },
        "31": {
          "start": { "line": 85, "column": 6 },
          "end": { "line": 85, "column": 28 }
        },
        "32": {
          "start": { "line": 90, "column": 4 },
          "end": { "line": 101, "column": 5 }
        },
        "33": {
          "start": { "line": 91, "column": 33 },
          "end": { "line": 93, "column": null }
        },
        "34": {
          "start": { "line": 96, "column": 6 },
          "end": { "line": 96, "column": 62 }
        },
        "35": {
          "start": { "line": 98, "column": 6 },
          "end": { "line": 100, "column": 7 }
        },
        "36": {
          "start": { "line": 99, "column": 8 },
          "end": { "line": 99, "column": 18 }
        },
        "37": {
          "start": { "line": 105, "column": 4 },
          "end": { "line": 117, "column": 5 }
        },
        "38": {
          "start": { "line": 106, "column": 22 },
          "end": { "line": 106, "column": null }
        },
        "39": {
          "start": { "line": 110, "column": 6 },
          "end": { "line": 110, "column": 27 }
        },
        "40": {
          "start": { "line": 112, "column": 6 },
          "end": { "line": 114, "column": 7 }
        },
        "41": {
          "start": { "line": 113, "column": 8 },
          "end": { "line": 113, "column": 57 }
        },
        "42": {
          "start": { "line": 116, "column": 6 },
          "end": { "line": 116, "column": 16 }
        }
      },
      "fnMap": {
        "0": {
          "name": "(anonymous_1)",
          "decl": {
            "start": { "line": 18, "column": 23 },
            "end": { "line": 18, "column": 28 }
          },
          "loc": {
            "start": { "line": 18, "column": 75 },
            "end": { "line": 44, "column": 1 }
          }
        },
        "1": {
          "name": "(anonymous_2)",
          "decl": {
            "start": { "line": 47, "column": 9 },
            "end": { "line": 47, "column": 14 }
          },
          "loc": {
            "start": { "line": 47, "column": 51 },
            "end": { "line": 63, "column": 3 }
          }
        },
        "2": {
          "name": "(anonymous_3)",
          "decl": {
            "start": { "line": 65, "column": 11 },
            "end": { "line": 65, "column": 16 }
          },
          "loc": {
            "start": { "line": 65, "column": 42 },
            "end": { "line": 87, "column": 3 }
          }
        },
        "3": {
          "name": "(anonymous_4)",
          "decl": {
            "start": { "line": 89, "column": 10 },
            "end": { "line": 89, "column": 15 }
          },
          "loc": {
            "start": { "line": 89, "column": 41 },
            "end": { "line": 102, "column": 3 }
          }
        },
        "4": {
          "name": "(anonymous_5)",
          "decl": {
            "start": { "line": 104, "column": 19 },
            "end": { "line": 104, "column": 20 }
          },
          "loc": {
            "start": { "line": 104, "column": 43 },
            "end": { "line": 118, "column": 3 }
          }
        }
      },
      "branchMap": {
        "0": {
          "loc": {
            "start": { "line": 50, "column": 4 },
            "end": { "line": 55, "column": 5 }
          },
          "type": "if",
          "locations": [
            {
              "start": { "line": 50, "column": 4 },
              "end": { "line": 55, "column": 5 }
            },
            { "start": {}, "end": {} }
          ]
        },
        "1": {
          "loc": {
            "start": { "line": 51, "column": 6 },
            "end": { "line": 52, "column": 73 }
          },
          "type": "binary-expr",
          "locations": [
            {
              "start": { "line": 51, "column": 6 },
              "end": { "line": 51, "column": 13 }
            },
            {
              "start": { "line": 52, "column": 6 },
              "end": { "line": 52, "column": 73 }
            }
          ]
        },
        "2": {
          "loc": {
            "start": { "line": 75, "column": 6 },
            "end": { "line": 77, "column": 7 }
          },
          "type": "if",
          "locations": [
            {
              "start": { "line": 75, "column": 6 },
              "end": { "line": 77, "column": 7 }
            },
            { "start": {}, "end": {} }
          ]
        },
        "3": {
          "loc": {
            "start": { "line": 81, "column": 6 },
            "end": { "line": 83, "column": 7 }
          },
          "type": "if",
          "locations": [
            {
              "start": { "line": 81, "column": 6 },
              "end": { "line": 83, "column": 7 }
            },
            { "start": {}, "end": {} }
          ]
        },
        "4": {
          "loc": {
            "start": { "line": 81, "column": 10 },
            "end": { "line": 81, "column": 68 }
          },
          "type": "binary-expr",
          "locations": [
            {
              "start": { "line": 81, "column": 10 },
              "end": { "line": 81, "column": 33 }
            },
            {
              "start": { "line": 81, "column": 37 },
              "end": { "line": 81, "column": 68 }
            }
          ]
        },
        "5": {
          "loc": {
            "start": { "line": 98, "column": 6 },
            "end": { "line": 100, "column": 7 }
          },
          "type": "if",
          "locations": [
            {
              "start": { "line": 98, "column": 6 },
              "end": { "line": 100, "column": 7 }
            },
            { "start": {}, "end": {} }
          ]
        },
        "6": {
          "loc": {
            "start": { "line": 98, "column": 10 },
            "end": { "line": 98, "column": 68 }
          },
          "type": "binary-expr",
          "locations": [
            {
              "start": { "line": 98, "column": 10 },
              "end": { "line": 98, "column": 33 }
            },
            {
              "start": { "line": 98, "column": 37 },
              "end": { "line": 98, "column": 68 }
            }
          ]
        },
        "7": {
          "loc": {
            "start": { "line": 112, "column": 6 },
            "end": { "line": 114, "column": 7 }
          },
          "type": "if",
          "locations": [
            {
              "start": { "line": 112, "column": 6 },
              "end": { "line": 114, "column": 7 }
            },
            { "start": {}, "end": {} }
          ]
        }
      },
      "s": {
        "0": 3,
        "1": 3,
        "2": 3,
        "3": 3,
        "4": 3,
        "5": 3,
        "6": 3,
        "7": 3,
        "8": 3,
        "9": 3,
        "10": 2,
        "11": 2,
        "12": 2,
        "13": 2,
        "14": 2,
        "15": 2,
        "16": 2,
        "17": 3,
        "18": 3,
        "19": 3,
        "20": 2,
        "21": 1,
        "22": 1,
        "23": 1,
        "24": 1,
        "25": 1,
        "26": 1,
        "27": 0,
        "28": 1,
        "29": 0,
        "30": 0,
        "31": 0,
        "32": 0,
        "33": 0,
        "34": 0,
        "35": 0,
        "36": 0,
        "37": 0,
        "38": 0,
        "39": 0,
        "40": 0,
        "41": 0,
        "42": 0
      },
      "f": { "0": 2, "1": 3, "2": 1, "3": 0, "4": 0 },
      "b": {
        "0": [2, 1],
        "1": [3, 2],
        "2": [0, 1],
        "3": [0, 0],
        "4": [0, 0],
        "5": [0, 0],
        "6": [0, 0],
        "7": [0, 0]
      }
    },
    "E:\\Mini Project\\AWE\\DEV\\awe-backend\\src\\repositories\\organization.repository.ts": {
      "path": "E:\\Mini Project\\AWE\\DEV\\awe-backend\\src\\repositories\\organization.repository.ts",
      "statementMap": {
        "0": {
          "start": { "line": 1, "column": 0 },
          "end": { "line": 1, "column": 60 }
        },
        "1": {
          "start": { "line": 2, "column": 0 },
          "end": { "line": 2, "column": 61 }
        },
        "2": {
          "start": { "line": 3, "column": 0 },
          "end": { "line": 3, "column": 63 }
        },
        "3": {
          "start": { "line": 16, "column": 13 },
          "end": { "line": 184, "column": 2 }
        },
        "4": {
          "start": { "line": 18, "column": 4 },
          "end": { "line": 23, "column": 26 }
        },
        "5": {
          "start": { "line": 27, "column": 4 },
          "end": { "line": 32, "column": 26 }
        },
        "6": {
          "start": { "line": 36, "column": 4 },
          "end": { "line": 40, "column": 26 }
        },
        "7": {
          "start": { "line": 55, "column": 19 },
          "end": { "line": 91, "column": 25 }
        },
        "8": {
          "start": { "line": 64, "column": 22 },
          "end": { "line": 90, "column": 8 }
        },
        "9": {
          "start": { "line": 93, "column": 4 },
          "end": { "line": 95, "column": 5 }
        },
        "10": {
          "start": { "line": 94, "column": 6 },
          "end": { "line": 94, "column": 20 }
        },
        "11": {
          "start": { "line": 97, "column": 4 },
          "end": { "line": 131, "column": 6 }
        },
        "12": {
          "start": { "line": 138, "column": 4 },
          "end": { "line": 154, "column": 5 }
        },
        "13": {
          "start": { "line": 139, "column": 6 },
          "end": { "line": 143, "column": 35 }
        },
        "14": {
          "start": { "line": 145, "column": 6 },
          "end": { "line": 151, "column": 7 }
        },
        "15": {
          "start": { "line": 150, "column": 8 },
          "end": { "line": 150, "column": 42 }
        },
        "16": {
          "start": { "line": 153, "column": 6 },
          "end": { "line": 153, "column": 67 }
        },
        "17": {
          "start": { "line": 162, "column": 4 },
          "end": { "line": 164, "column": 5 }
        },
        "18": {
          "start": { "line": 163, "column": 6 },
          "end": { "line": 163, "column": 18 }
        },
        "19": {
          "start": { "line": 166, "column": 4 },
          "end": { "line": 172, "column": 26 }
        },
        "20": {
          "start": { "line": 176, "column": 4 },
          "end": { "line": 182, "column": 26 }
        }
      },
      "fnMap": {
        "0": {
          "name": "(anonymous_0)",
          "decl": {
            "start": { "line": 17, "column": 12 },
            "end": { "line": 17, "column": 17 }
          },
          "loc": {
            "start": { "line": 17, "column": 64 },
            "end": { "line": 24, "column": 3 }
          }
        },
        "1": {
          "name": "(anonymous_1)",
          "decl": {
            "start": { "line": 26, "column": 15 },
            "end": { "line": 26, "column": 20 }
          },
          "loc": {
            "start": { "line": 26, "column": 70 },
            "end": { "line": 33, "column": 3 }
          }
        },
        "2": {
          "name": "(anonymous_2)",
          "decl": {
            "start": { "line": 35, "column": 17 },
            "end": { "line": 35, "column": 22 }
          },
          "loc": {
            "start": { "line": 35, "column": 74 },
            "end": { "line": 41, "column": 3 }
          }
        },
        "3": {
          "name": "(anonymous_3)",
          "decl": {
            "start": { "line": 43, "column": 28 },
            "end": { "line": 43, "column": 33 }
          },
          "loc": {
            "start": { "line": 54, "column": 6 },
            "end": { "line": 132, "column": 3 }
          }
        },
        "4": {
          "name": "(anonymous_4)",
          "decl": {
            "start": { "line": 64, "column": 14 },
            "end": { "line": 64, "column": 15 }
          },
          "loc": {
            "start": { "line": 64, "column": 22 },
            "end": { "line": 90, "column": 8 }
          }
        },
        "5": {
          "name": "(anonymous_5)",
          "decl": {
            "start": { "line": 134, "column": 10 },
            "end": { "line": 134, "column": 15 }
          },
          "loc": {
            "start": { "line": 137, "column": 34 },
            "end": { "line": 155, "column": 3 }
          }
        },
        "6": {
          "name": "(anonymous_6)",
          "decl": {
            "start": { "line": 157, "column": 14 },
            "end": { "line": 157, "column": 19 }
          },
          "loc": {
            "start": { "line": 161, "column": 6 },
            "end": { "line": 173, "column": 3 }
          }
        },
        "7": {
          "name": "(anonymous_7)",
          "decl": {
            "start": { "line": 175, "column": 14 },
            "end": { "line": 175, "column": 19 }
          },
          "loc": {
            "start": { "line": 175, "column": 66 },
            "end": { "line": 183, "column": 3 }
          }
        }
      },
      "branchMap": {
        "0": {
          "loc": {
            "start": { "line": 18, "column": 18 },
            "end": { "line": 18, "column": 35 }
          },
          "type": "binary-expr",
          "locations": [
            {
              "start": { "line": 18, "column": 18 },
              "end": { "line": 18, "column": 29 }
            },
            {
              "start": { "line": 18, "column": 33 },
              "end": { "line": 18, "column": 35 }
            }
          ]
        },
        "1": {
          "loc": {
            "start": { "line": 27, "column": 18 },
            "end": { "line": 27, "column": 35 }
          },
          "type": "binary-expr",
          "locations": [
            {
              "start": { "line": 27, "column": 18 },
              "end": { "line": 27, "column": 29 }
            },
            {
              "start": { "line": 27, "column": 33 },
              "end": { "line": 27, "column": 35 }
            }
          ]
        },
        "2": {
          "loc": {
            "start": { "line": 36, "column": 18 },
            "end": { "line": 36, "column": 35 }
          },
          "type": "binary-expr",
          "locations": [
            {
              "start": { "line": 36, "column": 18 },
              "end": { "line": 36, "column": 29 }
            },
            {
              "start": { "line": 36, "column": 33 },
              "end": { "line": 36, "column": 35 }
            }
          ]
        },
        "3": {
          "loc": {
            "start": { "line": 55, "column": 26 },
            "end": { "line": 55, "column": 43 }
          },
          "type": "binary-expr",
          "locations": [
            {
              "start": { "line": 55, "column": 26 },
              "end": { "line": 55, "column": 37 }
            },
            {
              "start": { "line": 55, "column": 41 },
              "end": { "line": 55, "column": 43 }
            }
          ]
        },
        "4": {
          "loc": {
            "start": { "line": 93, "column": 4 },
            "end": { "line": 95, "column": 5 }
          },
          "type": "if",
          "locations": [
            {
              "start": { "line": 93, "column": 4 },
              "end": { "line": 95, "column": 5 }
            },
            { "start": {}, "end": {} }
          ]
        },
        "5": {
          "loc": {
            "start": { "line": 139, "column": 20 },
            "end": { "line": 139, "column": 37 }
          },
          "type": "binary-expr",
          "locations": [
            {
              "start": { "line": 139, "column": 20 },
              "end": { "line": 139, "column": 31 }
            },
            {
              "start": { "line": 139, "column": 35 },
              "end": { "line": 139, "column": 37 }
            }
          ]
        },
        "6": {
          "loc": {
            "start": { "line": 145, "column": 6 },
            "end": { "line": 151, "column": 7 }
          },
          "type": "if",
          "locations": [
            {
              "start": { "line": 145, "column": 6 },
              "end": { "line": 151, "column": 7 }
            },
            { "start": {}, "end": {} }
          ]
        },
        "7": {
          "loc": {
            "start": { "line": 146, "column": 8 },
            "end": { "line": 148, "column": 51 }
          },
          "type": "binary-expr",
          "locations": [
            {
              "start": { "line": 146, "column": 8 },
              "end": { "line": 146, "column": 22 }
            },
            {
              "start": { "line": 147, "column": 8 },
              "end": { "line": 147, "column": 49 }
            },
            {
              "start": { "line": 148, "column": 8 },
              "end": { "line": 148, "column": 51 }
            }
          ]
        },
        "8": {
          "loc": {
            "start": { "line": 162, "column": 4 },
            "end": { "line": 164, "column": 5 }
          },
          "type": "if",
          "locations": [
            {
              "start": { "line": 162, "column": 4 },
              "end": { "line": 164, "column": 5 }
            },
            { "start": {}, "end": {} }
          ]
        },
        "9": {
          "loc": {
            "start": { "line": 166, "column": 18 },
            "end": { "line": 166, "column": 35 }
          },
          "type": "binary-expr",
          "locations": [
            {
              "start": { "line": 166, "column": 18 },
              "end": { "line": 166, "column": 29 }
            },
            {
              "start": { "line": 166, "column": 33 },
              "end": { "line": 166, "column": 35 }
            }
          ]
        },
        "10": {
          "loc": {
            "start": { "line": 176, "column": 18 },
            "end": { "line": 176, "column": 35 }
          },
          "type": "binary-expr",
          "locations": [
            {
              "start": { "line": 176, "column": 18 },
              "end": { "line": 176, "column": 29 }
            },
            {
              "start": { "line": 176, "column": 33 },
              "end": { "line": 176, "column": 35 }
            }
          ]
        }
      },
      "s": {
        "0": 4,
        "1": 4,
        "2": 4,
        "3": 4,
        "4": 0,
        "5": 0,
        "6": 0,
        "7": 0,
        "8": 0,
        "9": 0,
        "10": 0,
        "11": 0,
        "12": 0,
        "13": 0,
        "14": 0,
        "15": 0,
        "16": 0,
        "17": 0,
        "18": 0,
        "19": 0,
        "20": 0
      },
      "f": { "0": 0, "1": 0, "2": 0, "3": 0, "4": 0, "5": 0, "6": 0, "7": 0 },
      "b": {
        "0": [0, 0],
        "1": [0, 0],
        "2": [0, 0],
        "3": [0, 0],
        "4": [0, 0],
        "5": [0, 0],
        "6": [0, 0],
        "7": [0, 0, 0],
        "8": [0, 0],
        "9": [0, 0],
        "10": [0, 0]
      }
    },
    "E:\\Mini Project\\AWE\\DEV\\awe-backend\\src\\config.ts": {
      "path": "E:\\Mini Project\\AWE\\DEV\\awe-backend\\src\\config.ts",
      "statementMap": {
        "0": {
          "start": { "line": 1, "column": 0 },
          "end": { "line": 1, "column": 48 }
        },
        "1": {
          "start": { "line": 3, "column": 15 },
          "end": { "line": 11, "column": 2 }
        },
        "2": {
          "start": { "line": 14, "column": 18 },
          "end": { "line": 16, "column": 24 }
        },
        "3": {
          "start": { "line": 15, "column": 28 },
          "end": { "line": 15, "column": 34 }
        },
        "4": {
          "start": { "line": 16, "column": 20 },
          "end": { "line": 16, "column": 23 }
        },
        "5": {
          "start": { "line": 18, "column": 2 },
          "end": { "line": 20, "column": 3 }
        },
        "6": {
          "start": { "line": 19, "column": 4 },
          "end": { "line": 19, "column": 79 }
        },
        "7": {
          "start": { "line": 23, "column": 0 },
          "end": { "line": 23, "column": 23 }
        },
        "8": {
          "start": { "line": 26, "column": 0 },
          "end": { "line": 26, "column": 36 }
        }
      },
      "fnMap": {
        "0": {
          "name": "validateConfig",
          "decl": {
            "start": { "line": 13, "column": 9 },
            "end": { "line": 13, "column": 23 }
          },
          "loc": {
            "start": { "line": 13, "column": 66 },
            "end": { "line": 21, "column": 1 }
          }
        },
        "1": {
          "name": "(anonymous_1)",
          "decl": {
            "start": { "line": 15, "column": 12 },
            "end": { "line": 15, "column": 13 }
          },
          "loc": {
            "start": { "line": 15, "column": 28 },
            "end": { "line": 15, "column": 34 }
          }
        },
        "2": {
          "name": "(anonymous_2)",
          "decl": {
            "start": { "line": 16, "column": 9 },
            "end": { "line": 16, "column": 10 }
          },
          "loc": {
            "start": { "line": 16, "column": 20 },
            "end": { "line": 16, "column": 23 }
          }
        }
      },
      "branchMap": {
        "0": {
          "loc": {
            "start": { "line": 18, "column": 2 },
            "end": { "line": 20, "column": 3 }
          },
          "type": "if",
          "locations": [
            {
              "start": { "line": 18, "column": 2 },
              "end": { "line": 20, "column": 3 }
            },
            { "start": {}, "end": {} }
          ]
        }
      },
      "s": {
        "0": 18,
        "1": 18,
        "2": 18,
        "3": 126,
        "4": 0,
        "5": 18,
        "6": 0,
        "7": 18,
        "8": 18
      },
      "f": { "0": 18, "1": 126, "2": 0 },
      "b": { "0": [0, 18] }
    },
    "E:\\Mini Project\\AWE\\DEV\\awe-backend\\src\\errors\\DuplicateError.ts": {
      "path": "E:\\Mini Project\\AWE\\DEV\\awe-backend\\src\\errors\\DuplicateError.ts",
      "statementMap": {
        "0": {
          "start": { "line": 1, "column": 0 },
          "end": { "line": 1, "column": 41 }
        },
        "1": {
          "start": { "line": 5, "column": 4 },
          "end": { "line": 5, "column": 45 }
        },
        "2": {
          "start": { "line": 3, "column": 0 },
          "end": { "line": 3, "column": 13 }
        }
      },
      "fnMap": {
        "0": {
          "name": "(anonymous_0)",
          "decl": {
            "start": { "line": 4, "column": 2 },
            "end": { "line": 4, "column": 14 }
          },
          "loc": {
            "start": { "line": 4, "column": 30 },
            "end": { "line": 6, "column": 3 }
          }
        }
      },
      "branchMap": {},
      "s": { "0": 4, "1": 0, "2": 4 },
      "f": { "0": 0 },
      "b": {}
    },
    "E:\\Mini Project\\AWE\\DEV\\awe-backend\\src\\errors\\RepositoryError.ts": {
      "path": "E:\\Mini Project\\AWE\\DEV\\awe-backend\\src\\errors\\RepositoryError.ts",
      "statementMap": {
        "0": {
          "start": { "line": 1, "column": 0 },
          "end": { "line": 1, "column": 41 }
        },
        "1": {
          "start": { "line": 5, "column": 4 },
          "end": { "line": 5, "column": 31 }
        },
        "2": {
          "start": { "line": 3, "column": 0 },
          "end": { "line": 3, "column": 13 }
        }
      },
      "fnMap": {
        "0": {
          "name": "(anonymous_0)",
          "decl": {
            "start": { "line": 4, "column": 2 },
            "end": { "line": 4, "column": 14 }
          },
          "loc": {
            "start": { "line": 4, "column": 68 },
            "end": { "line": 6, "column": 3 }
          }
        }
      },
      "branchMap": {
        "0": {
          "loc": {
            "start": { "line": 4, "column": 14 },
            "end": { "line": 4, "column": 51 }
          },
          "type": "default-arg",
          "locations": [
            {
[...]
          "type": "if",
          "locations": [
            {
              "start": { "line": 42, "column": 4 },
              "end": { "line": 44, "column": 5 }
            },
            { "start": {}, "end": {} }
          ]
        }
      },
      "s": {
        "0": 1,
        "1": 1,
        "2": 1,
        "3": 1,
        "4": 1,
        "5": 1,
        "6": 0,
        "7": 0,
        "8": 0,
        "9": 0,
        "10": 0,
        "11": 0,
        "12": 0,
        "13": 0
      },
      "f": { "0": 0, "1": 0, "2": 0 },
      "b": { "0": [0, 0] }
    },
    "E:\\Mini Project\\AWE\\DEV\\awe-backend\\src\\controllers\\auth.controller.ts": {
      "path": "E:\\Mini Project\\AWE\\DEV\\awe-backend\\src\\controllers\\auth.controller.ts",
      "statementMap": {
        "0": {
          "start": { "line": 2, "column": 0 },
          "end": { "line": 2, "column": 58 }
        },
        "1": {
          "start": { "line": 3, "column": 0 },
          "end": { "line": 3, "column": 24 }
        },
        "2": {
          "start": { "line": 5, "column": 19 },
          "end": { "line": 8, "column": 2 }
        },
        "3": {
          "start": { "line": 10, "column": 19 },
          "end": { "line": 12, "column": 2 }
        },
        "4": {
          "start": { "line": 14, "column": 13 },
          "end": { "line": 47, "column": 2 }
        },
        "5": {
          "start": { "line": 16, "column": 32 },
          "end": { "line": 16, "column": 58 }
        },
        "6": {
          "start": { "line": 19, "column": 6 },
          "end": { "line": 19, "column": 46 }
        },
        "7": {
          "start": { "line": 21, "column": 4 },
          "end": { "line": 32, "column": 7 }
        },
        "8": {
          "start": { "line": 36, "column": 29 },
          "end": { "line": 36, "column": 55 }
        },
        "9": {
          "start": { "line": 37, "column": 4 },
          "end": { "line": 39, "column": 7 }
        },
        "10": {
          "start": { "line": 43, "column": 29 },
          "end": { "line": 43, "column": 55 }
        },
        "11": {
          "start": { "line": 44, "column": 4 },
          "end": { "line": 44, "column": 43 }
        },
        "12": {
          "start": { "line": 45, "column": 4 },
          "end": { "line": 45, "column": 29 }
        }
      },
      "fnMap": {
        "0": {
          "name": "(anonymous_0)",
          "decl": {
            "start": { "line": 15, "column": 9 },
            "end": { "line": 15, "column": 14 }
          },
          "loc": {
            "start": { "line": 15, "column": 47 },
            "end": { "line": 33, "column": 3 }
          }
        },
        "1": {
          "name": "(anonymous_1)",
          "decl": {
            "start": { "line": 35, "column": 11 },
            "end": { "line": 35, "column": 16 }
          },
          "loc": {
            "start": { "line": 35, "column": 49 },
            "end": { "line": 40, "column": 3 }
          }
        },
        "2": {
          "name": "(anonymous_2)",
          "decl": {
            "start": { "line": 42, "column": 10 },
            "end": { "line": 42, "column": 15 }
          },
          "loc": {
            "start": { "line": 42, "column": 48 },
            "end": { "line": 46, "column": 3 }
          }
        }
      },
      "branchMap": {},
      "s": {
        "0": 1,
        "1": 1,
        "2": 1,
        "3": 1,
        "4": 1,
        "5": 1,
        "6": 1,
        "7": 1,
        "8": 0,
        "9": 0,
        "10": 0,
        "11": 0,
        "12": 0
      },
      "f": { "0": 1, "1": 0, "2": 0 },
      "b": {}
    },
    "E:\\Mini Project\\AWE\\DEV\\awe-backend\\src\\controllers\\apiKey.controller.ts": {
      "path": "E:\\Mini Project\\AWE\\DEV\\awe-backend\\src\\controllers\\apiKey.controller.ts",
      "statementMap": {
        "0": {
          "start": { "line": 2, "column": 0 },
          "end": { "line": 2, "column": 62 }
        },
        "1": {
          "start": { "line": 3, "column": 0 },
          "end": { "line": 3, "column": 24 }
        },
        "2": {
          "start": { "line": 5, "column": 22 },
          "end": { "line": 7, "column": 2 }
        },
        "3": {
          "start": { "line": 9, "column": 13 },
          "end": { "line": 50, "column": 2 }
        },
        "4": {
          "start": { "line": 11, "column": 20 },
          "end": { "line": 11, "column": 57 }
        },
        "5": {
          "start": { "line": 13, "column": 4 },
          "end": { "line": 23, "column": 7 }
        },
        "6": {
          "start": { "line": 15, "column": 8 },
          "end": { "line": 21, "column": 10 }
        },
        "7": {
          "start": { "line": 27, "column": 22 },
          "end": { "line": 27, "column": 30 }
        },
        "8": {
          "start": { "line": 29, "column": 31 },
          "end": { "line": 29, "column": 78 }
        },
        "9": {
          "start": { "line": 31, "column": 4 },
          "end": { "line": 36, "column": 7 }
        },
        "10": {
          "start": { "line": 40, "column": 19 },
          "end": { "line": 40, "column": 50 }
        },
        "11": {
          "start": { "line": 41, "column": 19 },
          "end": { "line": 41, "column": 70 }
        },
        "12": {
          "start": { "line": 43, "column": 4 },
          "end": { "line": 48, "column": 7 }
        }
      },
      "fnMap": {
        "0": {
          "name": "(anonymous_0)",
          "decl": {
            "start": { "line": 10, "column": 8 },
            "end": { "line": 10, "column": 13 }
          },
          "loc": {
            "start": { "line": 10, "column": 46 },
            "end": { "line": 24, "column": 3 }
          }
        },
        "1": {
          "name": "(anonymous_1)",
          "decl": {
            "start": { "line": 14, "column": 27 },
            "end": { "line": 14, "column": 28 }
          },
          "loc": {
            "start": { "line": 14, "column": 38 },
            "end": { "line": 22, "column": 7 }
          }
        },
        "2": {
          "name": "(anonymous_2)",
          "decl": {
            "start": { "line": 26, "column": 12 },
            "end": { "line": 26, "column": 17 }
          },
          "loc": {
            "start": { "line": 26, "column": 50 },
            "end": { "line": 37, "column": 3 }
          }
        },
        "3": {
          "name": "(anonymous_3)",
          "decl": {
            "start": { "line": 39, "column": 10 },
            "end": { "line": 39, "column": 15 }
          },
          "loc": {
            "start": { "line": 39, "column": 48 },
            "end": { "line": 49, "column": 3 }
          }
        }
      },
      "branchMap": {},
      "s": {
        "0": 1,
        "1": 1,
        "2": 1,
        "3": 1,
        "4": 1,
        "5": 1,
        "6": 0,
        "7": 1,
        "8": 1,
        "9": 1,
        "10": 0,
        "11": 0,
        "12": 0
      },
      "f": { "0": 1, "1": 0, "2": 1, "3": 0 },
      "b": {}
    },
    "E:\\Mini Project\\AWE\\DEV\\awe-backend\\src\\engine\\executors\\EndNodeExecutor.ts": {
      "path": "E:\\Mini Project\\AWE\\DEV\\awe-backend\\src\\engine\\executors\\EndNodeExecutor.ts",
      "statementMap": {
        "0": {
          "start": { "line": 5, "column": 0 },
          "end": { "line": 5, "column": 49 }
        },
        "1": {
          "start": { "line": 6, "column": 0 },
          "end": { "line": 6, "column": 74 }
        },
        "2": {
          "start": { "line": 7, "column": 0 },
          "end": { "line": 7, "column": 43 }
        },
        "3": {
          "start": { "line": 8, "column": 0 },
          "end": { "line": 8, "column": 67 }
        },
        "4": {
          "start": { "line": 9, "column": 0 },
          "end": { "line": 9, "column": 52 }
        },
        "5": {
          "start": { "line": 10, "column": 0 },
          "end": { "line": 10, "column": 54 }
        },
        "6": {
          "start": { "line": 19, "column": 19 },
          "end": { "line": 19, "column": 75 }
        },
        "7": {
          "start": { "line": 20, "column": 4 },
          "end": { "line": 24, "column": 5 }
        },
        "8": {
          "start": { "line": 21, "column": 6 },
          "end": { "line": 23, "column": 8 }
        },
        "9": {
          "start": { "line": 26, "column": 26 },
          "end": { "line": 26, "column": 37 }
        },
        "10": {
          "start": { "line": 27, "column": 24 },
          "end": { "line": 27, "column": 62 }
        },
        "11": {
          "start": { "line": 28, "column": 53 },
          "end": { "line": 28, "column": 55 }
        },
        "12": {
          "start": { "line": 30, "column": 4 },
          "end": { "line": 55, "column": 5 }
        },
        "13": {
          "start": { "line": 31, "column": 21 },
          "end": { "line": 31, "column": 67 }
        },
        "14": {
          "start": { "line": 32, "column": 6 },
          "end": { "line": 38, "column": 7 }
        },
        "15": {
          "start": { "line": 33, "column": 8 },
          "end": { "line": 37, "column": 10 }
        },
        "16": {
          "start": { "line": 40, "column": 6 },
          "end": { "line": 52, "column": 7 }
        },
        "17": {
          "start": { "line": 41, "column": 27 },
          "end": { "line": 44, "column": 10 }
        },
        "18": {
          "start": { "line": 45, "column": 8 },
          "end": { "line": 51, "column": 9 }
        },
        "19": {
          "start": { "line": 46, "column": 10 },
          "end": { "line": 50, "column": 12 }
        },
        "20": {
          "start": { "line": 54, "column": 6 },
          "end": { "line": 54, "column": 67 }
        },
        "21": {
          "start": { "line": 57, "column": 4 },
          "end": { "line": 60, "column": 6 }
        },
        "22": {
          "start": { "line": 12, "column": 0 },
          "end": { "line": 12, "column": 13 }
        }
      },
      "fnMap": {
        "0": {
          "name": "(anonymous_0)",
          "decl": {
            "start": { "line": 13, "column": 2 },
            "end": { "line": 13, "column": 7 }
          },
          "loc": {
            "start": { "line": 17, "column": 33 },
            "end": { "line": 61, "column": 3 }
          }
        }
      },
      "branchMap": {
        "0": {
          "loc": {
            "start": { "line": 20, "column": 4 },
            "end": { "line": 24, "column": 5 }
          },
          "type": "if",
          "locations": [
            {
              "start": { "line": 20, "column": 4 },
              "end": { "line": 24, "column": 5 }
            },
            { "start": {}, "end": {} }
          ]
        },
        "1": {
          "loc": {
            "start": { "line": 32, "column": 6 },
            "end": { "line": 38, "column": 7 }
          },
          "type": "if",
          "locations": [
            {
              "start": { "line": 32, "column": 6 },
              "end": { "line": 38, "column": 7 }
            },
            { "start": {}, "end": {} }
          ]
        },
        "2": {
          "loc": {
            "start": { "line": 40, "column": 6 },
            "end": { "line": 52, "column": 7 }
          },
          "type": "if",
          "locations": [
            {
              "start": { "line": 40, "column": 6 },
              "end": { "line": 52, "column": 7 }
            },
            { "start": {}, "end": {} }
          ]
        },
        "3": {
          "loc": {
            "start": { "line": 45, "column": 8 },
            "end": { "line": 51, "column": 9 }
          },
          "type": "if",
          "locations": [
            {
              "start": { "line": 45, "column": 8 },
              "end": { "line": 51, "column": 9 }
            },
            { "start": {}, "end": {} }
          ]
        },
        "4": {
          "loc": {
            "start": { "line": 58, "column": 14 },
            "end": { "line": 58, "column": 82 }
          },
          "type": "cond-expr",
          "locations": [
            {
              "start": { "line": 58, "column": 38 },
              "end": { "line": 58, "column": 60 }
            },
            {
              "start": { "line": 58, "column": 63 },
              "end": { "line": 58, "column": 82 }
            }
          ]
        }
      },
      "s": {
        "0": 1,
        "1": 1,
        "2": 1,
        "3": 1,
        "4": 1,
        "5": 1,
        "6": 8,
        "7": 8,
        "8": 1,
        "9": 7,
        "10": 7,
        "11": 7,
        "12": 7,
        "13": 5,
        "14": 5,
        "15": 1,
        "16": 4,
        "17": 2,
        "18": 2,
        "19": 1,
        "20": 3,
        "21": 5,
        "22": 1
      },
      "f": { "0": 8 },
      "b": { "0": [1, 7], "1": [1, 4], "2": [2, 2], "3": [1, 1], "4": [4, 1] }
    },
    "E:\\Mini Project\\AWE\\DEV\\awe-backend\\src\\engine\\executors\\BaseExecutor.ts": {
      "path": "E:\\Mini Project\\AWE\\DEV\\awe-backend\\src\\engine\\executors\\BaseExecutor.ts",
      "statementMap": {
        "0": {
          "start": { "line": 6, "column": 0 },
          "end": { "line": 6, "column": 22 }
        }
      },
      "fnMap": {},
      "branchMap": {},
      "s": { "0": 2 },
      "f": {},
      "b": {}
    },
    "E:\\Mini Project\\AWE\\DEV\\awe-backend\\src\\engine\\executors\\StartNodeExecutor.ts": {
      "path": "E:\\Mini Project\\AWE\\DEV\\awe-backend\\src\\engine\\executors\\StartNodeExecutor.ts",
      "statementMap": {
        "0": {
          "start": { "line": 5, "column": 0 },
          "end": { "line": 5, "column": 49 }
        },
        "1": {
          "start": { "line": 6, "column": 0 },
          "end": { "line": 6, "column": 76 }
        },
        "2": {
          "start": { "line": 7, "column": 0 },
          "end": { "line": 7, "column": 43 }
        },
        "3": {
          "start": { "line": 8, "column": 0 },
          "end": { "line": 8, "column": 67 }
        },
        "4": {
          "start": { "line": 9, "column": 0 },
          "end": { "line": 9, "column": 52 }
        },
        "5": {
          "start": { "line": 10, "column": 0 },
          "end": { "line": 10, "column": 64 }
        },
        "6": {
          "start": { "line": 19, "column": 19 },
          "end": { "line": 19, "column": 77 }
        },
        "7": {
          "start": { "line": 20, "column": 4 },
          "end": { "line": 24, "column": 5 }
        },
        "8": {
          "start": { "line": 21, "column": 6 },
          "end": { "line": 23, "column": 8 }
        },
        "9": {
          "start": { "line": 26, "column": 26 },
          "end": { "line": 26, "column": 37 }
        },
        "10": {
          "start": { "line": 27, "column": 35 },
          "end": { "line": 28, "column": null }
        },
        "11": {
          "start": { "line": 31, "column": 47 },
          "end": { "line": 31, "column": 49 }
        },
        "12": {
          "start": { "line": 32, "column": 76 },
          "end": { "line": 32, "column": 78 }
        },
        "13": {
          "start": { "line": 33, "column": 41 },
          "end": { "line": 33, "column": 43 }
        },
        "14": {
          "start": { "line": 35, "column": 4 },
          "end": { "line": 45, "column": 7 }
        },
        "15": {
          "start": { "line": 36, "column": 6 },
          "end": { "line": 42, "column": 7 }
        },
        "16": {
          "start": { "line": 37, "column": 8 },
          "end": { "line": 40, "column": 10 }
        },
        "17": {
          "start": { "line": 41, "column": 8 },
          "end": { "line": 41, "column": 15 }
        },
        "18": {
          "start": { "line": 43, "column": 6 },
          "end": { "line": 44, "column": 49 }
        },
        "19": {
          "start": { "line": 47, "column": 4 },
          "end": { "line": 55, "column": 7 }
        },
        "20": {
          "start": { "line": 48, "column": 21 },
          "end": { "line": 48, "column": 57 }
        },
        "21": {
          "start": { "line": 49, "column": 6 },
          "end": { "line": 53, "column": 7 }
        },
        "22": {
          "start": { "line": 50, "column": 8 },
          "end": { "line": 52, "column": 10 }
        },
        "23": {
          "start": { "line": 54, "column": 6 },
          "end": { "line": 54, "column": 32 }
        },
        "24": {
          "start": { "line": 57, "column": 4 },
          "end": { "line": 60, "column": 6 }
        },
        "25": {
          "start": { "line": 12, "column": 0 },
          "end": { "line": 12, "column": 13 }
        }
      },
      "fnMap": {
        "0": {
          "name": "(anonymous_0)",
          "decl": {
            "start": { "line": 13, "column": 2 },
            "end": { "line": 13, "column": 7 }
          },
          "loc": {
            "start": { "line": 17, "column": 33 },
            "end": { "line": 61, "column": 3 }
          }
        },
        "1": {
          "name": "(anonymous_1)",
          "decl": {
            "start": { "line": 35, "column": 39 },
            "end": { "line": 35, "column": 40 }
          },
          "loc": {
            "start": { "line": 35, "column": 51 },
            "end": { "line": 45, "column": 5 }
          }
        },
        "2": {
          "name": "(anonymous_2)",
          "decl": {
            "start": { "line": 47, "column": 37 },
            "end": { "line": 47, "column": 38 }
          },
          "loc": {
            "start": { "line": 47, "column": 43 },
            "end": { "line": 55, "column": 5 }
          }
        }
      },
      "branchMap": {
        "0": {
          "loc": {
            "start": { "line": 20, "column": 4 },
            "end": { "line": 24, "column": 5 }
          },
          "type": "if",
          "locations": [
            {
              "start": { "line": 20, "column": 4 },
              "end": { "line": 24, "column": 5 }
            },
            { "start": {}, "end": {} }
          ]
        },
        "1": {
          "loc": {
            "start": { "line": 36, "column": 6 },
            "end": { "line": 42, "column": 7 }
          },
          "type": "if",
          "locations": [
            {
              "start": { "line": 36, "column": 6 },
              "end": { "line": 42, "column": 7 }
            },
            { "start": {}, "end": {} }
          ]
        },
        "2": {
          "loc": {
            "start": { "line": 49, "column": 6 },
            "end": { "line": 53, "column": 7 }
          },
          "type": "if",
          "locations": [
            {
              "start": { "line": 49, "column": 6 },
              "end": { "line": 53, "column": 7 }
            },
            { "start": {}, "end": {} }
          ]
        },
        "3": {
          "loc": {
            "start": { "line": 49, "column": 10 },
            "end": { "line": 49, "column": 72 }
          },
          "type": "binary-expr",
          "locations": [
            {
              "start": { "line": 49, "column": 10 },
              "end": { "line": 49, "column": 36 }
            },
            {
              "start": { "line": 49, "column": 40 },
              "end": { "line": 49, "column": 72 }
            }
          ]
        }
      },
      "s": {
        "0": 1,
        "1": 1,
        "2": 1,
        "3": 1,
        "4": 1,
        "5": 1,
        "6": 7,
        "7": 7,
        "8": 1,
        "9": 6,
        "10": 6,
        "11": 6,
        "12": 6,
        "13": 6,
        "14": 6,
        "15": 2,
        "16": 1,
        "17": 1,
        "18": 1,
        "19": 6,
        "20": 3,
        "21": 3,
        "22": 1,
        "23": 2,
        "24": 5,
        "25": 1
      },
      "f": { "0": 7, "1": 2, "2": 3 },
      "b": { "0": [1, 6], "1": [1, 1], "2": [1, 2], "3": [3, 3] }
    }
  }
}
