{"numFailedTestSuites":0,"numFailedTests":0,"numPassedTestSuites":17,"numPassedTests":105,"numPendingTestSuites":0,"numPendingTests":0,"numRuntimeErrorTestSuites":0,"numTodoTests":0,"numTotalTestSuites":17,"numTotalTests":105,"openHandles":[],"snapshot":{"added":0,"didUpdate":false,"failure":false,"filesAdded":0,"filesRemoved":0,"filesRemovedList":[],"filesUnmatched":0,"filesUpdated":0,"matched":0,"total":0,"unchecked":0,"uncheckedKeysByFile":[],"unmatched":0,"updated":0},"startTime":1773557159565,"success":true,"testResults":[{"assertionResults":[{"ancestorTitles":["ExecutionEngine","runNode()"],"duration":24,"failing":false,"failureDetails":[],"failureMessages":[],"fullName":"ExecutionEngine runNode() start node COMPLETED → outcome 'next' with nextNodeIds","invocations":1,"location":null,"numPassingAsserts":2,"retryReasons":[],"startAt":1773557164383,"status":"passed","title":"start node COMPLETED → outcome 'next' with nextNodeIds"},{"ancestorTitles":["ExecutionEngine","runNode()"],"duration":1,"failing":false,"failureDetails":[],"failureMessages":[],"fullName":"ExecutionEngine runNode() end node COMPLETED → outcome 'completed', instance status completed","invocations":1,"location":null,"numPassingAsserts":2,"retryReasons":[],"startAt":1773557164409,"status":"passed","title":"end node COMPLETED → outcome 'completed', instance status completed"},{"ancestorTitles":["ExecutionEngine","runNode()"],"duration":10,"failing":false,"failureDetails":[],"failureMessages":[],"fullName":"ExecutionEngine runNode() executor returns FAILED → outcome 'failed', instanceRepository.updateById called with FAILED","invocations":1,"location":null,"numPassingAsserts":2,"retryReasons":[],"startAt":1773557164411,"status":"passed","title":"executor returns FAILED → outcome 'failed', instanceRepository.updateById called with FAILED"},{"ancestorTitles":["ExecutionEngine","runNode()"],"duration":2,"failing":false,"failureDetails":[],"failureMessages":[],"fullName":"ExecutionEngine runNode() executor throws → treated as FAILED, outcome 'failed'","invocations":1,"location":null,"numPassingAsserts":1,"retryReasons":[],"startAt":1773557164421,"status":"passed","title":"executor throws → treated as FAILED, outcome 'failed'"},{"ancestorTitles":["ExecutionEngine","runNode()"],"duration":15,"failing":false,"failureDetails":[],"failureMessages":[],"fullName":"ExecutionEngine runNode() nodeId not found in workflow version → throws DataIntegrityError","invocations":1,"location":null,"numPassingAsserts":1,"retryReasons":[],"startAt":1773557164423,"status":"passed","title":"nodeId not found in workflow version → throws DataIntegrityError"},{"ancestorTitles":["ExecutionEngine","runNode()"],"duration":1,"failing":false,"failureDetails":[],"failureMessages":[],"fullName":"ExecutionEngine runNode() node type has no registered executor → throws StateTransitionError","invocations":1,"location":null,"numPassingAsserts":1,"retryReasons":[],"startAt":1773557164439,"status":"passed","title":"node type has no registered executor → throws StateTransitionError"},{"ancestorTitles":["ExecutionEngine","runNode()"],"duration":1,"failing":false,"failureDetails":[],"failureMessages":[],"fullName":"ExecutionEngine runNode() no outgoing edges → outcome 'failed'","invocations":1,"location":null,"numPassingAsserts":1,"retryReasons":[],"startAt":1773557164441,"status":"passed","title":"no outgoing edges → outcome 'failed'"},{"ancestorTitles":["ExecutionEngine","runNode()"],"duration":1,"failing":false,"failureDetails":[],"failureMessages":[],"fullName":"ExecutionEngine runNode() end node FAILED → outcome 'failed'","invocations":1,"location":null,"numPassingAsserts":1,"retryReasons":[],"startAt":1773557164442,"status":"passed","title":"end node FAILED → outcome 'failed'"},{"ancestorTitles":["ExecutionEngine","runNode()"],"duration":1,"failing":false,"failureDetails":[],"failureMessages":[],"fullName":"ExecutionEngine runNode() edgeResolver throws StateTransitionError → outcome 'failed'","invocations":1,"location":null,"numPassingAsserts":1,"retryReasons":[],"startAt":1773557164443,"status":"passed","title":"edgeResolver throws StateTransitionError → outcome 'failed'"},{"ancestorTitles":["ExecutionEngine","runNode()"],"duration":1,"failing":false,"failureDetails":[],"failureMessages":[],"fullName":"ExecutionEngine runNode() taskRepository.insert is called once per runNode call","invocations":1,"location":null,"numPassingAsserts":1,"retryReasons":[],"startAt":1773557164445,"status":"passed","title":"taskRepository.insert is called once per runNode call"},{"ancestorTitles":["ExecutionEngine","runNode()"],"duration":1,"failing":false,"failureDetails":[],"failureMessages":[],"fullName":"ExecutionEngine runNode() taskExecutionRepository.insert is called once per runNode call","invocations":1,"location":null,"numPassingAsserts":1,"retryReasons":[],"startAt":1773557164446,"status":"passed","title":"taskExecutionRepository.insert is called once per runNode call"},{"ancestorTitles":["ExecutionEngine","runNode()"],"duration":2,"failing":false,"failureDetails":[],"failureMessages":[],"fullName":"ExecutionEngine runNode() constants from start node output are merged into context returned in 'next' outcome","invocations":1,"location":null,"numPassingAsserts":2,"retryReasons":[],"startAt":1773557164447,"status":"passed","title":"constants from start node output are merged into context returned in 'next' outcome"}],"endTime":1773557164474,"message":"","name":"E:\\Mini Project\\AWE\\DEV\\awe-backend\\tests\\engine\\ExecutionEngine.test.ts","startTime":1773557160605,"status":"passed","summary":""},{"assertionResults":[{"ancestorTitles":["instanceService","createNew()"],"duration":16,"failing":false,"failureDetails":[],"failureMessages":[],"fullName":"instanceService createNew() inserts instance, enqueues start node job, and returns instance","invocations":1,"location":null,"numPassingAsserts":3,"retryReasons":[],"startAt":1773557165282,"status":"passed","title":"inserts instance, enqueues start node job, and returns instance"},{"ancestorTitles":["instanceService","createNew()"],"duration":27,"failing":false,"failureDetails":[],"failureMessages":[],"fullName":"instanceService createNew() throws NotFoundError when no active workflow version exists","invocations":1,"location":null,"numPassingAsserts":1,"retryReasons":[],"startAt":1773557165298,"status":"passed","title":"throws NotFoundError when no active workflow version exists"},{"ancestorTitles":["instanceService","createNew()"],"duration":1,"failing":false,"failureDetails":[],"failureMessages":[],"fullName":"instanceService createNew() enqueues job with the start node ID from the workflow version","invocations":1,"location":null,"numPassingAsserts":1,"retryReasons":[],"startAt":1773557165325,"status":"passed","title":"enqueues job with the start node ID from the workflow version"},{"ancestorTitles":["instanceService","getById()"],"duration":1,"failing":false,"failureDetails":[],"failureMessages":[],"fullName":"instanceService getById() returns instance when found","invocations":1,"location":null,"numPassingAsserts":1,"retryReasons":[],"startAt":1773557165327,"status":"passed","title":"returns instance when found"},{"ancestorTitles":["instanceService","getById()"],"duration":1,"failing":false,"failureDetails":[],"failureMessages":[],"fullName":"instanceService getById() returns undefined when not found","invocations":1,"location":null,"numPassingAsserts":1,"retryReasons":[],"startAt":1773557165328,"status":"passed","title":"returns undefined when not found"},{"ancestorTitles":["instanceService","resumeInstance()"],"duration":2,"failing":false,"failureDetails":[],"failureMessages":[],"fullName":"instanceService resumeInstance() throws NotFoundError when instance does not exist","invocations":1,"location":null,"numPassingAsserts":1,"retryReasons":[],"startAt":1773557165329,"status":"passed","title":"throws NotFoundError when instance does not exist"},{"ancestorTitles":["instanceService","resumeInstance()"],"duration":2,"failing":false,"failureDetails":[],"failureMessages":[],"fullName":"instanceService resumeInstance() throws StateTransitionError when instance is not paused","invocations":1,"location":null,"numPassingAsserts":1,"retryReasons":[],"startAt":1773557165344,"status":"passed","title":"throws StateTransitionError when instance is not paused"},{"ancestorTitles":["instanceService","resumeInstance()"],"duration":1,"failing":false,"failureDetails":[],"failureMessages":[],"fullName":"instanceService resumeInstance() throws DataIntegrityError when no completed task found","invocations":1,"location":null,"numPassingAsserts":1,"retryReasons":[],"startAt":1773557165347,"status":"passed","title":"throws DataIntegrityError when no completed task found"},{"ancestorTitles":["instanceService","resumeInstance()"],"duration":3,"failing":false,"failureDetails":[],"failureMessages":[],"fullName":"instanceService resumeInstance() enqueues next nodes and updates instance to IN_PROGRESS for paused instance","invocations":1,"location":null,"numPassingAsserts":3,"retryReasons":[],"startAt":1773557165349,"status":"passed","title":"enqueues next nodes and updates instance to IN_PROGRESS for paused instance"},{"ancestorTitles":["instanceService","resumeInstance()"],"duration":1,"failing":false,"failureDetails":[],"failureMessages":[],"fullName":"instanceService resumeInstance() enqueues multiple next nodes when edge resolver returns multiple IDs","invocations":1,"location":null,"numPassingAsserts":1,"retryReasons":[],"startAt":1773557165352,"status":"passed","title":"enqueues multiple next nodes when edge resolver returns multiple IDs"}],"endTime":1773557165355,"message":"","name":"E:\\Mini Project\\AWE\\DEV\\awe-backend\\tests\\services\\instance.service.test.ts","startTime":1773557160617,"status":"passed","summary":""},{"assertionResults":[{"ancestorTitles":["instanceController","create()"],"duration":16,"failing":false,"failureDetails":[],"failureMessages":[],"fullName":"instanceController create() returns 201 with created instance","invocations":1,"location":null,"numPassingAsserts":2,"retryReasons":[],"startAt":1773557165408,"status":"passed","title":"returns 201 with created instance"},{"ancestorTitles":["instanceController","create()"],"duration":18,"failing":false,"failureDetails":[],"failureMessages":[],"fullName":"instanceController create() throws ZodError when workflowId is not a UUID","invocations":1,"location":null,"numPassingAsserts":1,"retryReasons":[],"startAt":1773557165425,"status":"passed","title":"throws ZodError when workflowId is not a UUID"},{"ancestorTitles":["instanceController","create()"],"duration":3,"failing":false,"failureDetails":[],"failureMessages":[],"fullName":"instanceController create() propagates NotFoundError when no active workflow version found","invocations":1,"location":null,"numPassingAsserts":1,"retryReasons":[],"startAt":1773557165444,"status":"passed","title":"propagates NotFoundError when no active workflow version found"},{"ancestorTitles":["instanceController","getById()"],"duration":1,"failing":false,"failureDetails":[],"failureMessages":[],"fullName":"instanceController getById() returns instance when found","invocations":1,"location":null,"numPassingAsserts":1,"retryReasons":[],"startAt":1773557165448,"status":"passed","title":"returns instance when found"},{"ancestorTitles":["instanceController","getById()"],"duration":3,"failing":false,"failureDetails":[],"failureMessages":[],"fullName":"instanceController getById() throws NotFoundError when instance not found","invocations":1,"location":null,"numPassingAsserts":1,"retryReasons":[],"startAt":1773557165450,"status":"passed","title":"throws NotFoundError when instance not found"},{"ancestorTitles":["instanceController","getById()"],"duration":2,"failing":false,"failureDetails":[],"failureMessages":[],"fullName":"instanceController getById() throws ZodError when instanceId is not a valid UUID","invocations":1,"location":null,"numPassingAsserts":1,"retryReasons":[],"startAt":1773557165453,"status":"passed","title":"throws ZodError when instanceId is not a valid UUID"},{"ancestorTitles":["instanceController","resumeInstance()"],"duration":2,"failing":false,"failureDetails":[],"failureMessages":[],"fullName":"instanceController resumeInstance() returns updated instance when resume succeeds","invocations":1,"location":null,"numPassingAsserts":1,"retryReasons":[],"startAt":1773557165460,"status":"passed","title":"returns updated instance when resume succeeds"},{"ancestorTitles":["instanceController","resumeInstance()"],"duration":6,"failing":false,"failureDetails":[],"failureMessages":[],"fullName":"instanceController resumeInstance() throws ZodError when instanceId is not a valid UUID","invocations":1,"location":null,"numPassingAsserts":1,"retryReasons":[],"startAt":1773557165462,"status":"passed","title":"throws ZodError when instanceId is not a valid UUID"},{"ancestorTitles":["instanceController","resumeInstance()"],"duration":2,"failing":false,"failureDetails":[],"failureMessages":[],"fullName":"instanceController resumeInstance() propagates StateTransitionError when instance is not paused","invocations":1,"location":null,"numPassingAsserts":1,"retryReasons":[],"startAt":1773557165469,"status":"passed","title":"propagates StateTransitionError when instance is not paused"},{"ancestorTitles":["instanceController","resumeInstance()"],"duration":2,"failing":false,"failureDetails":[],"failureMessages":[],"fullName":"instanceController resumeInstance() propagates NotFoundError when instance does not exist","invocations":1,"location":null,"numPassingAsserts":1,"retryReasons":[],"startAt":1773557165476,"status":"passed","title":"propagates NotFoundError when instance does not exist"}],"endTime":1773557165480,"message":"","name":"E:\\Mini Project\\AWE\\DEV\\awe-backend\\tests\\controllers\\instance.controller.test.ts","startTime":1773557160616,"status":"passed","summary":""},{"assertionResults":[{"ancestorTitles":["ApiKey Service"],"duration":3,"failing":false,"failureDetails":[],"failureMessages":[],"fullName":"ApiKey Service should return api keys","invocations":1,"location":null,"numPassingAsserts":1,"retryReasons":[],"startAt":1773557166012,"status":"passed","title":"should return api keys"},{"ancestorTitles":["ApiKey Service"],"duration":65,"failing":false,"failureDetails":[],"failureMessages":[],"fullName":"ApiKey Service should throw error if actor is not organization","invocations":1,"location":null,"numPassingAsserts":1,"retryReasons":[],"startAt":1773557166017,"status":"passed","title":"should throw error if actor is not organization"},{"ancestorTitles":["ApiKey Service"],"duration":6,"failing":false,"failureDetails":[],"failureMessages":[],"fullName":"ApiKey Service should throw error if environment missing","invocations":1,"location":null,"numPassingAsserts":1,"retryReasons":[],"startAt":1773557166082,"status":"passed","title":"should throw error if environment missing"}],"endTime":1773557166093,"message":"","name":"E:\\Mini Project\\AWE\\DEV\\awe-backend\\tests\\services\\apiKey.service.test.ts","startTime":1773557164516,"status":"passed","summary":""},{"assertionResults":[{"ancestorTitles":["ExecutionWorker","constructor"],"duration":56,"failing":false,"failureDetails":[],"failureMessages":[],"fullName":"ExecutionWorker constructor registers a 'failed' event listener on the worker","invocations":1,"location":null,"numPassingAsserts":1,"retryReasons":[],"startAt":1773557167338,"status":"passed","title":"registers a 'failed' event listener on the worker"},{"ancestorTitles":["ExecutionWorker","constructor"],"duration":2,"failing":false,"failureDetails":[],"failureMessages":[],"fullName":"ExecutionWorker constructor passes concurrency: 10 to the BullMQ Worker","invocations":1,"location":null,"numPassingAsserts":1,"retryReasons":[],"startAt":1773557167395,"status":"passed","title":"passes concurrency: 10 to the BullMQ Worker"},{"ancestorTitles":["ExecutionWorker","processJob()"],"duration":8,"failing":false,"failureDetails":[],"failureMessages":[],"fullName":"ExecutionWorker processJob() skips processing when instance is not found","invocations":1,"location":null,"numPassingAsserts":1,"retryReasons":[],"startAt":1773557167397,"status":"passed","title":"skips processing when instance is not found"},{"ancestorTitles":["ExecutionWorker","processJob()"],"duration":1,"failing":false,"failureDetails":[],"failureMessages":[],"fullName":"ExecutionWorker processJob() skips processing when instance status is not in_progress","invocations":1,"location":null,"numPassingAsserts":1,"retryReasons":[],"startAt":1773557167405,"status":"passed","title":"skips processing when instance status is not in_progress"},{"ancestorTitles":["ExecutionWorker","processJob()"],"duration":1,"failing":false,"failureDetails":[],"failureMessages":[],"fullName":"ExecutionWorker processJob() calls executionEngine.runNode with correct args when instance is in_progress","invocations":1,"location":null,"numPassingAsserts":1,"retryReasons":[],"startAt":1773557167407,"status":"passed","title":"calls executionEngine.runNode with correct args when instance is in_progress"},{"ancestorTitles":["ExecutionWorker","processJob()"],"duration":3,"failing":false,"failureDetails":[],"failureMessages":[],"fullName":"ExecutionWorker processJob() enqueues next nodes when outcome is 'next' and auto_advance is true","invocations":1,"location":null,"numPassingAsserts":3,"retryReasons":[],"startAt":1773557167408,"status":"passed","title":"enqueues next nodes when outcome is 'next' and auto_advance is true"},{"ancestorTitles":["ExecutionWorker","processJob()"],"duration":1,"failing":false,"failureDetails":[],"failureMessages":[],"fullName":"ExecutionWorker processJob() marks instance as PAUSED when outcome is 'next' and auto_advance is false","invocations":1,"location":null,"numPassingAsserts":2,"retryReasons":[],"startAt":1773557167412,"status":"passed","title":"marks instance as PAUSED when outcome is 'next' and auto_advance is false"},{"ancestorTitles":["ExecutionWorker","processJob()"],"duration":1,"failing":false,"failureDetails":[],"failureMessages":[],"fullName":"ExecutionWorker processJob() does not enqueue next nodes when outcome is 'completed'","invocations":1,"location":null,"numPassingAsserts":1,"retryReasons":[],"startAt":1773557167413,"status":"passed","title":"does not enqueue next nodes when outcome is 'completed'"},{"ancestorTitles":["ExecutionWorker","processJob()"],"duration":1,"failing":false,"failureDetails":[],"failureMessages":[],"fullName":"ExecutionWorker processJob() does not enqueue next nodes when outcome is 'failed'","invocations":1,"location":null,"numPassingAsserts":1,"retryReasons":[],"startAt":1773557167414,"status":"passed","title":"does not enqueue next nodes when outcome is 'failed'"},{"ancestorTitles":["ExecutionWorker","close()"],"duration":2,"failing":false,"failureDetails":[],"failureMessages":[],"fullName":"ExecutionWorker close() calls worker.close()","invocations":1,"location":null,"numPassingAsserts":1,"retryReasons":[],"startAt":1773557167415,"status":"passed","title":"calls worker.close()"}],"endTime":1773557167434,"message":"","name":"E:\\Mini Project\\AWE\\DEV\\awe-backend\\tests\\engine\\queue\\BullMQWorker.test.ts","startTime":1773557165531,"status":"passed","summary":""},{"assertionResults":[{"ancestorTitles":["Auth Service"],"duration":5,"failing":false,"failureDetails":[],"failureMessages":[],"fullName":"Auth Service should login successfully","invocations":1,"location":null,"numPassingAsserts":1,"retryReasons":[],"startAt":1773557167772,"status":"passed","title":"should login successfully"},{"ancestorTitles":["Auth Service"],"duration":36,"failing":false,"failureDetails":[],"failureMessages":[],"fullName":"Auth Service should throw error if password incorrect","invocations":1,"location":null,"numPassingAsserts":1,"retryReasons":[],"startAt":1773557167778,"status":"passed","title":"should throw error if password incorrect"},{"ancestorTitles":["Auth Service"],"duration":1,"failing":false,"failureDetails":[],"failureMessages":[],"fullName":"Auth Service should throw error if user not found","invocations":1,"location":null,"numPassingAsserts":1,"retryReasons":[],"startAt":1773557167815,"status":"passed","title":"should throw error if user not found"},{"ancestorTitles":["Auth Service"],"duration":5,"failing":false,"failureDetails":[],"failureMessages":[],"fullName":"Auth Service should generate new tokens using refresh token","invocations":1,"location":null,"numPassingAsserts":1,"retryReasons":[],"startAt":1773557167817,"status":"passed","title":"should generate new tokens using refresh token"}],"endTime":1773557167824,"message":"","name":"E:\\Mini Project\\AWE\\DEV\\awe-backend\\tests\\services\\auth.service.test.ts","startTime":1773557165746,"status":"passed","summary":""},{"assertionResults":[{"ancestorTitles":["Auth Middleware"],"duration":5,"failing":false,"failureDetails":[],"failureMessages":[],"fullName":"Auth Middleware should authenticate bearer token","invocations":1,"location":null,"numPassingAsserts":1,"retryReasons":[],"startAt":1773557168214,"status":"passed","title":"should authenticate bearer token"},{"ancestorTitles":["Auth Middleware"],"duration":54,"failing":false,"failureDetails":[],"failureMessages":[],"fullName":"Auth Middleware should throw error if authorization header missing","invocations":1,"location":null,"numPassingAsserts":1,"retryReasons":[],"startAt":1773557168220,"status":"passed","title":"should throw error if authorization header missing"},{"ancestorTitles":["Auth Middleware"],"duration":1,"failing":false,"failureDetails":[],"failureMessages":[],"fullName":"Auth Middleware should authenticate api key","invocations":1,"location":null,"numPassingAsserts":1,"retryReasons":[],"startAt":1773557168274,"status":"passed","title":"should authenticate api key"},{"ancestorTitles":["Auth Middleware"],"duration":13,"failing":false,"failureDetails":[],"failureMessages":[],"fullName":"Auth Middleware should throw error for invalid authorization format","invocations":1,"location":null,"numPassingAsserts":1,"retryReasons":[],"startAt":1773557168276,"status":"passed","title":"should throw error for invalid authorization format"}],"endTime":1773557168292,"message":"","name":"E:\\Mini Project\\AWE\\DEV\\awe-backend\\tests\\middlewares\\auth.middleware.test.ts","startTime":1773557166283,"status":"passed","summary":""},{"assertionResults":[{"ancestorTitles":["Auth Controller"],"duration":7,"failing":false,"failureDetails":[],"failureMessages":[],"fullName":"Auth Controller should login successfully","invocations":1,"location":null,"numPassingAsserts":1,"retryReasons":[],"startAt":1773557169186,"status":"passed","title":"should login successfully"}],"endTime":1773557169195,"message":"","name":"E:\\Mini Project\\AWE\\DEV\\awe-backend\\tests\\controllers\\auth.controller.test.ts","startTime":1773557167728,"status":"passed","summary":""},{"assertionResults":[{"ancestorTitles":["API Key Controller"],"duration":5,"failing":false,"failureDetails":[],"failureMessages":[],"fullName":"API Key Controller should list api keys","invocations":1,"location":null,"numPassingAsserts":1,"retryReasons":[],"startAt":1773557169166,"status":"passed","title":"should list api keys"},{"ancestorTitles":["API Key Controller"],"duration":1,"failing":false,"failureDetails":[],"failureMessages":[],"fullName":"API Key Controller should generate new api key","invocations":1,"location":null,"numPassingAsserts":1,"retryReasons":[],"startAt":1773557169172,"status":"passed","title":"should generate new api key"}],"endTime":1773557169175,"message":"","name":"E:\\Mini Project\\AWE\\DEV\\awe-backend\\tests\\controllers\\apiKey.controller.test.ts","startTime":1773557167892,"status":"passed","summary":""},{"assertionResults":[{"ancestorTitles":["System Controller"],"duration":13,"failing":false,"failureDetails":[],"failureMessages":[],"fullName":"System Controller should register system","invocations":1,"location":null,"numPassingAsserts":1,"retryReasons":[],"startAt":1773557170048,"status":"passed","title":"should register system"}],"endTime":1773557170063,"message":"","name":"E:\\Mini Project\\AWE\\DEV\\awe-backend\\tests\\controllers\\system.controller.test.ts","startTime":1773557168355,"status":"passed","summary":""},{"assertionResults":[{"ancestorTitles":["taskService","getTask()"],"duration":4,"failing":false,"failureDetails":[],"failureMessages":[],"fullName":"taskService getTask() returns the task when repository resolves with a task","invocations":1,"location":null,"numPassingAsserts":1,"retryReasons":[],"startAt":1773557170335,"status":"passed","title":"returns the task when repository resolves with a task"},{"ancestorTitles":["taskService","getTask()"],"duration":1,"failing":false,"failureDetails":[],"failureMessages":[],"fullName":"taskService getTask() returns undefined when repository resolves with undefined","invocations":1,"location":null,"numPassingAsserts":1,"retryReasons":[],"startAt":1773557170340,"status":"passed","title":"returns undefined when repository resolves with undefined"},{"ancestorTitles":["taskService","getTask()"],"duration":26,"failing":false,"failureDetails":[],"failureMessages":[],"fullName":"taskService getTask() propagates RepositoryError thrown by the repository","invocations":1,"location":null,"numPassingAsserts":1,"retryReasons":[],"startAt":1773557170342,"status":"passed","title":"propagates RepositoryError thrown by the repository"}],"endTime":1773557170370,"message":"","name":"E:\\Mini Project\\AWE\\DEV\\awe-backend\\tests\\services\\task.service.test.ts","startTime":1773557169265,"status":"passed","summary":""},{"assertionResults":[{"ancestorTitles":["taskController","getTask()"],"duration":7,"failing":false,"failureDetails":[],"failureMessages":[],"fullName":"taskController getTask() calls res.json with the task when a valid UUID is provided and task is found","invocations":1,"location":null,"numPassingAsserts":1,"retryReasons":[],"startAt":1773557170710,"status":"passed","title":"calls res.json with the task when a valid UUID is provided and task is found"},{"ancestorTitles":["taskController","getTask()"],"duration":17,"failing":false,"failureDetails":[],"failureMessages":[],"fullName":"taskController getTask() throws NotFoundError when task is not found","invocations":1,"location":null,"numPassingAsserts":1,"retryReasons":[],"startAt":1773557170720,"status":"passed","title":"throws NotFoundError when task is not found"},{"ancestorTitles":["taskController","getTask()"],"duration":5,"failing":false,"failureDetails":[],"failureMessages":[],"fullName":"taskController getTask() throws ZodError when taskId is not a valid UUID","invocations":1,"location":null,"numPassingAsserts":1,"retryReasons":[],"startAt":1773557170737,"status":"passed","title":"throws ZodError when taskId is not a valid UUID"},{"ancestorTitles":["taskController","getTask()"],"duration":1,"failing":false,"failureDetails":[],"failureMessages":[],"fullName":"taskController getTask() throws ZodError when taskId param is missing","invocations":1,"location":null,"numPassingAsserts":1,"retryReasons":[],"startAt":1773557170743,"status":"passed","title":"throws ZodError when taskId param is missing"},{"ancestorTitles":["taskController","getTask()"],"duration":1,"failing":false,"failureDetails":[],"failureMessages":[],"fullName":"taskController getTask() propagates RepositoryError thrown by the service","invocations":1,"location":null,"numPassingAsserts":1,"retryReasons":[],"startAt":1773557170745,"status":"passed","title":"propagates RepositoryError thrown by the service"}],"endTime":1773557170784,"message":"","name":"E:\\Mini Project\\AWE\\DEV\\awe-backend\\tests\\controllers\\task.controller.test.ts","startTime":1773557169244,"status":"passed","summary":""},{"assertionResults":[{"ancestorTitles":["EndNodeExecutor"],"duration":39,"failing":false,"failureDetails":[],"failureMessages":[],"fullName":"EndNodeExecutor evaluates resultMap FEEL expressions and returns COMPLETED with correct outputVariables","invocations":1,"location":null,"numPassingAsserts":2,"retryReasons":[],"startAt":1773557170853,"status":"passed","title":"evaluates resultMap FEEL expressions and returns COMPLETED with correct outputVariables"},{"ancestorTitles":["EndNodeExecutor"],"duration":1,"failing":false,"failureDetails":[],"failureMessages":[],"fullName":"EndNodeExecutor returns FAILED when configuration.success is false even when FEEL evaluation succeeds","invocations":1,"location":null,"numPassingAsserts":1,"retryReasons":[],"startAt":1773557170893,"status":"passed","title":"returns FAILED when configuration.success is false even when FEEL evaluation succeeds"},{"ancestorTitles":["EndNodeExecutor"],"duration":4,"failing":false,"failureDetails":[],"failureMessages":[],"fullName":"EndNodeExecutor returns FAILED when FEEL expression produces evaluation warnings","invocations":1,"location":null,"numPassingAsserts":2,"retryReasons":[],"startAt":1773557170894,"status":"passed","title":"returns FAILED when FEEL expression produces evaluation warnings"},{"ancestorTitles":["EndNodeExecutor"],"duration":4,"failing":false,"failureDetails":[],"failureMessages":[],"fullName":"EndNodeExecutor returns COMPLETED when validationExpression evaluates to true","invocations":1,"location":null,"numPassingAsserts":1,"retryReasons":[],"startAt":1773557170898,"status":"passed","title":"returns COMPLETED when validationExpression evaluates to true"},{"ancestorTitles":["EndNodeExecutor"],"duration":10,"failing":false,"failureDetails":[],"failureMessages":[],"fullName":"EndNodeExecutor returns FAILED when validationExpression evaluates to false","invocations":1,"location":null,"numPassingAsserts":1,"retryReasons":[],"startAt":1773557170903,"status":"passed","title":"returns FAILED when validationExpression evaluates to false"},{"ancestorTitles":["EndNodeExecutor"],"duration":2,"failing":false,"failureDetails":[],"failureMessages":[],"fullName":"EndNodeExecutor returns COMPLETED with empty outputVariables when resultMap is empty","invocations":1,"location":null,"numPassingAsserts":2,"retryReasons":[],"startAt":1773557170913,"status":"passed","title":"returns COMPLETED with empty outputVariables when resultMap is empty"},{"ancestorTitles":["EndNodeExecutor"],"duration":62,"failing":false,"failureDetails":[],"failureMessages":[],"fullName":"EndNodeExecutor throws DataIntegrityError when node configuration is invalid","invocations":1,"location":null,"numPassingAsserts":1,"retryReasons":[],"startAt":1773557170915,"status":"passed","title":"throws DataIntegrityError when node configuration is invalid"},{"ancestorTitles":["EndNodeExecutor"],"duration":2,"failing":false,"failureDetails":[],"failureMessages":[],"fullName":"EndNodeExecutor evaluates FEEL null literal to null without crashing","invocations":1,"location":null,"numPassingAsserts":2,"retryReasons":[],"startAt":1773557170978,"status":"passed","title":"evaluates FEEL null literal to null without crashing"}],"endTime":1773557170982,"message":"","name":"E:\\Mini Project\\AWE\\DEV\\awe-backend\\tests\\engine\\executors\\EndNodeExecutor.test.ts","startTime":1773557170192,"status":"passed","summary":""},{"assertionResults":[{"ancestorTitles":["StartNodeExecutor"],"duration":6,"failing":false,"failureDetails":[],"failureMessages":[],"fullName":"StartNodeExecutor maps constants correctly from instanceInputVariables","invocations":1,"location":null,"numPassingAsserts":2,"retryReasons":[],"startAt":1773557170993,"status":"passed","title":"maps constants correctly from instanceInputVariables"},{"ancestorTitles":["StartNodeExecutor"],"duration":18,"failing":false,"failureDetails":[],"failureMessages":[],"fullName":"StartNodeExecutor puts input field with fetchableId into fetchables, not constants","invocations":1,"location":null,"numPassingAsserts":3,"retryReasons":[],"startAt":1773557171024,"status":"passed","title":"puts input field with fetchableId into fetchables, not constants"},{"ancestorTitles":["StartNodeExecutor"],"duration":2,"failing":false,"failureDetails":[],"failureMessages":[],"fullName":"StartNodeExecutor evaluates FEEL urlExpression and stores the result in urls keyed by fetchable id","invocations":1,"location":null,"numPassingAsserts":2,"retryReasons":[],"startAt":1773557171042,"status":"passed","title":"evaluates FEEL urlExpression and stores the result in urls keyed by fetchable id"},{"ancestorTitles":["StartNodeExecutor"],"duration":2,"failing":false,"failureDetails":[],"failureMessages":[],"fullName":"StartNodeExecutor returns COMPLETED with empty maps when inputDataMap and fetchables are empty","invocations":1,"location":null,"numPassingAsserts":4,"retryReasons":[],"startAt":1773557171044,"status":"passed","title":"returns COMPLETED with empty maps when inputDataMap and fetchables are empty"},{"ancestorTitles":["StartNodeExecutor"],"duration":102,"failing":false,"failureDetails":[],"failureMessages":[],"fullName":"StartNodeExecutor throws DataIntegrityError when node configuration is invalid","invocations":1,"location":null,"numPassingAsserts":1,"retryReasons":[],"startAt":1773557171046,"status":"passed","title":"throws DataIntegrityError when node configuration is invalid"},{"ancestorTitles":["StartNodeExecutor"],"duration":4,"failing":false,"failureDetails":[],"failureMessages":[],"fullName":"StartNodeExecutor throws DataIntegrityError when FEEL URL expression evaluates to a non-string","invocations":1,"location":null,"numPassingAsserts":1,"retryReasons":[],"startAt":1773557171149,"status":"passed","title":"throws DataIntegrityError when FEEL URL expression evaluates to a non-string"},{"ancestorTitles":["StartNodeExecutor"],"duration":1,"failing":false,"failureDetails":[],"failureMessages":[],"fullName":"StartNodeExecutor ignores _context and _transaction params and still returns COMPLETED","invocations":1,"location":null,"numPassingAsserts":1,"retryReasons":[],"startAt":1773557171153,"status":"passed","title":"ignores _context and _transaction params and still returns COMPLETED"}],"endTime":1773557171156,"message":"","name":"E:\\Mini Project\\AWE\\DEV\\awe-backend\\tests\\engine\\executors\\StartNodeExecutor.test.ts","startTime":1773557170400,"status":"passed","summary":""},{"assertionResults":[{"ancestorTitles":["ContextManager","create()"],"duration":5,"failing":false,"failureDetails":[],"failureMessages":[],"fullName":"ContextManager create() returns empty global and next scopes","invocations":1,"location":null,"numPassingAsserts":2,"retryReasons":[],"startAt":1773557171510,"status":"passed","title":"returns empty global and next scopes"},{"ancestorTitles":["ContextManager","merge()"],"duration":1,"failing":false,"failureDetails":[],"failureMessages":[],"fullName":"ContextManager merge() merges into GLOBAL scope and leaves next untouched","invocations":1,"location":null,"numPassingAsserts":2,"retryReasons":[],"startAt":1773557171516,"status":"passed","title":"merges into GLOBAL scope and leaves next untouched"},{"ancestorTitles":["ContextManager","merge()"],"duration":1,"failing":false,"failureDetails":[],"failureMessages":[],"fullName":"ContextManager merge() merges into NEXT scope and leaves global untouched","invocations":1,"location":null,"numPassingAsserts":2,"retryReasons":[],"startAt":1773557171517,"status":"passed","title":"merges into NEXT scope and leaves global untouched"},{"ancestorTitles":["ContextManager","merge()"],"duration":1,"failing":false,"failureDetails":[],"failureMessages":[],"fullName":"ContextManager merge() does not mutate the original context object","invocations":1,"location":null,"numPassingAsserts":2,"retryReasons":[],"startAt":1773557171518,"status":"passed","title":"does not mutate the original context object"},{"ancestorTitles":["ContextManager","resolveForNode()"],"duration":0,"failing":false,"failureDetails":[],"failureMessages":[],"fullName":"ContextManager resolveForNode() flattens global and next into one object","invocations":1,"location":null,"numPassingAsserts":1,"retryReasons":[],"startAt":1773557171520,"status":"passed","title":"flattens global and next into one object"},{"ancestorTitles":["ContextManager","resolveForNode()"],"duration":0,"failing":false,"failureDetails":[],"failureMessages":[],"fullName":"ContextManager resolveForNode() next scope values shadow global scope values for the same key","invocations":1,"location":null,"numPassingAsserts":1,"retryReasons":[],"startAt":1773557171521,"status":"passed","title":"next scope values shadow global scope values for the same key"},{"ancestorTitles":["ContextManager","clearNextScope()"],"duration":1,"failing":false,"failureDetails":[],"failureMessages":[],"fullName":"ContextManager clearNextScope() empties next and preserves global","invocations":1,"location":null,"numPassingAsserts":2,"retryReasons":[],"startAt":1773557171522,"status":"passed","title":"empties next and preserves global"},{"ancestorTitles":["ContextManager","clearNextScope()"],"duration":34,"failing":false,"failureDetails":[],"failureMessages":[],"fullName":"ContextManager clearNextScope() does not mutate the original context","invocations":1,"location":null,"numPassingAsserts":1,"retryReasons":[],"startAt":1773557171523,"status":"passed","title":"does not mutate the original context"},{"ancestorTitles":["ContextManager","fromJson()"],"duration":1,"failing":false,"failureDetails":[],"failureMessages":[],"fullName":"ContextManager fromJson() returns correct WorkflowContext from well-formed JSON","invocations":1,"location":null,"numPassingAsserts":2,"retryReasons":[],"startAt":1773557171557,"status":"passed","title":"returns correct WorkflowContext from well-formed JSON"},{"ancestorTitles":["ContextManager","fromJson()"],"duration":1,"failing":false,"failureDetails":[],"failureMessages":[],"fullName":"ContextManager fromJson() returns empty scopes when input is null","invocations":1,"location":null,"numPassingAsserts":1,"retryReasons":[],"startAt":1773557171558,"status":"passed","title":"returns empty scopes when input is null"},{"ancestorTitles":["ContextManager","fromJson()"],"duration":1,"failing":false,"failureDetails":[],"failureMessages":[],"fullName":"ContextManager fromJson() defaults global to empty object when key is missing","invocations":1,"location":null,"numPassingAsserts":2,"retryReasons":[],"startAt":1773557171559,"status":"passed","title":"defaults global to empty object when key is missing"}],"endTime":1773557171562,"message":"","name":"E:\\Mini Project\\AWE\\DEV\\awe-backend\\tests\\engine\\ContextManager.test.ts","startTime":1773557171007,"status":"passed","summary":""},{"assertionResults":[{"ancestorTitles":["EdgeResolver","non-decision nodes"],"duration":8,"failing":false,"failureDetails":[],"failureMessages":[],"fullName":"EdgeResolver non-decision nodes returns the destination id for a single outgoing edge","invocations":1,"location":null,"numPassingAsserts":1,"retryReasons":[],"startAt":1773557171334,"status":"passed","title":"returns the destination id for a single outgoing edge"},{"ancestorTitles":["EdgeResolver","non-decision nodes"],"duration":2,"failing":false,"failureDetails":[],"failureMessages":[],"fullName":"EdgeResolver non-decision nodes returns all destination ids for multiple outgoing edges","invocations":1,"location":null,"numPassingAsserts":2,"retryReasons":[],"startAt":1773557171343,"status":"passed","title":"returns all destination ids for multiple outgoing edges"},{"ancestorTitles":["EdgeResolver","non-decision nodes"],"duration":0,"failing":false,"failureDetails":[],"failureMessages":[],"fullName":"EdgeResolver non-decision nodes returns empty array when there are no outgoing edges","invocations":1,"location":null,"numPassingAsserts":1,"retryReasons":[],"startAt":1773557171346,"status":"passed","title":"returns empty array when there are no outgoing edges"},{"ancestorTitles":["EdgeResolver","non-decision nodes"],"duration":0,"failing":false,"failureDetails":[],"failureMessages":[],"fullName":"EdgeResolver non-decision nodes excludes edges with null destination_node_id","invocations":1,"location":null,"numPassingAsserts":1,"retryReasons":[],"startAt":1773557171347,"status":"passed","title":"excludes edges with null destination_node_id"},{"ancestorTitles":["EdgeResolver","non-decision nodes"],"duration":1,"failing":false,"failureDetails":[],"failureMessages":[],"fullName":"EdgeResolver non-decision nodes treats completedNodeId not found in nodes as a non-decision node","invocations":1,"location":null,"numPassingAsserts":1,"retryReasons":[],"startAt":1773557171347,"status":"passed","title":"treats completedNodeId not found in nodes as a non-decision node"},{"ancestorTitles":["EdgeResolver","decision nodes"],"duration":114,"failing":false,"failureDetails":[],"failureMessages":[],"fullName":"EdgeResolver decision nodes returns destination of matching conditional edge","invocations":1,"location":null,"numPassingAsserts":1,"retryReasons":[],"startAt":1773557171348,"status":"passed","title":"returns destination of matching conditional edge"},{"ancestorTitles":["EdgeResolver","decision nodes"],"duration":4,"failing":false,"failureDetails":[],"failureMessages":[],"fullName":"EdgeResolver decision nodes falls back to default edge when no condition matches","invocations":1,"location":null,"numPassingAsserts":1,"retryReasons":[],"startAt":1773557171463,"status":"passed","title":"falls back to default edge when no condition matches"},{"ancestorTitles":["EdgeResolver","decision nodes"],"duration":88,"failing":false,"failureDetails":[],"failureMessages":[],"fullName":"EdgeResolver decision nodes throws StateTransitionError when no condition matches and no default edge","invocations":1,"location":null,"numPassingAsserts":1,"retryReasons":[],"startAt":1773557171467,"status":"passed","title":"throws StateTransitionError when no condition matches and no default edge"},{"ancestorTitles":["EdgeResolver","decision nodes"],"duration":3,"failing":false,"failureDetails":[],"failureMessages":[],"fullName":"EdgeResolver decision nodes returns all destinations when multiple conditions match","invocations":1,"location":null,"numPassingAsserts":2,"retryReasons":[],"startAt":1773557171556,"status":"passed","title":"returns all destinations when multiple conditions match"}],"endTime":1773557171561,"message":"","name":"E:\\Mini Project\\AWE\\DEV\\awe-backend\\tests\\engine\\EdgeResolver.test.ts","startTime":1773557170814,"status":"passed","summary":""},{"assertionResults":[{"ancestorTitles":["BullMQQueue","enqueue()"],"duration":5,"failing":false,"failureDetails":[],"failureMessages":[],"fullName":"BullMQQueue enqueue() calls queue.add() with the job data and correct options","invocations":1,"location":null,"numPassingAsserts":1,"retryReasons":[],"startAt":1773557171907,"status":"passed","title":"calls queue.add() with the job data and correct options"},{"ancestorTitles":["BullMQQueue","enqueue()"],"duration":1,"failing":false,"failureDetails":[],"failureMessages":[],"fullName":"BullMQQueue enqueue() sets jobId to instanceId-nodeId for deduplication","invocations":1,"location":null,"numPassingAsserts":1,"retryReasons":[],"startAt":1773557171913,"status":"passed","title":"sets jobId to instanceId-nodeId for deduplication"},{"ancestorTitles":["BullMQQueue","enqueue()"],"duration":3,"failing":false,"failureDetails":[],"failureMessages":[],"fullName":"BullMQQueue enqueue() sets attempts: 3 and exponential backoff","invocations":1,"location":null,"numPassingAsserts":2,"retryReasons":[],"startAt":1773557171914,"status":"passed","title":"sets attempts: 3 and exponential backoff"},{"ancestorTitles":["BullMQQueue","enqueue()"],"duration":1,"failing":false,"failureDetails":[],"failureMessages":[],"fullName":"BullMQQueue enqueue() uses the EXECUTION_QUEUE_NAME constant as the queue name","invocations":1,"location":null,"numPassingAsserts":1,"retryReasons":[],"startAt":1773557171917,"status":"passed","title":"uses the EXECUTION_QUEUE_NAME constant as the queue name"},{"ancestorTitles":["BullMQQueue","close()"],"duration":1,"failing":false,"failureDetails":[],"failureMessages":[],"fullName":"BullMQQueue close() calls queue.close()","invocations":1,"location":null,"numPassingAsserts":1,"retryReasons":[],"startAt":1773557171918,"status":"passed","title":"calls queue.close()"}],"endTime":1773557171927,"message":"","name":"E:\\Mini Project\\AWE\\DEV\\awe-backend\\tests\\engine\\queue\\BullMQQueue.test.ts","startTime":1773557171316,"status":"passed","summary":""}],"wasInterrupted":false,"coverageMap":{"E:\\Mini Project\\AWE\\DEV\\awe-backend\\src\\repositories\\instance.repository.ts":{"path":"E:\\Mini Project\\AWE\\DEV\\awe-backend\\src\\repositories\\instance.repository.ts","statementMap":{"0":{"start":{"line":1,"column":0},"end":{"line":1,"column":76}},"1":{"start":{"line":4,"column":0},"end":{"line":4,"column":36}},"2":{"start":{"line":5,"column":0},"end":{"line":5,"column":63}},"3":{"start":{"line":10,"column":13},"end":{"line":54,"column":2}},"4":{"start":{"line":15,"column":4},"end":{"line":23,"column":5}},"5":{"start":{"line":16,"column":6},"end":{"line":20,"column":28}},"6":{"start":{"line":22,"column":6},"end":{"line":22,"column":73}},"7":{"start":{"line":27,"column":4},"end":{"line":35,"column":5}},"8":{"start":{"line":28,"column":6},"end":{"line":32,"column":35}},"9":{"start":{"line":34,"column":6},"end":{"line":34,"column":63}},"10":{"start":{"line":43,"column":4},"end":{"line":52,"column":5}},"11":{"start":{"line":44,"column":6},"end":{"line":49,"column":35}},"12":{"start":{"line":51,"column":6},"end":{"line":51,"column":63}}},"fnMap":{"0":{"name":"(anonymous_0)","decl":{"start":{"line":11,"column":12},"end":{"line":11,"column":17}},"loc":{"start":{"line":14,"column":42},"end":{"line":24,"column":3}}},"1":{"name":"(anonymous_1)","decl":{"start":{"line":26,"column":10},"end":{"line":26,"column":15}},"loc":{"start":{"line":26,"column":69},"end":{"line":36,"column":3}}},"2":{"name":"(anonymous_2)","decl":{"start":{"line":38,"column":14},"end":{"line":38,"column":19}},"loc":{"start":{"line":42,"column":6},"end":{"line":53,"column":3}}}},"branchMap":{"0":{"loc":{"start":{"line":16,"column":20},"end":{"line":16,"column":37}},"type":"binary-expr","locations":[{"start":{"line":16,"column":20},"end":{"line":16,"column":31}},{"start":{"line":16,"column":35},"end":{"line":16,"column":37}}]},"1":{"loc":{"start":{"line":28,"column":20},"end":{"line":28,"column":37}},"type":"binary-expr","locations":[{"start":{"line":28,"column":20},"end":{"line":28,"column":31}},{"start":{"line":28,"column":35},"end":{"line":28,"column":37}}]},"2":{"loc":{"start":{"line":44,"column":20},"end":{"line":44,"column":37}},"type":"binary-expr","locations":[{"start":{"line":44,"column":20},"end":{"line":44,"column":31}},{"start":{"line":44,"column":35},"end":{"line":44,"column":37}}]}},"s":{"0":4,"1":4,"2":4,"3":4,"4":0,"5":0,"6":0,"7":0,"8":0,"9":0,"10":0,"11":0,"12":0},"f":{"0":0,"1":0,"2":0},"b":{"0":[0,0],"1":[0,0],"2":[0,0]}},"E:\\Mini Project\\AWE\\DEV\\awe-backend\\src\\errors\\RepositoryError.ts":{"path":"E:\\Mini Project\\AWE\\DEV\\awe-backend\\src\\errors\\RepositoryError.ts","statementMap":{"0":{"start":{"line":1,"column":0},"end":{"line":1,"column":41}},"1":{"start":{"line":5,"column":4},"end":{"line":5,"column":31}},"2":{"start":{"line":3,"column":0},"end":{"line":3,"column":13}}},"fnMap":{"0":{"name":"(anonymous_0)","decl":{"start":{"line":4,"column":2},"end":{"line":4,"column":14}},"loc":{"start":{"line":4,"column":68},"end":{"line":6,"column":3}}}},"branchMap":{"0":{"loc":{"start":{"line":4,"column":14},"end":{"line":4,"column":51}},"type":"default-arg","locations":[{"start":{"line":4,"column":24},"end":{"line":4,"column":51}}]}},"s":{"0":28,"1":2,"2":28},"f":{"0":2},"b":{"0":[0]}},"E:\\Mini Project\\AWE\\DEV\\awe-backend\\src\\errors\\AppError.ts":{"path":"E:\\Mini Project\\AWE\\DEV\\awe-backend\\src\\errors\\AppError.ts","statementMap":{"0":{"start":{"line":7,"column":4},"end":{"line":7,"column":19}},"1":{"start":{"line":3,"column":18},"end":{"line":3,"column":39}},"2":{"start":{"line":8,"column":4},"end":{"line":8,"column":33}},"3":{"start":{"line":9,"column":4},"end":{"line":9,"column":23}},"4":{"start":{"line":11,"column":4},"end":{"line":11,"column":52}},"5":{"start":{"line":1,"column":0},"end":{"line":1,"column":13}}},"fnMap":{"0":{"name":"(anonymous_0)","decl":{"start":{"line":6,"column":2},"end":{"line":6,"column":14}},"loc":{"start":{"line":6,"column":64},"end":{"line":12,"column":3}}}},"branchMap":{"0":{"loc":{"start":{"line":6,"column":31},"end":{"line":6,"column":47}},"type":"default-arg","locations":[{"start":{"line":6,"column":44},"end":{"line":6,"column":47}}]}},"s":{"0":24,"1":24,"2":24,"3":24,"4":24,"5":38},"f":{"0":24},"b":{"0":[11]}},"E:\\Mini Project\\AWE\\DEV\\awe-backend\\src\\repositories\\task.repository.ts":{"path":"E:\\Mini Project\\AWE\\DEV\\awe-backend\\src\\repositories\\task.repository.ts","statementMap":{"0":{"start":{"line":1,"column":0},"end":{"line":1,"column":36}},"1":{"start":{"line":4,"column":0},"end":{"line":4,"column":63}},"2":{"start":{"line":10,"column":13},"end":{"line":78,"column":2}},"3":{"start":{"line":15,"column":4},"end":{"line":23,"column":5}},"4":{"start":{"line":16,"column":6},"end":{"line":20,"column":28}},"5":{"start":{"line":22,"column":6},"end":{"line":22,"column":69}},"6":{"start":{"line":30,"column":4},"end":{"line":44,"column":5}},"7":{"start":{"line":31,"column":6},"end":{"line":38,"column":28}},"8":{"start":{"line":40,"column":6},"end":{"line":43,"column":8}},"9":{"start":{"line":51,"column":4},"end":{"line":59,"column":5}},"10":{"start":{"line":52,"column":6},"end":{"line":56,"column":35}},"11":{"start":{"line":58,"column":6},"end":{"line":58,"column":59}},"12":{"start":{"line":67,"column":4},"end":{"line":76,"column":5}},"13":{"start":{"line":68,"column":6},"end":{"line":73,"column":35}},"14":{"start":{"line":75,"column":6},"end":{"line":75,"column":59}}},"fnMap":{"0":{"name":"(anonymous_0)","decl":{"start":{"line":11,"column":12},"end":{"line":11,"column":17}},"loc":{"start":{"line":14,"column":38},"end":{"line":24,"column":3}}},"1":{"name":"(anonymous_1)","decl":{"start":{"line":26,"column":33},"end":{"line":26,"column":38}},"loc":{"start":{"line":29,"column":38},"end":{"line":45,"column":3}}},"2":{"name":"(anonymous_2)","decl":{"start":{"line":47,"column":10},"end":{"line":47,"column":15}},"loc":{"start":{"line":50,"column":26},"end":{"line":60,"column":3}}},"3":{"name":"(anonymous_3)","decl":{"start":{"line":62,"column":14},"end":{"line":62,"column":19}},"loc":{"start":{"line":66,"column":26},"end":{"line":77,"column":3}}}},"branchMap":{"0":{"loc":{"start":{"line":16,"column":20},"end":{"line":16,"column":37}},"type":"binary-expr","locations":[{"start":{"line":16,"column":20},"end":{"line":16,"column":31}},{"start":{"line":16,"column":35},"end":{"line":16,"column":37}}]},"1":{"loc":{"start":{"line":31,"column":20},"end":{"line":31,"column":37}},"type":"binary-expr","locations":[{"start":{"line":31,"column":20},"end":{"line":31,"column":31}},{"start":{"line":31,"column":35},"end":{"line":31,"column":37}}]},"2":{"loc":{"start":{"line":52,"column":20},"end":{"line":52,"column":37}},"type":"binary-expr","locations":[{"start":{"line":52,"column":20},"end":{"line":52,"column":31}},{"start":{"line":52,"column":35},"end":{"line":52,"column":37}}]},"3":{"loc":{"start":{"line":68,"column":20},"end":{"line":68,"column":37}},"type":"binary-expr","locations":[{"start":{"line":68,"column":20},"end":{"line":68,"column":31}},{"start":{"line":68,"column":35},"end":{"line":68,"column":37}}]}},"s":{"0":6,"1":6,"2":6,"3":0,"4":0,"5":0,"6":0,"7":0,"8":0,"9":0,"10":0,"11":0,"12":0,"13":0,"14":0},"f":{"0":0,"1":0,"2":0,"3":0},"b":{"0":[0,0],"1":[0,0],"2":[0,0],"3":[0,0]}},"E:\\Mini Project\\AWE\\DEV\\awe-backend\\src\\repositories\\taskExecution.repository.ts":{"path":"E:\\Mini Project\\AWE\\DEV\\awe-backend\\src\\repositories\\taskExecution.repository.ts","statementMap":{"0":{"start":{"line":1,"column":0},"end":{"line":1,"column":36}},"1":{"start":{"line":4,"column":0},"end":{"line":4,"column":63}},"2":{"start":{"line":10,"column":13},"end":{"line":42,"column":2}},"3":{"start":{"line":15,"column":4},"end":{"line":23,"column":5}},"4":{"start":{"line":16,"column":6},"end":{"line":20,"column":35}},"5":{"start":{"line":22,"column":6},"end":{"line":22,"column":69}},"6":{"start":{"line":31,"column":4},"end":{"line":40,"column":5}},"7":{"start":{"line":32,"column":6},"end":{"line":37,"column":35}},"8":{"start":{"line":39,"column":6},"end":{"line":39,"column":69}}},"fnMap":{"0":{"name":"(anonymous_0)","decl":{"start":{"line":11,"column":10},"end":{"line":11,"column":15}},"loc":{"start":{"line":14,"column":35},"end":{"line":24,"column":3}}},"1":{"name":"(anonymous_1)","decl":{"start":{"line":26,"column":14},"end":{"line":26,"column":19}},"loc":{"start":{"line":30,"column":35},"end":{"line":41,"column":3}}}},"branchMap":{"0":{"loc":{"start":{"line":16,"column":20},"end":{"line":16,"column":37}},"type":"binary-expr","locations":[{"start":{"line":16,"column":20},"end":{"line":16,"column":31}},{"start":{"line":16,"column":35},"end":{"line":16,"column":37}}]},"1":{"loc":{"start":{"line":32,"column":20},"end":{"line":32,"column":37}},"type":"binary-expr","locations":[{"start":{"line":32,"column":20},"end":{"line":32,"column":31}},{"start":{"line":32,"column":35},"end":{"line":32,"column":37}}]}},"s":{"0":4,"1":4,"2":4,"3":0,"4":0,"5":0,"6":0,"7":0,"8":0},"f":{"0":0,"1":0},"b":{"0":[0,0],"1":[0,0]}},"E:\\Mini Project\\AWE\\DEV\\awe-backend\\src\\repositories\\node.repository.ts":{"path":"E:\\Mini Project\\AWE\\DEV\\awe-backend\\src\\repositories\\node.repository.ts","statementMap":{"0":{"start":{"line":3,"column":0},"end":{"line":3,"column":63}},"1":{"start":{"line":4,"column":0},"end":{"line":4,"column":36}},"2":{"start":{"line":9,"column":13},"end":{"line":89,"column":2}},"3":{"start":{"line":14,"column":4},"end":{"line":26,"column":5}},"4":{"start":{"line":15,"column":6},"end":{"line":20,"column":19}},"5":{"start":{"line":22,"column":6},"end":{"line":25,"column":8}},"6":{"start":{"line":34,"column":4},"end":{"line":40,"column":17}},"7":{"start":{"line":47,"column":4},"end":{"line":55,"column":5}},"8":{"start":{"line":48,"column":6},"end":{"line":52,"column":35}},"9":{"start":{"line":54,"column":6},"end":{"line":54,"column":59}},"10":{"start":{"line":62,"column":4},"end":{"line":70,"column":5}},"11":{"start":{"line":63,"column":6},"end":{"line":67,"column":19}},"12":{"start":{"line":69,"column":6},"end":{"line":69,"column":59}},"13":{"start":{"line":77,"column":4},"end":{"line":87,"column":5}},"14":{"start":{"line":78,"column":6},"end":{"line":81,"column":19}},"15":{"start":{"line":83,"column":6},"end":{"line":86,"column":8}}},"fnMap":{"0":{"name":"(anonymous_0)","decl":{"start":{"line":10,"column":27},"end":{"line":10,"column":32}},"loc":{"start":{"line":13,"column":28},"end":{"line":27,"column":3}}},"1":{"name":"(anonymous_1)","decl":{"start":{"line":29,"column":38},"end":{"line":29,"column":43}},"loc":{"start":{"line":33,"column":28},"end":{"line":41,"column":3}}},"2":{"name":"(anonymous_2)","decl":{"start":{"line":43,"column":10},"end":{"line":43,"column":15}},"loc":{"start":{"line":46,"column":26},"end":{"line":56,"column":3}}},"3":{"name":"(anonymous_3)","decl":{"start":{"line":58,"column":14},"end":{"line":58,"column":19}},"loc":{"start":{"line":61,"column":28},"end":{"line":71,"column":3}}},"4":{"name":"(anonymous_4)","decl":{"start":{"line":73,"column":29},"end":{"line":73,"column":34}},"loc":{"start":{"line":76,"column":21},"end":{"line":88,"column":3}}}},"branchMap":{"0":{"loc":{"start":{"line":15,"column":20},"end":{"line":15,"column":37}},"type":"binary-expr","locations":[{"start":{"line":15,"column":20},"end":{"line":15,"column":31}},{"start":{"line":15,"column":35},"end":{"line":15,"column":37}}]},"1":{"loc":{"start":{"line":34,"column":18},"end":{"line":34,"column":35}},"type":"binary-expr","locations":[{"start":{"line":34,"column":18},"end":{"line":34,"column":29}},{"start":{"line":34,"column":33},"end":{"line":34,"column":35}}]},"2":{"loc":{"start":{"line":48,"column":20},"end":{"line":48,"column":37}},"type":"binary-expr","locations":[{"start":{"line":48,"column":20},"end":{"line":48,"column":31}},{"start":{"line":48,"column":35},"end":{"line":48,"column":37}}]},"3":{"loc":{"start":{"line":63,"column":20},"end":{"line":63,"column":37}},"type":"binary-expr","locations":[{"start":{"line":63,"column":20},"end":{"line":63,"column":31}},{"start":{"line":63,"column":35},"end":{"line":63,"column":37}}]},"4":{"loc":{"start":{"line":78,"column":13},"end":{"line":78,"column":30}},"type":"binary-expr","locations":[{"start":{"line":78,"column":13},"end":{"line":78,"column":24}},{"start":{"line":78,"column":28},"end":{"line":78,"column":30}}]}},"s":{"0":4,"1":4,"2":4,"3":0,"4":0,"5":0,"6":0,"7":0,"8":0,"9":0,"10":0,"11":0,"12":0,"13":0,"14":0,"15":0},"f":{"0":0,"1":0,"2":0,"3":0,"4":0},"b":{"0":[0,0],"1":[0,0],"2":[0,0],"3":[0,0],"4":[0,0]}},"E:\\Mini Project\\AWE\\DEV\\awe-backend\\src\\repositories\\edge.repository.ts":{"path":"E:\\Mini Project\\AWE\\DEV\\awe-backend\\src\\repositories\\edge.repository.ts","statementMap":{"0":{"start":{"line":3,"column":0},"end":{"line":3,"column":63}},"1":{"start":{"line":4,"column":0},"end":{"line":4,"column":36}},"2":{"start":{"line":9,"column":13},"end":{"line":66,"column":2}},"3":{"start":{"line":14,"column":4},"end":{"line":28,"column":5}},"4":{"start":{"line":15,"column":6},"end":{"line":25,"column":19}},"5":{"start":{"line":19,"column":10},"end":{"line":22,"column":12}},"6":{"start":{"line":27,"column":6},"end":{"line":27,"column":76}},"7":{"start":{"line":35,"column":4},"end":{"line":35,"column":37}},"8":{"start":{"line":35,"column":27},"end":{"line":35,"column":37}},"9":{"start":{"line":36,"column":4},"end":{"line":44,"column":5}},"10":{"start":{"line":37,"column":6},"end":{"line":41,"column":19}},"11":{"start":{"line":43,"column":6},"end":{"line":43,"column":60}},"12":{"start":{"line":51,"column":4},"end":{"line":51,"column":37}},"13":{"start":{"line":51,"column":30},"end":{"line":51,"column":37}},"14":{"start":{"line":52,"column":4},"end":{"line":64,"column":5}},"15":{"start":{"line":53,"column":6},"end":{"line":61,"column":19}},"16":{"start":{"line":56,"column":10},"end":{"line":59,"column":12}},"17":{"start":{"line":63,"column":6},"end":{"line":63,"column":72}}},"fnMap":{"0":{"name":"(anonymous_0)","decl":{"start":{"line":10,"column":17},"end":{"line":10,"column":22}},"loc":{"start":{"line":13,"column":28},"end":{"line":29,"column":3}}},"1":{"name":"(anonymous_1)","decl":{"start":{"line":18,"column":15},"end":{"line":18,"column":16}},"loc":{"start":{"line":19,"column":10},"end":{"line":22,"column":12}}},"2":{"name":"(anonymous_2)","decl":{"start":{"line":31,"column":14},"end":{"line":31,"column":19}},"loc":{"start":{"line":34,"column":28},"end":{"line":45,"column":3}}},"3":{"name":"(anonymous_3)","decl":{"start":{"line":47,"column":19},"end":{"line":47,"column":24}},"loc":{"start":{"line":50,"column":21},"end":{"line":65,"column":3}}},"4":{"name":"(anonymous_4)","decl":{"start":{"line":55,"column":15},"end":{"line":55,"column":16}},"loc":{"start":{"line":56,"column":10},"end":{"line":59,"column":12}}}},"branchMap":{"0":{"loc":{"start":{"line":15,"column":20},"end":{"line":15,"column":37}},"type":"binary-expr","locations":[{"start":{"line":15,"column":20},"end":{"line":15,"column":31}},{"start":{"line":15,"column":35},"end":{"line":15,"column":37}}]},"1":{"loc":{"start":{"line":35,"column":4},"end":{"line":35,"column":37}},"type":"if","locations":[{"start":{"line":35,"column":4},"end":{"line":35,"column":37}},{"start":{},"end":{}}]},"2":{"loc":{"start":{"line":37,"column":20},"end":{"line":37,"column":37}},"type":"binary-expr","locations":[{"start":{"line":37,"column":20},"end":{"line":37,"column":31}},{"start":{"line":37,"column":35},"end":{"line":37,"column":37}}]},"3":{"loc":{"start":{"line":51,"column":4},"end":{"line":51,"column":37}},"type":"if","locations":[{"start":{"line":51,"column":4},"end":{"line":51,"column":37}},{"start":{},"end":{}}]},"4":{"loc":{"start":{"line":53,"column":13},"end":{"line":53,"column":30}},"type":"binary-expr","locations":[{"start":{"line":53,"column":13},"end":{"line":53,"column":24}},{"start":{"line":53,"column":28},"end":{"line":53,"column":30}}]}},"s":{"0":4,"1":4,"2":4,"3":0,"4":0,"5":0,"6":0,"7":0,"8":0,"9":0,"10":0,"11":0,"12":0,"13":0,"14":0,"15":0,"16":0,"17":0},"f":{"0":0,"1":0,"2":0,"3":0,"4":0},"b":{"0":[0,0],"1":[0,0],"2":[0,0],"3":[0,0],"4":[0,0]}},"E:\\Mini Project\\AWE\\DEV\\awe-backend\\src\\engine\\ExecutionEngine.ts":{"path":"E:\\Mini Project\\AWE\\DEV\\awe-backend\\src\\engine\\ExecutionEngine.ts","statementMap":{"0":{"start":{"line":1,"column":0},"end":{"line":1,"column":36}},"1":{"start":{"line":5,"column":0},"end":{"line":5,"column":76}},"2":{"start":{"line":6,"column":0},"end":{"line":6,"column":68}},"3":{"start":{"line":7,"column":0},"end":{"line":7,"column":86}},"4":{"start":{"line":8,"column":0},"end":{"line":8,"column":68}},"5":{"start":{"line":9,"column":0},"end":{"line":9,"column":68}},"6":{"start":{"line":10,"column":0},"end":{"line":10,"column":53}},"7":{"start":{"line":11,"column":0},"end":{"line":11,"column":49}},"8":{"start":{"line":12,"column":0},"end":{"line":12,"column":69}},"9":{"start":{"line":13,"column":0},"end":{"line":13,"column":65}},"10":{"start":{"line":15,"column":0},"end":{"line":15,"column":null}},"11":{"start":{"line":21,"column":0},"end":{"line":21,"column":61}},"12":{"start":{"line":22,"column":0},"end":{"line":22,"column":64}},"13":{"start":{"line":23,"column":0},"end":{"line":23,"column":73}},"14":{"start":{"line":25,"column":57},"end":{"line":28,"column":2}},"15":{"start":{"line":30,"column":13},"end":{"line":154,"column":2}},"16":{"start":{"line":36,"column":4},"end":{"line":152,"column":7}},"17":{"start":{"line":37,"column":20},"end":{"line":39,"column":null}},"18":{"start":{"line":42,"column":19},"end":{"line":42,"column":53}},"19":{"start":{"line":42,"column":37},"end":{"line":42,"column":52}},"20":{"start":{"line":43,"column":6},"end":{"line":47,"column":7}},"21":{"start":{"line":44,"column":8},"end":{"line":46,"column":10}},"22":{"start":{"line":49,"column":23},"end":{"line":49,"column":43}},"23":{"start":{"line":50,"column":6},"end":{"line":54,"column":7}},"24":{"start":{"line":51,"column":8},"end":{"line":53,"column":10}},"25":{"start":{"line":56,"column":24},"end":{"line":56,"column":34}},"26":{"start":{"line":57,"column":19},"end":{"line":59,"column":null}},"27":{"start":{"line":63,"column":6},"end":{"line":71,"column":7}},"28":{"start":{"line":64,"column":8},"end":{"line":64,"column":69}},"29":{"start":{"line":66,"column":8},"end":{"line":70,"column":10}},"30":{"start":{"line":73,"column":6},"end":{"line":73,"column":78}},"31":{"start":{"line":74,"column":6},"end":{"line":86,"column":8}},"32":{"start":{"line":88,"column":6},"end":{"line":95,"column":7}},"33":{"start":{"line":89,"column":24},"end":{"line":92,"column":null}},"34":{"start":{"line":94,"column":8},"end":{"line":94,"column":56}},"35":{"start":{"line":97,"column":6},"end":{"line":108,"column":7}},"36":{"start":{"line":98,"column":24},"end":{"line":105,"column":null}},"37":{"start":{"line":107,"column":8},"end":{"line":107,"column":59}},"38":{"start":{"line":111,"column":6},"end":{"line":117,"column":7}},"39":{"start":{"line":112,"column":27},"end":{"line":112,"column":65}},"40":{"start":{"line":113,"column":8},"end":{"line":113,"column":99}},"41":{"start":{"line":115,"column":24},"end":{"line":115,"column":62}},"42":{"start":{"line":116,"column":8},"end":{"line":116,"column":112}},"43":{"start":{"line":119,"column":30},"end":{"line":122,"column":null}},"44":{"start":{"line":125,"column":20},"end":{"line":127,"column":null}},"45":{"start":{"line":126,"column":25},"end":{"line":126,"column":29}},"46":{"start":{"line":131,"column":6},"end":{"line":140,"column":7}},"47":{"start":{"line":132,"column":8},"end":{"line":132,"column":93}},"48":{"start":{"line":134,"column":24},"end":{"line":137,"column":null}},"49":{"start":{"line":139,"column":8},"end":{"line":139,"column":56}},"50":{"start":{"line":142,"column":6},"end":{"line":149,"column":7}},"51":{"start":{"line":143,"column":24},"end":{"line":146,"column":null}},"52":{"start":{"line":148,"column":8},"end":{"line":148,"column":56}},"53":{"start":{"line":151,"column":6},"end":{"line":151,"column":98}}},"fnMap":{"0":{"name":"(anonymous_0)","decl":{"start":{"line":31,"column":11},"end":{"line":31,"column":16}},"loc":{"start":{"line":35,"column":30},"end":{"line":153,"column":3}}},"1":{"name":"(anonymous_1)","decl":{"start":{"line":36,"column":36},"end":{"line":36,"column":41}},"loc":{"start":{"line":36,"column":49},"end":{"line":152,"column":5}}},"2":{"name":"(anonymous_2)","decl":{"start":{"line":42,"column":30},"end":{"line":42,"column":31}},"loc":{"start":{"line":42,"column":37},"end":{"line":42,"column":52}}},"3":{"name":"(anonymous_3)","decl":{"start":{"line":126,"column":18},"end":{"line":126,"column":19}},"loc":{"start":{"line":126,"column":25},"end":{"line":126,"column":29}}}},"branchMap":{"0":{"loc":{"start":{"line":43,"column":6},"end":{"line":47,"column":7}},"type":"if","locations":[{"start":{"line":43,"column":6},"end":{"line":47,"column":7}},{"start":{},"end":{}}]},"1":{"loc":{"start":{"line":50,"column":6},"end":{"line":54,"column":7}},"type":"if","locations":[{"start":{"line":50,"column":6},"end":{"line":54,"column":7}},{"start":{},"end":{}}]},"2":{"loc":{"start":{"line":69,"column":17},"end":{"line":69,"column":65}},"type":"cond-expr","locations":[{"start":{"line":69,"column":40},"end":{"line":69,"column":51}},{"start":{"line":69,"column":54},"end":{"line":69,"column":65}}]},"3":{"loc":{"start":{"line":88,"column":6},"end":{"line":95,"column":7}},"type":"if","locations":[{"start":{"line":88,"column":6},"end":{"line":95,"column":7}},{"start":{},"end":{}}]},"4":{"loc":{"start":{"line":97,"column":6},"end":{"line":108,"column":7}},"type":"if","locations":[{"start":{"line":97,"column":6},"end":{"line":108,"column":7}},{"start":{},"end":{}}]},"5":{"loc":{"start":{"line":111,"column":6},"end":{"line":117,"column":7}},"type":"if","locations":[{"start":{"line":111,"column":6},"end":{"line":117,"column":7}},{"start":{"line":114,"column":13},"end":{"line":117,"column":7}}]},"6":{"loc":{"start":{"line":112,"column":27},"end":{"line":112,"column":65}},"type":"binary-expr","locations":[{"start":{"line":112,"column":27},"end":{"line":112,"column":59}},{"start":{"line":112,"column":63},"end":{"line":112,"column":65}}]},"7":{"loc":{"start":{"line":142,"column":6},"end":{"line":149,"column":7}},"type":"if","locations":[{"start":{"line":142,"column":6},"end":{"line":149,"column":7}},{"start":{},"end":{}}]}},"s":{"0":4,"1":4,"2":4,"3":4,"4":4,"5":4,"6":4,"7":4,"8":4,"9":4,"10":4,"11":4,"12":4,"13":4,"14":4,"15":4,"16":12,"17":12,"18":12,"19":16,"20":12,"21":1,"22":11,"23":11,"24":1,"25":10,"26":10,"27":10,"28":10,"29":1,"30":10,"31":10,"32":10,"33":3,"34":3,"35":7,"36":1,"37":1,"38":6,"39":6,"40":6,"41":0,"42":0,"43":6,"44":6,"45":12,"46":6,"47":6,"48":1,"49":1,"50":5,"51":1,"52":1,"53":4},"f":{"0":12,"1":12,"2":16,"3":12},"b":{"0":[1,11],"1":[1,10],"2":[1,0],"3":[3,7],"4":[1,6],"5":[6,0],"6":[6,0],"7":[1,4]}},"E:\\Mini Project\\AWE\\DEV\\awe-backend\\src\\engine\\ContextManager.ts":{"path":"E:\\Mini Project\\AWE\\DEV\\awe-backend\\src\\engine\\ContextManager.ts","statementMap":{"0":{"start":{"line":1,"column":0},"end":{"line":1,"column":61}},"1":{"start":{"line":3,"column":0},"end":{"line":3,"column":61}},"2":{"start":{"line":6,"column":13},"end":{"line":37,"column":2}},"3":{"start":{"line":8,"column":4},"end":{"line":8,"column":36}},"4":{"start":{"line":16,"column":4},"end":{"line":18,"column":5}},"5":{"start":{"line":17,"column":6},"end":{"line":17,"column":68}},"6":{"start":{"line":19,"column":4},"end":{"line":19,"column":62}},"7":{"start":{"line":23,"column":4},"end":{"line":23,"column":50}},"8":{"start":{"line":27,"column":4},"end":{"line":27,"column":36}},"9":{"start":{"line":31,"column":16},"end":{"line":31,"column":54}},"10":{"start":{"line":32,"column":4},"end":{"line":35,"column":6}}},"fnMap":{"0":{"name":"(anonymous_0)","decl":{"start":{"line":7,"column":2},"end":{"line":7,"column":8}},"loc":{"start":{"line":7,"column":8},"end":{"line":9,"column":3}}},"1":{"name":"(anonymous_1)","decl":{"start":{"line":11,"column":2},"end":{"line":11,"column":7}},"loc":{"start":{"line":14,"column":35},"end":{"line":20,"column":3}}},"2":{"name":"(anonymous_2)","decl":{"start":{"line":22,"column":2},"end":{"line":22,"column":16}},"loc":{"start":{"line":22,"column":41},"end":{"line":24,"column":3}}},"3":{"name":"(anonymous_3)","decl":{"start":{"line":26,"column":2},"end":{"line":26,"column":16}},"loc":{"start":{"line":26,"column":41},"end":{"line":28,"column":3}}},"4":{"name":"(anonymous_4)","decl":{"start":{"line":30,"column":2},"end":{"line":30,"column":10}},"loc":{"start":{"line":30,"column":26},"end":{"line":36,"column":3}}}},"branchMap":{"0":{"loc":{"start":{"line":16,"column":4},"end":{"line":18,"column":5}},"type":"if","locations":[{"start":{"line":16,"column":4},"end":{"line":18,"column":5}},{"start":{},"end":{}}]},"1":{"loc":{"start":{"line":33,"column":15},"end":{"line":33,"column":59}},"type":"binary-expr","locations":[{"start":{"line":33,"column":15},"end":{"line":33,"column":53}},{"start":{"line":33,"column":57},"end":{"line":33,"column":59}}]},"2":{"loc":{"start":{"line":34,"column":13},"end":{"line":34,"column":55}},"type":"binary-expr","locations":[{"start":{"line":34,"column":13},"end":{"line":34,"column":49}},{"start":{"line":34,"column":53},"end":{"line":34,"column":55}}]}},"s":{"0":7,"1":7,"2":7,"3":3,"4":9,"5":8,"6":1,"7":23,"8":2,"9":3,"10":3},"f":{"0":3,"1":9,"2":23,"3":2,"4":3},"b":{"0":[8,1],"1":[3,2],"2":[3,1]}},"E:\\Mini Project\\AWE\\DEV\\awe-backend\\src\\utils\\converter.utils.ts":{"path":"E:\\Mini Project\\AWE\\DEV\\awe-backend\\src\\utils\\converter.utils.ts","statementMap":{"0":{"start":{"line":3,"column":13},"end":{"line":14,"column":2}},"1":{"start":{"line":5,"column":4},"end":{"line":7,"column":5}},"2":{"start":{"line":6,"column":6},"end":{"line":6,"column":16}},"3":{"start":{"line":8,"column":4},"end":{"line":8,"column":44}},"4":{"start":{"line":12,"column":4},"end":{"line":12,"column":30}}},"fnMap":{"0":{"name":"(anonymous_0)","decl":{"start":{"line":4,"column":21},"end":{"line":4,"column":22}},"loc":{"start":{"line":4,"column":67},"end":{"line":9,"column":3}}},"1":{"name":"(anonymous_1)","decl":{"start":{"line":11,"column":21},"end":{"line":11,"column":22}},"loc":{"start":{"line":11,"column":50},"end":{"line":13,"column":3}}}},"branchMap":{"0":{"loc":{"start":{"line":5,"column":4},"end":{"line":7,"column":5}},"type":"if","locations":[{"start":{"line":5,"column":4},"end":{"line":7,"column":5}},{"start":{},"end":{}}]},"1":{"loc":{"start":{"line":5,"column":8},"end":{"line":5,"column":67}},"type":"binary-expr","locations":[{"start":{"line":5,"column":8},"end":{"line":5,"column":14}},{"start":{"line":5,"column":18},"end":{"line":5,"column":43}},{"start":{"line":5,"column":47},"end":{"line":5,"column":67}}]}},"s":{"0":10,"1":9,"2":1,"3":8,"4":29},"f":{"0":9,"1":29},"b":{"0":[1,8],"1":[9,8,8]}},"E:\\Mini Project\\AWE\\DEV\\awe-backend\\src\\engine\\EdgeResolver.ts":{"path":"E:\\Mini Project\\AWE\\DEV\\awe-backend\\src\\engine\\EdgeResolver.ts","statementMap":{"0":{"start":{"line":1,"column":0},"end":{"line":1,"column":43}},"1":{"start":{"line":4,"column":0},"end":{"line":4,"column":46}},"2":{"start":{"line":5,"column":0},"end":{"line":5,"column":53}},"3":{"start":{"line":6,"column":0},"end":{"line":6,"column":73}},"4":{"start":{"line":8,"column":13},"end":{"line":30,"column":2}},"5":{"start":{"line":15,"column":26},"end":{"line":15,"column":69}},"6":{"start":{"line":15,"column":44},"end":{"line":15,"column":68}},"7":{"start":{"line":16,"column":21},"end":{"line":17,"column":null}},"8":{"start":{"line":17,"column":13},"end":{"line":17,"column":83}},"9":{"start":{"line":20,"column":4},"end":{"line":20,"column":41}},"10":{"start":{"line":20,"column":31},"end":{"line":20,"column":41}},"11":{"start":{"line":22,"column":4},"end":{"line":24,"column":5}},"12":{"start":{"line":23,"column":6},"end":{"line":23,"column":54}},"13":{"start":{"line":26,"column":4},"end":{"line":28,"column":49}},"14":{"start":{"line":27,"column":18},"end":{"line":27,"column":39}},"15":{"start":{"line":28,"column":36},"end":{"line":28,"column":47}},"16":{"start":{"line":36,"column":22},"end":{"line":36,"column":60}},"17":{"start":{"line":37,"column":22},"end":{"line":37,"column":77}},"18":{"start":{"line":37,"column":45},"end":{"line":37,"column":76}},"19":{"start":{"line":38,"column":22},"end":{"line":38,"column":75}},"20":{"start":{"line":38,"column":43},"end":{"line":38,"column":74}},"21":{"start":{"line":40,"column":18},"end":{"line":46,"column":46}},"22":{"start":{"line":42,"column":21},"end":{"line":42,"column":67}},"23":{"start":{"line":43,"column":6},"end":{"line":43,"column":35}},"24":{"start":{"line":45,"column":16},"end":{"line":45,"column":37}},"25":{"start":{"line":46,"column":34},"end":{"line":46,"column":45}},"26":{"start":{"line":48,"column":2},"end":{"line":48,"column":41}},"27":{"start":{"line":48,"column":26},"end":{"line":48,"column":41}},"28":{"start":{"line":50,"column":2},"end":{"line":54,"column":3}},"29":{"start":{"line":51,"column":4},"end":{"line":53,"column":6}},"30":{"start":{"line":56,"column":2},"end":{"line":56,"column":43}}},"fnMap":{"0":{"name":"(anonymous_0)","decl":{"start":{"line":9,"column":2},"end":{"line":9,"column":20}},"loc":{"start":{"line":13,"column":22},"end":{"line":29,"column":3}}},"1":{"name":"(anonymous_1)","decl":{"start":{"line":15,"column":37},"end":{"line":15,"column":38}},"loc":{"start":{"line":15,"column":44},"end":{"line":15,"column":68}}},"2":{"name":"(anonymous_2)","decl":{"start":{"line":17,"column":6},"end":{"line":17,"column":7}},"loc":{"start":{"line":17,"column":13},"end":{"line":17,"column":83}}},"3":{"name":"(anonymous_3)","decl":{"start":{"line":27,"column":11},"end":{"line":27,"column":12}},"loc":{"start":{"line":27,"column":18},"end":{"line":27,"column":39}}},"4":{"name":"(anonymous_4)","decl":{"start":{"line":28,"column":14},"end":{"line":28,"column":15}},"loc":{"start":{"line":28,"column":36},"end":{"line":28,"column":47}}},"5":{"name":"evaluateDecisionEdges","decl":{"start":{"line":32,"column":9},"end":{"line":32,"column":30}},"loc":{"start":{"line":34,"column":26},"end":{"line":57,"column":1}}},"6":{"name":"(anonymous_6)","decl":{"start":{"line":37,"column":38},"end":{"line":37,"column":39}},"loc":{"start":{"line":37,"column":45},"end":{"line":37,"column":76}}},"7":{"name":"(anonymous_7)","decl":{"start":{"line":38,"column":36},"end":{"line":38,"column":37}},"loc":{"start":{"line":38,"column":43},"end":{"line":38,"column":74}}},"8":{"name":"(anonymous_8)","decl":{"start":{"line":41,"column":12},"end":{"line":41,"column":13}},"loc":{"start":{"line":41,"column":18},"end":{"line":44,"column":5}}},"9":{"name":"(anonymous_9)","decl":{"start":{"line":45,"column":9},"end":{"line":45,"column":10}},"loc":{"start":{"line":45,"column":16},"end":{"line":45,"column":37}}},"10":{"name":"(anonymous_10)","decl":{"start":{"line":46,"column":12},"end":{"line":46,"column":13}},"loc":{"start":{"line":46,"column":34},"end":{"line":46,"column":45}}}},"branchMap":{"0":{"loc":{"start":{"line":17,"column":13},"end":{"line":17,"column":83}},"type":"binary-expr","locations":[{"start":{"line":17,"column":13},"end":{"line":17,"column":49}},{"start":{"line":17,"column":53},"end":{"line":17,"column":83}}]},"1":{"loc":{"start":{"line":20,"column":4},"end":{"line":20,"column":41}},"type":"if","locations":[{"start":{"line":20,"column":4},"end":{"line":20,"column":41}},{"start":{},"end":{}}]},"2":{"loc":{"start":{"line":22,"column":4},"end":{"line":24,"column":5}},"type":"if","locations":[{"start":{"line":22,"column":4},"end":{"line":24,"column":5}},{"start":{},"end":{}}]},"3":{"loc":{"start":{"line":48,"column":2},"end":{"line":48,"column":41}},"type":"if","locations":[{"start":{"line":48,"column":2},"end":{"line":48,"column":41}},{"start":{},"end":{}}]},"4":{"loc":{"start":{"line":50,"column":2},"end":{"line":54,"column":3}},"type":"if","locations":[{"start":{"line":50,"column":2},"end":{"line":54,"column":3}},{"start":{},"end":{}}]}},"s":{"0":5,"1":5,"2":5,"3":5,"4":5,"5":14,"6":14,"7":14,"8":15,"9":14,"10":3,"11":11,"12":4,"13":7,"14":8,"15":8,"16":4,"17":4,"18":6,"19":4,"20":6,"21":4,"22":5,"23":5,"24":3,"25":3,"26":4,"27":2,"28":2,"29":1,"30":1},"f":{"0":14,"1":14,"2":15,"3":8,"4":8,"5":4,"6":6,"7":6,"8":5,"9":3,"10":3},"b":{"0":[15,15],"1":[3,11],"2":[4,7],"3":[2,2],"4":[1,1]}},"E:\\Mini Project\\AWE\\DEV\\awe-backend\\src\\errors\\StateTransitionError.ts":{"path":"E:\\Mini Project\\AWE\\DEV\\awe-backend\\src\\errors\\StateTransitionError.ts","statementMap":{"0":{"start":{"line":1,"column":0},"end":{"line":1,"column":41}},"1":{"start":{"line":5,"column":4},"end":{"line":5,"column":19}},"2":{"start":{"line":3,"column":0},"end":{"line":3,"column":13}}},"fnMap":{"0":{"name":"(anonymous_0)","decl":{"start":{"line":4,"column":2},"end":{"line":4,"column":14}},"loc":{"start":{"line":4,"column":29},"end":{"line":6,"column":3}}}},"branchMap":{},"s":{"0":9,"1":5,"2":9},"f":{"0":5},"b":{}},"E:\\Mini Project\\AWE\\DEV\\awe-backend\\src\\errors\\DataIntegrity.ts":{"path":"E:\\Mini Project\\AWE\\DEV\\awe-backend\\src\\errors\\DataIntegrity.ts","statementMap":{"0":{"start":{"line":1,"column":0},"end":{"line":1,"column":41}},"1":{"start":{"line":5,"column":4},"end":{"line":5,"column":19}},"2":{"start":{"line":3,"column":0},"end":{"line":3,"column":13}}},"fnMap":{"0":{"name":"(anonymous_0)","decl":{"start":{"line":4,"column":2},"end":{"line":4,"column":14}},"loc":{"start":{"line":4,"column":29},"end":{"line":6,"column":3}}}},"branchMap":{},"s":{"0":12,"1":6,"2":12},"f":{"0":6},"b":{}},"E:\\Mini Project\\AWE\\DEV\\awe-backend\\src\\services\\instance.service.ts":{"path":"E:\\Mini Project\\AWE\\DEV\\awe-backend\\src\\services\\instance.service.ts","statementMap":{"0":{"start":{"line":1,"column":0},"end":{"line":1,"column":76}},"1":{"start":{"line":2,"column":0},"end":{"line":2,"column":68}},"2":{"start":{"line":3,"column":0},"end":{"line":3,"column":68}},"3":{"start":{"line":4,"column":0},"end":{"line":4,"column":68}},"4":{"start":{"line":7,"column":0},"end":{"line":7,"column":24}},"5":{"start":{"line":8,"column":0},"end":{"line":8,"column":70}},"6":{"start":{"line":9,"column":0},"end":{"line":9,"column":49}},"7":{"start":{"line":10,"column":0},"end":{"line":10,"column":50}},"8":{"start":{"line":11,"column":0},"end":{"line":11,"column":57}},"9":{"start":{"line":12,"column":0},"end":{"line":12,"column":61}},"10":{"start":{"line":13,"column":0},"end":{"line":13,"column":59}},"11":{"start":{"line":14,"column":0},"end":{"line":14,"column":64}},"12":{"start":{"line":15,"column":0},"end":{"line":15,"column":73}},"13":{"start":{"line":16,"column":0},"end":{"line":16,"column":53}},"14":{"start":{"line":17,"column":0},"end":{"line":17,"column":36}},"15":{"start":{"line":18,"column":0},"end":{"line":18,"column":61}},"16":{"start":{"line":22,"column":13},"end":{"line":85,"column":2}},"17":{"start":{"line":24,"column":28},"end":{"line":25,"column":null}},"18":{"start":{"line":27,"column":4},"end":{"line":29,"column":5}},"19":{"start":{"line":28,"column":6},"end":{"line":28,"column":66}},"20":{"start":{"line":31,"column":38},"end":{"line":48,"column":6}},"21":{"start":{"line":32,"column":26},"end":{"line":41,"column":null}},"22":{"start":{"line":43,"column":24},"end":{"line":45,"column":null}},"23":{"start":{"line":47,"column":6},"end":{"line":47,"column":66}},"24":{"start":{"l
[...]
:0,"1":0,"2":0,"3":0,"4":0,"5":0,"6":0,"7":0},"b":{"0":[0,0],"1":[0,0],"2":[0,0],"3":[0,0],"4":[0,0],"5":[0,0],"6":[0,0],"7":[0,0,0],"8":[0,0],"9":[0,0],"10":[0,0]}},"E:\\Mini Project\\AWE\\DEV\\awe-backend\\src\\errors\\DuplicateError.ts":{"path":"E:\\Mini Project\\AWE\\DEV\\awe-backend\\src\\errors\\DuplicateError.ts","statementMap":{"0":{"start":{"line":1,"column":0},"end":{"line":1,"column":41}},"1":{"start":{"line":5,"column":4},"end":{"line":5,"column":45}},"2":{"start":{"line":3,"column":0},"end":{"line":3,"column":13}}},"fnMap":{"0":{"name":"(anonymous_0)","decl":{"start":{"line":4,"column":2},"end":{"line":4,"column":14}},"loc":{"start":{"line":4,"column":30},"end":{"line":6,"column":3}}}},"branchMap":{},"s":{"0":4,"1":0,"2":4},"f":{"0":0},"b":{}},"E:\\Mini Project\\AWE\\DEV\\awe-backend\\src\\repositories\\refreshToken.repository.ts":{"path":"E:\\Mini Project\\AWE\\DEV\\awe-backend\\src\\repositories\\refreshToken.repository.ts","statementMap":{"0":{"start":{"line":1,"column":0},"end":{"line":1,"column":36}},"1":{"start":{"line":2,"column":0},"end":{"line":2,"column":63}},"2":{"start":{"line":6,"column":0},"end":{"line":6,"column":59}},"3":{"start":{"line":10,"column":13},"end":{"line":47,"column":2}},"4":{"start":{"line":15,"column":4},"end":{"line":19,"column":26}},"5":{"start":{"line":26,"column":4},"end":{"line":34,"column":5}},"6":{"start":{"line":27,"column":6},"end":{"line":31,"column":35}},"7":{"start":{"line":33,"column":6},"end":{"line":33,"column":68}},"8":{"start":{"line":38,"column":19},"end":{"line":41,"column":32}},"9":{"start":{"line":43,"column":4},"end":{"line":45,"column":5}},"10":{"start":{"line":44,"column":6},"end":{"line":44,"column":47}}},"fnMap":{"0":{"name":"(anonymous_0)","decl":{"start":{"line":11,"column":15},"end":{"line":11,"column":20}},"loc":{"start":{"line":14,"column":46},"end":{"line":20,"column":3}}},"1":{"name":"(anonymous_1)","decl":{"start":{"line":22,"column":10},"end":{"line":22,"column":15}},"loc":{"start":{"line":25,"column":34},"end":{"line":35,"column":3}}},"2":{"name":"(anonymous_2)","decl":{"start":{"line":37,"column":14},"end":{"line":37,"column":19}},"loc":{"start":{"line":37,"column":66},"end":{"line":46,"column":3}}}},"branchMap":{"0":{"loc":{"start":{"line":15,"column":18},"end":{"line":15,"column":35}},"type":"binary-expr","locations":[{"start":{"line":15,"column":18},"end":{"line":15,"column":29}},{"start":{"line":15,"column":33},"end":{"line":15,"column":35}}]},"1":{"loc":{"start":{"line":27,"column":20},"end":{"line":27,"column":37}},"type":"binary-expr","locations":[{"start":{"line":27,"column":20},"end":{"line":27,"column":31}},{"start":{"line":27,"column":35},"end":{"line":27,"column":37}}]},"2":{"loc":{"start":{"line":38,"column":26},"end":{"line":38,"column":43}},"type":"binary-expr","locations":[{"start":{"line":38,"column":26},"end":{"line":38,"column":37}},{"start":{"line":38,"column":41},"end":{"line":38,"column":43}}]},"3":{"loc":{"start":{"line":43,"column":4},"end":{"line":45,"column":5}},"type":"if","locations":[{"start":{"line":43,"column":4},"end":{"line":45,"column":5}},{"start":{},"end":{}}]}},"s":{"0":3,"1":3,"2":3,"3":3,"4":0,"5":0,"6":0,"7":0,"8":0,"9":0,"10":0},"f":{"0":0,"1":0,"2":0},"b":{"0":[0,0],"1":[0,0],"2":[0,0],"3":[0,0]}},"E:\\Mini Project\\AWE\\DEV\\awe-backend\\src\\middlewares\\auth.middleware.ts":{"path":"E:\\Mini Project\\AWE\\DEV\\awe-backend\\src\\middlewares\\auth.middleware.ts","statementMap":{"0":{"start":{"line":2,"column":0},"end":{"line":2,"column":51}},"1":{"start":{"line":4,"column":0},"end":{"line":4,"column":58}},"2":{"start":{"line":5,"column":0},"end":{"line":5,"column":62}},"3":{"start":{"line":15,"column":35},"end":{"line":42,"column":1}},"4":{"start":{"line":20,"column":21},"end":{"line":20,"column":46}},"5":{"start":{"line":21,"column":2},"end":{"line":23,"column":3}},"6":{"start":{"line":22,"column":4},"end":{"line":22,"column":26}},"7":{"start":{"line":25,"column":24},"end":{"line":25,"column":45}},"8":{"start":{"line":27,"column":2},"end":{"line":29,"column":3}},"9":{"start":{"line":28,"column":4},"end":{"line":28,"column":26}},"10":{"start":{"line":31,"column":2},"end":{"line":34,"column":3}},"11":{"start":{"line":32,"column":4},"end":{"line":32,"column":51}},"12":{"start":{"line":33,"column":4},"end":{"line":33,"column":18}},"13":{"start":{"line":36,"column":2},"end":{"line":39,"column":3}},"14":{"start":{"line":37,"column":4},"end":{"line":37,"column":59}},"15":{"start":{"line":38,"column":4},"end":{"line":38,"column":18}},"16":{"start":{"line":41,"column":2},"end":{"line":41,"column":24}},"17":{"start":{"line":15,"column":13},"end":{"line":15,"column":35}}},"fnMap":{"0":{"name":"(anonymous_0)","decl":{"start":{"line":15,"column":35},"end":{"line":15,"column":40}},"loc":{"start":{"line":19,"column":4},"end":{"line":42,"column":1}}}},"branchMap":{"0":{"loc":{"start":{"line":21,"column":2},"end":{"line":23,"column":3}},"type":"if","locations":[{"start":{"line":21,"column":2},"end":{"line":23,"column":3}},{"start":{},"end":{}}]},"1":{"loc":{"start":{"line":27,"column":2},"end":{"line":29,"column":3}},"type":"if","locations":[{"start":{"line":27,"column":2},"end":{"line":29,"column":3}},{"start":{},"end":{}}]},"2":{"loc":{"start":{"line":27,"column":6},"end":{"line":27,"column":21}},"type":"binary-expr","locations":[{"start":{"line":27,"column":6},"end":{"line":27,"column":11}},{"start":{"line":27,"column":15},"end":{"line":27,"column":21}}]},"3":{"loc":{"start":{"line":31,"column":2},"end":{"line":34,"column":3}},"type":"if","locations":[{"start":{"line":31,"column":2},"end":{"line":34,"column":3}},{"start":{},"end":{}}]},"4":{"loc":{"start":{"line":36,"column":2},"end":{"line":39,"column":3}},"type":"if","locations":[{"start":{"line":36,"column":2},"end":{"line":39,"column":3}},{"start":{},"end":{}}]}},"s":{"0":1,"1":1,"2":1,"3":1,"4":4,"5":4,"6":1,"7":3,"8":3,"9":1,"10":2,"11":1,"12":1,"13":1,"14":1,"15":1,"16":0,"17":1},"f":{"0":4},"b":{"0":[1,3],"1":[1,2],"2":[3,3],"3":[1,1],"4":[1,0]}},"E:\\Mini Project\\AWE\\DEV\\awe-backend\\src\\controllers\\auth.controller.ts":{"path":"E:\\Mini Project\\AWE\\DEV\\awe-backend\\src\\controllers\\auth.controller.ts","statementMap":{"0":{"start":{"line":2,"column":0},"end":{"line":2,"column":58}},"1":{"start":{"line":3,"column":0},"end":{"line":3,"column":24}},"2":{"start":{"line":5,"column":19},"end":{"line":8,"column":2}},"3":{"start":{"line":10,"column":19},"end":{"line":12,"column":2}},"4":{"start":{"line":14,"column":13},"end":{"line":47,"column":2}},"5":{"start":{"line":16,"column":32},"end":{"line":16,"column":58}},"6":{"start":{"line":19,"column":6},"end":{"line":19,"column":46}},"7":{"start":{"line":21,"column":4},"end":{"line":32,"column":7}},"8":{"start":{"line":36,"column":29},"end":{"line":36,"column":55}},"9":{"start":{"line":37,"column":4},"end":{"line":39,"column":7}},"10":{"start":{"line":43,"column":29},"end":{"line":43,"column":55}},"11":{"start":{"line":44,"column":4},"end":{"line":44,"column":43}},"12":{"start":{"line":45,"column":4},"end":{"line":45,"column":29}}},"fnMap":{"0":{"name":"(anonymous_0)","decl":{"start":{"line":15,"column":9},"end":{"line":15,"column":14}},"loc":{"start":{"line":15,"column":47},"end":{"line":33,"column":3}}},"1":{"name":"(anonymous_1)","decl":{"start":{"line":35,"column":11},"end":{"line":35,"column":16}},"loc":{"start":{"line":35,"column":49},"end":{"line":40,"column":3}}},"2":{"name":"(anonymous_2)","decl":{"start":{"line":42,"column":10},"end":{"line":42,"column":15}},"loc":{"start":{"line":42,"column":48},"end":{"line":46,"column":3}}}},"branchMap":{},"s":{"0":1,"1":1,"2":1,"3":1,"4":1,"5":1,"6":1,"7":1,"8":0,"9":0,"10":0,"11":0,"12":0},"f":{"0":1,"1":0,"2":0},"b":{}},"E:\\Mini Project\\AWE\\DEV\\awe-backend\\src\\controllers\\apiKey.controller.ts":{"path":"E:\\Mini Project\\AWE\\DEV\\awe-backend\\src\\controllers\\apiKey.controller.ts","statementMap":{"0":{"start":{"line":2,"column":0},"end":{"line":2,"column":62}},"1":{"start":{"line":3,"column":0},"end":{"line":3,"column":24}},"2":{"start":{"line":5,"column":22},"end":{"line":7,"column":2}},"3":{"start":{"line":9,"column":13},"end":{"line":50,"column":2}},"4":{"start":{"line":11,"column":20},"end":{"line":11,"column":57}},"5":{"start":{"line":13,"column":4},"end":{"line":23,"column":7}},"6":{"start":{"line":15,"column":8},"end":{"line":21,"column":10}},"7":{"start":{"line":27,"column":22},"end":{"line":27,"column":30}},"8":{"start":{"line":29,"column":31},"end":{"line":29,"column":78}},"9":{"start":{"line":31,"column":4},"end":{"line":36,"column":7}},"10":{"start":{"line":40,"column":19},"end":{"line":40,"column":50}},"11":{"start":{"line":41,"column":19},"end":{"line":41,"column":70}},"12":{"start":{"line":43,"column":4},"end":{"line":48,"column":7}}},"fnMap":{"0":{"name":"(anonymous_0)","decl":{"start":{"line":10,"column":8},"end":{"line":10,"column":13}},"loc":{"start":{"line":10,"column":46},"end":{"line":24,"column":3}}},"1":{"name":"(anonymous_1)","decl":{"start":{"line":14,"column":27},"end":{"line":14,"column":28}},"loc":{"start":{"line":14,"column":38},"end":{"line":22,"column":7}}},"2":{"name":"(anonymous_2)","decl":{"start":{"line":26,"column":12},"end":{"line":26,"column":17}},"loc":{"start":{"line":26,"column":50},"end":{"line":37,"column":3}}},"3":{"name":"(anonymous_3)","decl":{"start":{"line":39,"column":10},"end":{"line":39,"column":15}},"loc":{"start":{"line":39,"column":48},"end":{"line":49,"column":3}}}},"branchMap":{},"s":{"0":1,"1":1,"2":1,"3":1,"4":1,"5":1,"6":0,"7":1,"8":1,"9":1,"10":0,"11":0,"12":0},"f":{"0":1,"1":0,"2":1,"3":0},"b":{}},"E:\\Mini Project\\AWE\\DEV\\awe-backend\\src\\controllers\\system.controller.ts":{"path":"E:\\Mini Project\\AWE\\DEV\\awe-backend\\src\\controllers\\system.controller.ts","statementMap":{"0":{"start":{"line":2,"column":0},"end":{"line":2,"column":63}},"1":{"start":{"line":3,"column":0},"end":{"line":3,"column":24}},"2":{"start":{"line":5,"column":28},"end":{"line":11,"column":2}},"3":{"start":{"line":13,"column":13},"end":{"line":57,"column":2}},"4":{"start":{"line":15,"column":17},"end":{"line":15,"column":52}},"5":{"start":{"line":17,"column":6},"end":{"line":29,"column":8}},"6":{"start":{"line":31,"column":4},"end":{"line":40,"column":7}},"7":{"start":{"line":44,"column":4},"end":{"line":55,"column":7}}},"fnMap":{"0":{"name":"(anonymous_0)","decl":{"start":{"line":14,"column":12},"end":{"line":14,"column":17}},"loc":{"start":{"line":14,"column":50},"end":{"line":41,"column":3}}},"1":{"name":"(anonymous_1)","decl":{"start":{"line":43,"column":6},"end":{"line":43,"column":7}},"loc":{"start":{"line":43,"column":38},"end":{"line":56,"column":3}}}},"branchMap":{"0":{"loc":{"start":{"line":25,"column":14},"end":{"line":27,"column":12}},"type":"binary-expr","locations":[{"start":{"line":25,"column":14},"end":{"line":25,"column":44}},{"start":{"line":25,"column":48},"end":{"line":27,"column":12}}]}},"s":{"0":1,"1":1,"2":1,"3":1,"4":1,"5":1,"6":1,"7":0},"f":{"0":1,"1":0},"b":{"0":[1,0]}},"E:\\Mini Project\\AWE\\DEV\\awe-backend\\src\\services\\system.services.ts":{"path":"E:\\Mini Project\\AWE\\DEV\\awe-backend\\src\\services\\system.services.ts","statementMap":{"0":{"start":{"line":1,"column":0},"end":{"line":1,"column":72}},"1":{"start":{"line":2,"column":0},"end":{"line":2,"column":null}},"2":{"start":{"line":6,"column":0},"end":{"line":6,"column":53}},"3":{"start":{"line":7,"column":0},"end":{"line":7,"column":36}},"4":{"start":{"line":8,"column":0},"end":{"line":8,"column":82}},"5":{"start":{"line":26,"column":13},"end":{"line":58,"column":2}},"6":{"start":{"line":30,"column":4},"end":{"line":56,"column":7}},"7":{"start":{"line":31,"column":27},"end":{"line":33,"column":null}},"8":{"start":{"line":36,"column":21},"end":{"line":41,"column":null}},"9":{"start":{"line":44,"column":26},"end":{"line":49,"column":null}},"10":{"start":{"line":51,"column":6},"end":{"line":55,"column":8}}},"fnMap":{"0":{"name":"(anonymous_0)","decl":{"start":{"line":27,"column":20},"end":{"line":27,"column":25}},"loc":{"start":{"line":29,"column":45},"end":{"line":57,"column":3}}},"1":{"name":"(anonymous_1)","decl":{"start":{"line":30,"column":42},"end":{"line":30,"column":47}},"loc":{"start":{"line":30,"column":64},"end":{"line":56,"column":5}}}},"branchMap":{},"s":{"0":1,"1":1,"2":1,"3":1,"4":1,"5":1,"6":0,"7":0,"8":0,"9":0,"10":0},"f":{"0":0,"1":0},"b":{}},"E:\\Mini Project\\AWE\\DEV\\awe-backend\\src\\repositories\\system.repository.ts":{"path":"E:\\Mini Project\\AWE\\DEV\\awe-backend\\src\\repositories\\system.repository.ts","statementMap":{"0":{"start":{"line":1,"column":0},"end":{"line":1,"column":36}},"1":{"start":{"line":4,"column":0},"end":{"line":4,"column":63}},"2":{"start":{"line":10,"column":13},"end":{"line":74,"column":2}},"3":{"start":{"line":12,"column":4},"end":{"line":17,"column":26}},"4":{"start":{"line":24,"column":4},"end":{"line":29,"column":26}},"5":{"start":{"line":36,"column":4},"end":{"line":44,"column":5}},"6":{"start":{"line":37,"column":6},"end":{"line":41,"column":35}},"7":{"start":{"line":43,"column":6},"end":{"line":43,"column":61}},"8":{"start":{"line":52,"column":4},"end":{"line":54,"column":5}},"9":{"start":{"line":53,"column":6},"end":{"line":53,"column":18}},"10":{"start":{"line":56,"column":4},"end":{"line":62,"column":26}},"11":{"start":{"line":66,"column":4},"end":{"line":72,"column":26}}},"fnMap":{"0":{"name":"(anonymous_0)","decl":{"start":{"line":11,"column":12},"end":{"line":11,"column":17}},"loc":{"start":{"line":11,"column":64},"end":{"line":18,"column":3}}},"1":{"name":"(anonymous_1)","decl":{"start":{"line":20,"column":24},"end":{"line":20,"column":29}},"loc":{"start":{"line":23,"column":40},"end":{"line":30,"column":3}}},"2":{"name":"(anonymous_2)","decl":{"start":{"line":32,"column":10},"end":{"line":32,"column":15}},"loc":{"start":{"line":35,"column":28},"end":{"line":45,"column":3}}},"3":{"name":"(anonymous_3)","decl":{"start":{"line":47,"column":14},"end":{"line":47,"column":19}},"loc":{"start":{"line":51,"column":6},"end":{"line":63,"column":3}}},"4":{"name":"(anonymous_4)","decl":{"start":{"line":65,"column":14},"end":{"line":65,"column":19}},"loc":{"start":{"line":65,"column":66},"end":{"line":73,"column":3}}}},"branchMap":{"0":{"loc":{"start":{"line":12,"column":18},"end":{"line":12,"column":35}},"type":"binary-expr","locations":[{"start":{"line":12,"column":18},"end":{"line":12,"column":29}},{"start":{"line":12,"column":33},"end":{"line":12,"column":35}}]},"1":{"loc":{"start":{"line":24,"column":18},"end":{"line":24,"column":35}},"type":"binary-expr","locations":[{"start":{"line":24,"column":18},"end":{"line":24,"column":29}},{"start":{"line":24,"column":33},"end":{"line":24,"column":35}}]},"2":{"loc":{"start":{"line":37,"column":20},"end":{"line":37,"column":37}},"type":"binary-expr","locations":[{"start":{"line":37,"column":20},"end":{"line":37,"column":31}},{"start":{"line":37,"column":35},"end":{"line":37,"column":37}}]},"3":{"loc":{"start":{"line":52,"column":4},"end":{"line":54,"column":5}},"type":"if","locations":[{"start":{"line":52,"column":4},"end":{"line":54,"column":5}},{"start":{},"end":{}}]},"4":{"loc":{"start":{"line":56,"column":18},"end":{"line":56,"column":35}},"type":"binary-expr","locations":[{"start":{"line":56,"column":18},"end":{"line":56,"column":29}},{"start":{"line":56,"column":33},"end":{"line":56,"column":35}}]},"5":{"loc":{"start":{"line":66,"column":18},"end":{"line":66,"column":35}},"type":"binary-expr","locations":[{"start":{"line":66,"column":18},"end":{"line":66,"column":29}},{"start":{"line":66,"column":33},"end":{"line":66,"column":35}}]}},"s":{"0":1,"1":1,"2":1,"3":0,"4":0,"5":0,"6":0,"7":0,"8":0,"9":0,"10":0,"11":0},"f":{"0":0,"1":0,"2":0,"3":0,"4":0},"b":{"0":[0,0],"1":[0,0],"2":[0,0],"3":[0,0],"4":[0,0],"5":[0,0]}},"E:\\Mini Project\\AWE\\DEV\\awe-backend\\src\\services\\organization.services.ts":{"path":"E:\\Mini Project\\AWE\\DEV\\awe-backend\\src\\services\\organization.services.ts","statementMap":{"0":{"start":{"line":1,"column":0},"end":{"line":1,"column":28}},"1":{"start":{"line":2,"column":0},"end":{"line":2,"column":36}},"2":{"start":{"line":3,"column":0},"end":{"line":3,"column":47}},"3":{"start":{"line":4,"column":0},"end":{"line":4,"column":70}},"4":{"start":{"line":5,"column":0},"end":{"line":5,"column":84}},"5":{"start":{"line":16,"column":13},"end":{"line":50,"column":2}},"6":{"start":{"line":21,"column":25},"end":{"line":21,"column":57}},"7":{"start":{"line":23,"column":34},"end":{"line":40,"column":5}},"8":{"start":{"line":26,"column":20},"end":{"line":28,"column":null}},"9":{"start":{"line":31,"column":6},"end":{"line":39,"column":8}},"10":{"start":{"line":42,"column":4},"end":{"line":44,"column":5}},"11":{"start":{"line":43,"column":6},"end":{"line":43,"column":54}},"12":{"start":{"line":46,"column":4},"end":{"line":48,"column":74}},"13":{"start":{"line":48,"column":38},"end":{"line":48,"column":72}}},"fnMap":{"0":{"name":"(anonymous_1)","decl":{"start":{"line":17,"column":10},"end":{"line":17,"column":15}},"loc":{"start":{"line":20,"column":6},"end":{"line":49,"column":3}}},"1":{"name":"(anonymous_2)","decl":{"start":{"line":23,"column":34},"end":{"line":23,"column":39}},"loc":{"start":{"line":25,"column":36},"end":{"line":40,"column":5}}},"2":{"name":"(anonymous_3)","decl":{"start":{"line":48,"column":15},"end":{"line":48,"column":20}},"loc":{"start":{"line":48,"column":38},"end":{"line":48,"column":72}}}},"branchMap":{"0":{"loc":{"start":{"line":42,"column":4},"end":{"line":44,"column":5}},"type":"if","locations":[{"start":{"line":42,"column":4},"end":{"line":44,"column":5}},{"start":{},"end":{}}]}},"s":{"0":1,"1":1,"2":1,"3":1,"4":1,"5":1,"6":0,"7":0,"8":0,"9":0,"10":0,"11":0,"12":0,"13":0},"f":{"0":0,"1":0,"2":0},"b":{"0":[0,0]}},"E:\\Mini Project\\AWE\\DEV\\awe-backend\\src\\services\\task.service.ts":{"path":"E:\\Mini Project\\AWE\\DEV\\awe-backend\\src\\services\\task.service.ts","statementMap":{"0":{"start":{"line":2,"column":0},"end":{"line":2,"column":68}},"1":{"start":{"line":4,"column":13},"end":{"line":8,"column":2}},"2":{"start":{"line":6,"column":4},"end":{"line":6,"column":43}}},"fnMap":{"0":{"name":"(anonymous_0)","decl":{"start":{"line":5,"column":11},"end":{"line":5,"column":16}},"loc":{"start":{"line":5,"column":68},"end":{"line":7,"column":3}}}},"branchMap":{},"s":{"0":2,"1":2,"2":3},"f":{"0":3},"b":{}},"E:\\Mini Project\\AWE\\DEV\\awe-backend\\src\\controllers\\task.controller.ts":{"path":"E:\\Mini Project\\AWE\\DEV\\awe-backend\\src\\controllers\\task.controller.ts","statementMap":{"0":{"start":{"line":2,"column":0},"end":{"line":2,"column":58}},"1":{"start":{"line":3,"column":0},"end":{"line":3,"column":61}},"2":{"start":{"line":4,"column":0},"end":{"line":4,"column":59}},"3":{"start":{"line":6,"column":13},"end":{"line":13,"column":2}},"4":{"start":{"line":8,"column":23},"end":{"line":8,"column":57}},"5":{"start":{"line":9,"column":17},"end":{"line":9,"column":50}},"6":{"start":{"line":10,"column":4},"end":{"line":10,"column":47}},"7":{"start":{"line":10,"column":15},"end":{"line":10,"column":47}},"8":{"start":{"line":11,"column":4},"end":{"line":11,"column":30}}},"fnMap":{"0":{"name":"(anonymous_0)","decl":{"start":{"line":7,"column":11},"end":{"line":7,"column":16}},"loc":{"start":{"line":7,"column":49},"end":{"line":12,"column":3}}}},"branchMap":{"0":{"loc":{"start":{"line":10,"column":4},"end":{"line":10,"column":47}},"type":"if","locations":[{"start":{"line":10,"column":4},"end":{"line":10,"column":47}},{"start":{},"end":{}}]}},"s":{"0":1,"1":1,"2":1,"3":1,"4":5,"5":3,"6":2,"7":1,"8":1},"f":{"0":5},"b":{"0":[1,1]}},"E:\\Mini Project\\AWE\\DEV\\awe-backend\\src\\schemas\\task.schema.ts":{"path":"E:\\Mini Project\\AWE\\DEV\\awe-backend\\src\\schemas\\task.schema.ts","statementMap":{"0":{"start":{"line":1,"column":0},"end":{"line":1,"column":24}},"1":{"start":{"line":3,"column":13},"end":{"line":5,"column":3}}},"fnMap":{},"branchMap":{},"s":{"0":1,"1":1},"f":{},"b":{}}}}
